INFO: [HLS 200-10] Running '/home/cad/xilinx/Vivado-2019.1/Vivado/2019.1/bin/unwrapped/lnx64.o/vivado_hls'
INFO: [HLS 200-10] For user 'yasu' on host 'tachyon.am.ics.keio.ac.jp' (Linux_x86_64 version 4.18.0-301.1.el8.x86_64) on Sun Jun 06 19:29:19 JST 2021
INFO: [HLS 200-10] In directory '/home/asap_jupiter/yasu/workspace1/resnet50/hls'
Sourcing Tcl script '/home/asap_jupiter/yasu/workspace1/resnet50/hls/resnet50_0/solution1/export.tcl'
INFO: [HLS 200-10] Opening project '/home/asap_jupiter/yasu/workspace1/resnet50/hls/resnet50_0'.
INFO: [HLS 200-10] Opening solution '/home/asap_jupiter/yasu/workspace1/resnet50/hls/resnet50_0/solution1'.
INFO: [SYN 201-201] Setting up clock 'default' with a period of 10ns.
INFO: [HLS 200-10] Setting target device to 'xczu19eg-ffvc1760-2-i'
INFO: [IMPL 213-8] Exporting RTL as a Vivado IP.

****** Vivado v2019.1.3 (64-bit)
  **** SW Build 2644227 on Wed Sep  4 09:44:18 MDT 2019
  **** IP Build 2633630 on Wed Sep  4 12:30:14 MDT 2019
    ** Copyright 1986-2019 Xilinx, Inc. All Rights Reserved.

source run_ippack.tcl -notrace
INFO: [IP_Flow 19-234] Refreshing IP repositories
INFO: [IP_Flow 19-1704] No user IP repositories specified
INFO: [IP_Flow 19-2313] Loaded Vivado IP repository '/home/cad/xilinx/Vivado-2019.1/Vivado/2019.1/data/ip'.
WARNING: [IP_Flow 19-4832] The IP name 'resnet50_0_ap_fadd_2_full_dsp_32' you have specified is long. The Windows operating system has path length limitations. It is recommended you use shorter names to reduce the likelihood of issues.
INFO: [IP_Flow 19-1686] Generating 'Synthesis' target for IP 'resnet50_0_ap_fadd_2_full_dsp_32'...
INFO: [IP_Flow 19-1686] Generating 'Simulation' target for IP 'resnet50_0_ap_fadd_2_full_dsp_32'...
WARNING: [IP_Flow 19-4832] The IP name 'resnet50_0_ap_fcmp_0_no_dsp_32' you have specified is long. The Windows operating system has path length limitations. It is recommended you use shorter names to reduce the likelihood of issues.
INFO: [IP_Flow 19-1686] Generating 'Synthesis' target for IP 'resnet50_0_ap_fcmp_0_no_dsp_32'...
INFO: [IP_Flow 19-1686] Generating 'Simulation' target for IP 'resnet50_0_ap_fcmp_0_no_dsp_32'...
WARNING: [IP_Flow 19-4832] The IP name 'resnet50_0_ap_fdiv_6_no_dsp_32' you have specified is long. The Windows operating system has path length limitations. It is recommended you use shorter names to reduce the likelihood of issues.
INFO: [IP_Flow 19-1686] Generating 'Synthesis' target for IP 'resnet50_0_ap_fdiv_6_no_dsp_32'...
INFO: [IP_Flow 19-1686] Generating 'Simulation' target for IP 'resnet50_0_ap_fdiv_6_no_dsp_32'...
WARNING: [IP_Flow 19-4832] The IP name 'resnet50_0_ap_fmul_0_max_dsp_32' you have specified is long. The Windows operating system has path length limitations. It is recommended you use shorter names to reduce the likelihood of issues.
INFO: [IP_Flow 19-1686] Generating 'Synthesis' target for IP 'resnet50_0_ap_fmul_0_max_dsp_32'...
INFO: [IP_Flow 19-1686] Generating 'Simulation' target for IP 'resnet50_0_ap_fmul_0_max_dsp_32'...
WARNING: [IP_Flow 19-4832] The IP name 'resnet50_0_ap_sitofp_1_no_dsp_32' you have specified is long. The Windows operating system has path length limitations. It is recommended you use shorter names to reduce the likelihood of issues.
INFO: [IP_Flow 19-1686] Generating 'Synthesis' target for IP 'resnet50_0_ap_sitofp_1_no_dsp_32'...
INFO: [IP_Flow 19-1686] Generating 'Simulation' target for IP 'resnet50_0_ap_sitofp_1_no_dsp_32'...
INFO: [IP_Flow 19-234] Refreshing IP repositories
INFO: [IP_Flow 19-1704] No user IP repositories specified
INFO: [IP_Flow 19-2313] Loaded Vivado IP repository '/home/cad/xilinx/Vivado-2019.1/Vivado/2019.1/data/ip'.
INFO: [Common 17-206] Exiting Vivado at Sun Jun  6 19:29:40 2021...
