

================================================================
== Vivado HLS Report for 'dataflow_parent_loop_1'
================================================================
* Date:           Sun Jun  6 19:23:24 2021

* Version:        2019.1.3 (Build 2642998 on Wed Sep 04 10:25:22 MDT 2019)
* Project:        resnet50_0
* Solution:       solution1
* Product family: zynquplus
* Target device:  xczu19eg-ffvc1760-2-i


================================================================
== Performance Estimates
================================================================
+ Timing (ns): 
    * Summary: 
    +--------+-------+----------+------------+
    |  Clock | Target| Estimated| Uncertainty|
    +--------+-------+----------+------------+
    |ap_clk  |  10.00|     8.750|        1.25|
    +--------+-------+----------+------------+

+ Latency (clock cycles): 
    * Summary: 
    +------+--------+------+--------+---------+
    |    Latency    |    Interval   | Pipeline|
    |  min |   max  |  min |   max  |   Type  |
    +------+--------+------+--------+---------+
    |  6470|  911946|  6470|  911946|   none  |
    +------+--------+------+--------+---------+

    + Detail: 
        * Instance: 
        +---------------------------------+----------------------+------+------+------+------+----------+
        |                                 |                      |   Latency   |   Interval  | Pipeline |
        |             Instance            |        Module        |  min |  max |  min |  max |   Type   |
        +---------------------------------+----------------------+------+------+------+------+----------+
        |grp_dataflow_in_loop_Con_fu_126  |dataflow_in_loop_Con  |  3302|  3302|  3166|  3166| dataflow |
        +---------------------------------+----------------------+------+------+------+------+----------+

        * Loop: 
        +---------------+------+--------+----------+-----------+-----------+---------+----------+
        |               |    Latency    | Iteration|  Initiation Interval  |   Trip  |          |
        |   Loop Name   |  min |   max  |  Latency |  achieved |   target  |  Count  | Pipelined|
        +---------------+------+--------+----------+-----------+-----------+---------+----------+
        |- Convolution  |  6469|  911945|      3304|          -|          -| 2 ~ 288 |    no    |
        +---------------+------+--------+----------+-----------+-----------+---------+----------+

============================================================
+ Verbose Summary: Synthesis Manager
============================================================
InlineROM: 1
ExposeGlobal: 0
============================================================
+ Verbose Summary: CDFG Model
============================================================
IsTopModel: 0
ResetActiveHigh: 1
IsCombinational: 2
IsDatapathOnly: 0
HasWiredReturn: 1
HasMFsm: 0
HasVarLatency: 1
IsPipeline: 0
IsRtlPipelined: 0
IsInstanceOverlapped: 0
IsDontTouch: 0
HasImplIP: 0
IsGatedGlobalClock: 0


============================================================
+ Verbose Summary: Schedule
============================================================
* Number of FSM states : 3
* Pipeline : 0
* Dataflow Pipeline: 1
  DF-Pipeline-0: Size = 2, States = { 2 3 }

* FSM state transitions: 
1 --> 2 
2 --> 3 
3 --> 2 

* FSM state operations: 

State 1 <SV = 0> <Delay = 0.65>
ST_1 : Operation 4 [1/1] (0.00ns)   --->   "call void (...)* @_ssdm_op_SpecMemCore([25088 x i288]* %input_V, [1 x i8]* @p_str, [12 x i8]* @p_str41, [1 x i8]* @p_str, i32 -1, [1 x i8]* @p_str, [1 x i8]* @p_str, [1 x i8]* @p_str, [1 x i8]* @p_str, [1 x i8]* @p_str)"   --->   Operation 4 'specmemcore' <Predicate = true> <Delay = 0.00>
ST_1 : Operation 5 [1/1] (0.00ns)   --->   "call void (...)* @_ssdm_op_SpecMemCore([12544 x i1536]* @outbuf_V, [1 x i8]* @p_str, [12 x i8]* @p_str42, [1 x i8]* @p_str, i32 -1, [1 x i8]* @p_str, [1 x i8]* @p_str, [1 x i8]* @p_str, [1 x i8]* @p_str, [1 x i8]* @p_str)"   --->   Operation 5 'specmemcore' <Predicate = true> <Delay = 0.00>
ST_1 : Operation 6 [1/1] (0.00ns)   --->   "call void (...)* @_ssdm_op_SpecInterface(i128* %ddr_V, [6 x i8]* @p_str39, i32 0, i32 0, [1 x i8]* @p_str, i32 0, i32 1024, [1 x i8]* @p_str, [1 x i8]* @p_str, [1 x i8]* @p_str, i32 16, i32 16, i32 16, i32 16, [1 x i8]* @p_str, [1 x i8]* @p_str)"   --->   Operation 6 'specinterface' <Predicate = true> <Delay = 0.00>
ST_1 : Operation 7 [1/1] (0.00ns)   --->   "%K_read = call i2 @_ssdm_op_Read.ap_auto.i2(i2 %K)" [resnet50_0.cpp:191]   --->   Operation 7 'read' 'K_read' <Predicate = true> <Delay = 0.00>
ST_1 : Operation 8 [1/1] (0.00ns)   --->   "%P_read = call i1 @_ssdm_op_Read.ap_auto.i1(i1 %P)" [resnet50_0.cpp:191]   --->   Operation 8 'read' 'P_read' <Predicate = true> <Delay = 0.00>
ST_1 : Operation 9 [1/1] (0.00ns)   --->   "%TI_read = call i4 @_ssdm_op_Read.ap_auto.i4(i4 %TI)" [resnet50_0.cpp:191]   --->   Operation 9 'read' 'TI_read' <Predicate = true> <Delay = 0.00>
ST_1 : Operation 10 [1/1] (0.00ns)   --->   "%TO_read = call i3 @_ssdm_op_Read.ap_auto.i3(i3 %TO_r)" [resnet50_0.cpp:191]   --->   Operation 10 'read' 'TO_read' <Predicate = true> <Delay = 0.00>
ST_1 : Operation 11 [1/1] (0.00ns)   --->   "%OFFSET_read = call i18 @_ssdm_op_Read.ap_auto.i18(i18 %OFFSET)" [resnet50_0.cpp:191]   --->   Operation 11 'read' 'OFFSET_read' <Predicate = true> <Delay = 0.00>
ST_1 : Operation 12 [1/1] (0.00ns)   --->   "%mul_ln189_2_read = call i17 @_ssdm_op_Read.ap_auto.i17(i17 %mul_ln189_2)" [resnet50_0.cpp:191]   --->   Operation 12 'read' 'mul_ln189_2_read' <Predicate = true> <Delay = 0.00>
ST_1 : Operation 13 [1/1] (0.00ns)   --->   "%trunc_ln191 = trunc i17 %mul_ln189_2_read to i10" [resnet50_0.cpp:191]   --->   Operation 13 'trunc' 'trunc_ln191' <Predicate = true> <Delay = 0.00>
ST_1 : Operation 14 [1/1] (0.65ns)   --->   "br label %0"   --->   Operation 14 'br' <Predicate = true> <Delay = 0.65>

State 2 <SV = 1> <Delay = 1.83>
ST_2 : Operation 15 [1/1] (0.00ns)   --->   "%l_0 = phi i9 [ 0, %newFuncRoot ], [ %l, %Convolution ]"   --->   Operation 15 'phi' 'l_0' <Predicate = true> <Delay = 0.00>
ST_2 : Operation 16 [1/1] (0.00ns)   --->   "%zext_ln191 = zext i9 %l_0 to i10" [resnet50_0.cpp:191]   --->   Operation 16 'zext' 'zext_ln191' <Predicate = true> <Delay = 0.00>
ST_2 : Operation 17 [1/1] (0.91ns)   --->   "%icmp_ln191 = icmp slt i10 %zext_ln191, %trunc_ln191" [resnet50_0.cpp:191]   --->   Operation 17 'icmp' 'icmp_ln191' <Predicate = true> <Delay = 0.91> <Core = "Cmp">   --->   Core 25 'Cmp' <Latency = 0> <II = 1> <Delay = 0.91> <FuncUnit> <Opcode : 'icmp'> <InPorts = 2> <OutPorts = 1>
ST_2 : Operation 18 [1/1] (0.00ns)   --->   "call void (...)* @_ssdm_op_SpecDataflowPipeline(i32 -1, i32 0, [21 x i8]* @dataflow_parent_loop, i9 %l_0, i17 %mul_ln189_2)" [resnet50_0.cpp:191]   --->   Operation 18 'specdataflowpipeline' <Predicate = true> <Delay = 0.00>
ST_2 : Operation 19 [1/1] (0.00ns)   --->   "call void (...)* @_ssdm_op_SpecLoopTripCount(i64 2, i64 288, i64 0)"   --->   Operation 19 'speclooptripcount' <Predicate = true> <Delay = 0.00>
ST_2 : Operation 20 [1/1] (0.77ns)   --->   "%l = add i9 %l_0, 1" [resnet50_0.cpp:191]   --->   Operation 20 'add' 'l' <Predicate = true> <Delay = 0.77> <Core = "AddSub">   --->   Core 14 'AddSub' <Latency = 0> <II = 1> <Delay = 0.77> <FuncUnit> <Opcode : 'add' 'sub'> <InPorts = 2> <OutPorts = 1>
ST_2 : Operation 21 [1/1] (0.00ns)   --->   "br i1 %icmp_ln191, label %Convolution, label %.exitStub" [resnet50_0.cpp:191]   --->   Operation 21 'br' <Predicate = true> <Delay = 0.00>
ST_2 : Operation 22 [2/2] (1.83ns)   --->   "call fastcc void @dataflow_in_loop_Con(i128* %ddr_V, i9 %l_0, i18 %OFFSET_read, [25088 x i288]* %input_V, i3 %TO_read, i4 %TI_read, i1 %P_read, i2 %K_read)" [resnet50_0.cpp:191]   --->   Operation 22 'call' <Predicate = (icmp_ln191)> <Delay = 1.83> <CoreType = "Generic">   --->   Core 0 '' <Latency = 0> <II = 1> <Delay = 1.00> <Generic> <Opcode : >
ST_2 : Operation 23 [1/1] (0.00ns)   --->   "ret void"   --->   Operation 23 'ret' <Predicate = (!icmp_ln191)> <Delay = 0.00>

State 3 <SV = 2> <Delay = 0.00>
ST_3 : Operation 24 [1/1] (0.00ns)   --->   "call void (...)* @_ssdm_op_SpecLoopName([12 x i8]* @p_str20) nounwind" [resnet50_0.cpp:191]   --->   Operation 24 'specloopname' <Predicate = (icmp_ln191)> <Delay = 0.00>
ST_3 : Operation 25 [1/1] (0.00ns)   --->   "%tmp = call i32 (...)* @_ssdm_op_SpecRegionBegin([12 x i8]* @p_str20)" [resnet50_0.cpp:191]   --->   Operation 25 'specregionbegin' 'tmp' <Predicate = (icmp_ln191)> <Delay = 0.00>
ST_3 : Operation 26 [1/1] (0.00ns)   --->   "call void (...)* @_ssdm_op_SpecStableContent([25088 x i288]* %input_V) nounwind"   --->   Operation 26 'specstablecontent' <Predicate = (icmp_ln191)> <Delay = 0.00>
ST_3 : Operation 27 [1/1] (0.00ns)   --->   "call void (...)* @_ssdm_op_SpecStableContent([12544 x i1536]* @outbuf_V) nounwind"   --->   Operation 27 'specstablecontent' <Predicate = (icmp_ln191)> <Delay = 0.00>
ST_3 : Operation 28 [1/2] (0.00ns)   --->   "call fastcc void @dataflow_in_loop_Con(i128* %ddr_V, i9 %l_0, i18 %OFFSET_read, [25088 x i288]* %input_V, i3 %TO_read, i4 %TI_read, i1 %P_read, i2 %K_read)" [resnet50_0.cpp:191]   --->   Operation 28 'call' <Predicate = (icmp_ln191)> <Delay = 0.00> <CoreType = "Generic">   --->   Core 0 '' <Latency = 0> <II = 1> <Delay = 1.00> <Generic> <Opcode : >
ST_3 : Operation 29 [1/1] (0.00ns)   --->   "%empty = call i32 (...)* @_ssdm_op_SpecRegionEnd([12 x i8]* @p_str20, i32 %tmp)" [resnet50_0.cpp:206]   --->   Operation 29 'specregionend' 'empty' <Predicate = (icmp_ln191)> <Delay = 0.00>
ST_3 : Operation 30 [1/1] (0.00ns)   --->   "br label %0" [resnet50_0.cpp:191]   --->   Operation 30 'br' <Predicate = (icmp_ln191)> <Delay = 0.00>


============================================================
+ Verbose Summary: Binding
============================================================
STG Binding: 
---------------- STG Properties BEGIN ----------------
- Is combinational: 0
- Is one-state seq: 0
- Is datapath-only: 0
- Is pipelined: 0
- Is top level: 0
Port [ Return ] is wired: 1; IO mode=ap_ctrl_hs:ce=0
Port [ mul_ln189_2]:  wired=1; compound=0; hidden=0; nouse=0; global=0; static=0; extern=0; dir=0; type=0; pingpong=0; private_global=0; IO mode=ap_none:ce=0
Port [ input_V]:  wired=1; compound=1; hidden=0; nouse=0; global=0; static=0; extern=0; dir=0; type=1; pingpong=0; private_global=0; MemPort=[13]; IO mode=ap_memory:ce=0
Port [ ddr_V]:  wired=1; compound=1; hidden=0; nouse=0; global=0; static=0; extern=0; dir=0; type=4; pingpong=0; private_global=0; IO mode=m_axi:ce=0
Port [ OFFSET]:  wired=1; compound=0; hidden=0; nouse=0; global=0; static=0; extern=0; dir=0; type=0; pingpong=0; private_global=0; IO mode=ap_none:ce=0
Port [ TO_r]:  wired=1; compound=0; hidden=0; nouse=0; global=0; static=0; extern=0; dir=0; type=0; pingpong=0; private_global=0; IO mode=ap_none:ce=0
Port [ TI]:  wired=1; compound=0; hidden=0; nouse=0; global=0; static=0; extern=0; dir=0; type=0; pingpong=0; private_global=0; IO mode=ap_none:ce=0
Port [ P]:  wired=1; compound=0; hidden=0; nouse=0; global=0; static=0; extern=0; dir=0; type=0; pingpong=0; private_global=0; IO mode=ap_none:ce=0
Port [ K]:  wired=1; compound=0; hidden=0; nouse=0; global=0; static=0; extern=0; dir=0; type=0; pingpong=0; private_global=0; IO mode=ap_none:ce=0
Port [ outbuf_V]:  wired=1; compound=1; hidden=0; nouse=0; global=1; static=1; extern=0; dir=2; type=1; pingpong=0; private_global=0; linkage=7; visibility=0; MemPort=[10]; IO mode=ap_memory:ce=0
---------------- STG Properties END ------------------

---------------- Datapath Model BEGIN ----------------

<LifeTime>
<method=bitvector/>
specmemcore_ln0            (specmemcore         ) [ 0000]
specmemcore_ln0            (specmemcore         ) [ 0000]
specinterface_ln0          (specinterface       ) [ 0000]
K_read                     (read                ) [ 0011]
P_read                     (read                ) [ 0011]
TI_read                    (read                ) [ 0011]
TO_read                    (read                ) [ 0011]
OFFSET_read                (read                ) [ 0011]
mul_ln189_2_read           (read                ) [ 0000]
trunc_ln191                (trunc               ) [ 0011]
br_ln0                     (br                  ) [ 0111]
l_0                        (phi                 ) [ 0011]
zext_ln191                 (zext                ) [ 0000]
icmp_ln191                 (icmp                ) [ 0011]
specdataflowpipeline_ln191 (specdataflowpipeline) [ 0000]
speclooptripcount_ln0      (speclooptripcount   ) [ 0000]
l                          (add                 ) [ 0111]
br_ln191                   (br                  ) [ 0000]
ret_ln0                    (ret                 ) [ 0000]
specloopname_ln191         (specloopname        ) [ 0000]
tmp                        (specregionbegin     ) [ 0000]
specstablecontent_ln0      (specstablecontent   ) [ 0000]
specstablecontent_ln0      (specstablecontent   ) [ 0000]
call_ln191                 (call                ) [ 0000]
empty                      (specregionend       ) [ 0000]
br_ln191                   (br                  ) [ 0111]
</LifeTime>

<model>

<comp_list>
<comp id="0" class="1000" name="mul_ln189_2">
<pin_list>
<pin id="1" dir="1" index="0" bw="1" slack="0"/>
</pin_list>
<bind>
<StgValue><ssdm name="mul_ln189_2"/></StgValue>
</bind>
</comp>

<comp id="2" class="1000" name="input_V">
<pin_list>
<pin id="3" dir="1" index="0" bw="1" slack="0"/>
</pin_list>
<bind>
<StgValue><ssdm name="input_V"/><MemPortTyVec>1 3 </MemPortTyVec>
</StgValue>
</bind>
</comp>

<comp id="4" class="1000" name="ddr_V">
<pin_list>
<pin id="5" dir="1" index="0" bw="1" slack="0"/>
</pin_list>
<bind>
<StgValue><ssdm name="ddr_V"/></StgValue>
</bind>
</comp>

<comp id="6" class="1000" name="OFFSET">
<pin_list>
<pin id="7" dir="1" index="0" bw="1" slack="0"/>
</pin_list>
<bind>
<StgValue><ssdm name="OFFSET"/></StgValue>
</bind>
</comp>

<comp id="8" class="1000" name="TO_r">
<pin_list>
<pin id="9" dir="1" index="0" bw="1" slack="0"/>
</pin_list>
<bind>
<StgValue><ssdm name="TO_r"/></StgValue>
</bind>
</comp>

<comp id="10" class="1000" name="TI">
<pin_list>
<pin id="11" dir="1" index="0" bw="1" slack="0"/>
</pin_list>
<bind>
<StgValue><ssdm name="TI"/></StgValue>
</bind>
</comp>

<comp id="12" class="1000" name="P">
<pin_list>
<pin id="13" dir="1" index="0" bw="1" slack="0"/>
</pin_list>
<bind>
<StgValue><ssdm name="P"/></StgValue>
</bind>
</comp>

<comp id="14" class="1000" name="K">
<pin_list>
<pin id="15" dir="1" index="0" bw="1" slack="0"/>
</pin_list>
<bind>
<StgValue><ssdm name="K"/></StgValue>
</bind>
</comp>

<comp id="16" class="1000" name="outbuf_V">
<pin_list>
<pin id="17" dir="1" index="0" bw="1" slack="0"/>
</pin_list>
<bind>
<StgValue><ssdm name="outbuf_V"/><MemPortTyVec>1 0 </MemPortTyVec>
</StgValue>
</bind>
</comp>

<comp id="18" class="1001" name="const_18">
<pin_list>
<pin id="19" dir="1" index="0" bw="1" slack="2147483647"/>
</pin_list>
<bind>
<StgValue><ssdm name="_ssdm_op_SpecMemCore"/></StgValue>
</bind>
</comp>

<comp id="20" class="1001" name="const_20">
<pin_list>
<pin id="21" dir="1" index="0" bw="1" slack="2147483647"/>
</pin_list>
<bind>
<StgValue><ssdm name="p_str"/></StgValue>
</bind>
</comp>

<comp id="22" class="1001" name="const_22">
<pin_list>
<pin id="23" dir="1" index="0" bw="1" slack="2147483647"/>
</pin_list>
<bind>
<StgValue><ssdm name="p_str41"/></StgValue>
</bind>
</comp>

<comp id="24" class="1001" name="const_24">
<pin_list>
<pin id="25" dir="1" index="0" bw="1" slack="2147483647"/>
</pin_list>
<bind>
<StgValue><ssdm name=""/></StgValue>
</bind>
</comp>

<comp id="26" class="1001" name="const_26">
<pin_list>
<pin id="27" dir="1" index="0" bw="1" slack="2147483647"/>
</pin_list>
<bind>
<StgValue><ssdm name="p_str42"/></StgValue>
</bind>
</comp>

<comp id="28" class="1001" name="const_28">
<pin_list>
<pin id="29" dir="1" index="0" bw="1" slack="2147483647"/>
</pin_list>
<bind>
<StgValue><ssdm name="_ssdm_op_SpecInterface"/></StgValue>
</bind>
</comp>

<comp id="30" class="1001" name="const_30">
<pin_list>
<pin id="31" dir="1" index="0" bw="1" slack="2147483647"/>
</pin_list>
<bind>
<StgValue><ssdm name="p_str39"/></StgValue>
</bind>
</comp>

<comp id="32" class="1001" name="const_32">
<pin_list>
<pin id="33" dir="1" index="0" bw="1" slack="2147483647"/>
</pin_list>
<bind>
<StgValue><ssdm name=""/></StgValue>
</bind>
</comp>

<comp id="34" class="1001" name="const_34">
<pin_list>
<pin id="35" dir="1" index="0" bw="1" slack="2147483647"/>
</pin_list>
<bind>
<StgValue><ssdm name=""/></StgValue>
</bind>
</comp>

<comp id="36" class="1001" name="const_36">
<pin_list>
<pin id="37" dir="1" index="0" bw="1" slack="2147483647"/>
</pin_list>
<bind>
<StgValue><ssdm name=""/></StgValue>
</bind>
</comp>

<comp id="38" class="1001" name="const_38">
<pin_list>
<pin id="39" dir="1" index="0" bw="1" slack="0"/>
</pin_list>
<bind>
<StgValue><ssdm name="_ssdm_op_Read.ap_auto.i2"/></StgValue>
</bind>
</comp>

<comp id="40" class="1001" name="const_40">
<pin_list>
<pin id="41" dir="1" index="0" bw="1" slack="0"/>
</pin_list>
<bind>
<StgValue><ssdm name="_ssdm_op_Read.ap_auto.i1"/></StgValue>
</bind>
</comp>

<comp id="42" class="1001" name="const_42">
<pin_list>
<pin id="43" dir="1" index="0" bw="1" slack="0"/>
</pin_list>
<bind>
<StgValue><ssdm name="_ssdm_op_Read.ap_auto.i4"/></StgValue>
</bind>
</comp>

<comp id="44" class="1001" name="const_44">
<pin_list>
<pin id="45" dir="1" index="0" bw="1" slack="0"/>
</pin_list>
<bind>
<StgValue><ssdm name="_ssdm_op_Read.ap_auto.i3"/></StgValue>
</bind>
</comp>

<comp id="46" class="1001" name="const_46">
<pin_list>
<pin id="47" dir="1" index="0" bw="1" slack="0"/>
</pin_list>
<bind>
<StgValue><ssdm name="_ssdm_op_Read.ap_auto.i18"/></StgValue>
</bind>
</comp>

<comp id="48" class="1001" name="const_48">
<pin_list>
<pin id="49" dir="1" index="0" bw="1" slack="0"/>
</pin_list>
<bind>
<StgValue><ssdm name="_ssdm_op_Read.ap_auto.i17"/></StgValue>
</bind>
</comp>

<comp id="50" class="1001" name="const_50">
<pin_list>
<pin id="51" dir="1" index="0" bw="1" slack="1"/>
</pin_list>
<bind>
<StgValue><ssdm name=""/></StgValue>
</bind>
</comp>

<comp id="52" class="1001" name="const_52">
<pin_list>
<pin id="53" dir="1" index="0" bw="1" slack="2147483647"/>
</pin_list>
<bind>
<StgValue><ssdm name="_ssdm_op_SpecDataflowPipeline"/></StgValue>
</bind>
</comp>

<comp id="54" class="1001" name="const_54">
<pin_list>
<pin id="55" dir="1" index="0" bw="1" slack="2147483647"/>
</pin_list>
<bind>
<StgValue><ssdm name="dataflow_parent_loop"/></StgValue>
</bind>
</comp>

<comp id="56" class="1001" name="const_56">
<pin_list>
<pin id="57" dir="1" index="0" bw="1" slack="2147483647"/>
</pin_list>
<bind>
<StgValue><ssdm name="_ssdm_op_SpecLoopTripCount"/></StgValue>
</bind>
</comp>

<comp id="58" class="1001" name="const_58">
<pin_list>
<pin id="59" dir="1" index="0" bw="1" slack="2147483647"/>
</pin_list>
<bind>
<StgValue><ssdm name=""/></StgValue>
</bind>
</comp>

<comp id="60" class="1001" name="const_60">
<pin_list>
<pin id="61" dir="1" index="0" bw="1" slack="2147483647"/>
</pin_list>
<bind>
<StgValue><ssdm name=""/></StgValue>
</bind>
</comp>

<comp id="62" class="1001" name="const_62">
<pin_list>
<pin id="63" dir="1" index="0" bw="1" slack="2147483647"/>
</pin_list>
<bind>
<StgValue><ssdm name=""/></StgValue>
</bind>
</comp>

<comp id="64" class="1001" name="const_64">
<pin_list>
<pin id="65" dir="1" index="0" bw="1" slack="0"/>
</pin_list>
<bind>
<StgValue><ssdm name=""/></StgValue>
</bind>
</comp>

<comp id="66" class="1001" name="const_66">
<pin_list>
<pin id="67" dir="1" index="0" bw="1" slack="0"/>
</pin_list>
<bind>
<StgValue><ssdm name="dataflow_in_loop_Con"/></StgValue>
</bind>
</comp>

<comp id="68" class="1001" name="const_68">
<pin_list>
<pin id="69" dir="1" index="0" bw="1" slack="2147483647"/>
</pin_list>
<bind>
<StgValue><ssdm name="_ssdm_op_SpecLoopName"/></StgValue>
</bind>
</comp>

<comp id="70" class="1001" name="const_70">
<pin_list>
<pin id="71" dir="1" index="0" bw="1" slack="2147483647"/>
</pin_list>
<bind>
<StgValue><ssdm name="p_str20"/></StgValue>
</bind>
</comp>

<comp id="72" class="1001" name="const_72">
<pin_list>
<pin id="73" dir="1" index="0" bw="1" slack="2147483647"/>
</pin_list>
<bind>
<StgValue><ssdm name="_ssdm_op_SpecRegionBegin"/></StgValue>
</bind>
</comp>

<comp id="74" class="1001" name="const_74">
<pin_list>
<pin id="75" dir="1" index="0" bw="1" slack="2147483647"/>
</pin_list>
<bind>
<StgValue><ssdm name="_ssdm_op_SpecStableContent"/></StgValue>
</bind>
</comp>

<comp id="76" class="1001" name="const_76">
<pin_list>
<pin id="77" dir="1" index="0" bw="1" slack="2147483647"/>
</pin_list>
<bind>
<StgValue><ssdm name="_ssdm_op_SpecRegionEnd"/></StgValue>
</bind>
</comp>

<comp id="78" class="1004" name="K_read_read_fu_78">
<pin_list>
<pin id="79" dir="0" index="0" bw="2" slack="0"/>
<pin id="80" dir="0" index="1" bw="2" slack="0"/>
<pin id="81" dir="1" index="2" bw="2" slack="1"/>
</pin_list>
<bind>
<opcode="read(1150) " fcode="read"/>
<opset="K_read/1 "/>
</bind>
</comp>

<comp id="84" class="1004" name="P_read_read_fu_84">
<pin_list>
<pin id="85" dir="0" index="0" bw="1" slack="0"/>
<pin id="86" dir="0" index="1" bw="1" slack="0"/>
<pin id="87" dir="1" index="2" bw="1" slack="1"/>
</pin_list>
<bind>
<opcode="read(1150) " fcode="read"/>
<opset="P_read/1 "/>
</bind>
</comp>

<comp id="90" class="1004" name="TI_read_read_fu_90">
<pin_list>
<pin id="91" dir="0" index="0" bw="4" slack="0"/>
<pin id="92" dir="0" index="1" bw="4" slack="0"/>
<pin id="93" dir="1" index="2" bw="4" slack="1"/>
</pin_list>
<bind>
<opcode="read(1150) " fcode="read"/>
<opset="TI_read/1 "/>
</bind>
</comp>

<comp id="96" class="1004" name="TO_read_read_fu_96">
<pin_list>
<pin id="97" dir="0" index="0" bw="3" slack="0"/>
<pin id="98" dir="0" index="1" bw="3" slack="0"/>
<pin id="99" dir="1" index="2" bw="3" slack="1"/>
</pin_list>
<bind>
<opcode="read(1150) " fcode="read"/>
<opset="TO_read/1 "/>
</bind>
</comp>

<comp id="102" class="1004" name="OFFSET_read_read_fu_102">
<pin_list>
<pin id="103" dir="0" index="0" bw="18" slack="0"/>
<pin id="104" dir="0" index="1" bw="18" slack="0"/>
<pin id="105" dir="1" index="2" bw="18" slack="1"/>
</pin_list>
<bind>
<opcode="read(1150) " fcode="read"/>
<opset="OFFSET_read/1 "/>
</bind>
</comp>

<comp id="108" class="1004" name="mul_ln189_2_read_read_fu_108">
<pin_list>
<pin id="109" dir="0" index="0" bw="17" slack="0"/>
<pin id="110" dir="0" index="1" bw="17" slack="0"/>
<pin id="111" dir="1" index="2" bw="17" slack="0"/>
</pin_list>
<bind>
<opcode="read(1150) " fcode="read"/>
<opset="mul_ln189_2_read/1 "/>
</bind>
</comp>

<comp id="114" class="1005" name="l_0_reg_114">
<pin_list>
<pin id="115" dir="0" index="0" bw="9" slack="1"/>
<pin id="116" dir="1" index="1" bw="9" slack="1"/>
</pin_list>
<bind>
<opset="l_0 (phireg) "/>
</bind>
</comp>

<comp id="118" class="1004" name="l_0_phi_fu_118">
<pin_list>
<pin id="119" dir="0" index="0" bw="1" slack="1"/>
<pin id="120" dir="0" index="1" bw="0" slack="2147483647"/>
<pin id="121" dir="0" index="2" bw="9" slack="0"/>
<pin id="122" dir="0" index="3" bw="0" slack="2147483647"/>
<pin id="123" dir="1" index="4" bw="9" slack="0"/>
</pin_list>
<bind>
<opcode="phi(47) " fcode="phi"/>
<opset="l_0/2 "/>
</bind>
</comp>

<comp id="126" class="1004" name="grp_dataflow_in_loop_Con_fu_126">
<pin_list>
<pin id="127" dir="0" index="0" bw="0" slack="0"/>
<pin id="128" dir="0" index="1" bw="128" slack="0"/>
<pin id="129" dir="0" index="2" bw="9" slack="0"/>
<pin id="130" dir="0" index="3" bw="18" slack="1"/>
<pin id="131" dir="0" index="4" bw="288" slack="0"/>
<pin id="132" dir="0" index="5" bw="3" slack="1"/>
<pin id="133" dir="0" index="6" bw="4" slack="1"/>
<pin id="134" dir="0" index="7" bw="1" slack="1"/>
<pin id="135" dir="0" index="8" bw="2" slack="1"/>
<pin id="136" dir="0" index="9" bw="1536" slack="0"/>
<pin id="137" dir="1" index="10" bw="0" slack="2147483647"/>
</pin_list>
<bind>
<opcode="call(48) " fcode="call"/>
<opset="call_ln191/2 "/>
</bind>
</comp>

<comp id="143" class="1004" name="trunc_ln191_fu_143">
<pin_list>
<pin id="144" dir="0" index="0" bw="17" slack="0"/>
<pin id="145" dir="1" index="1" bw="10" slack="1"/>
</pin_list>
<bind>
<opcode="trunc(33) " fcode="trunc"/>
<opset="trunc_ln191/1 "/>
</bind>
</comp>

<comp id="147" class="1004" name="zext_ln191_fu_147">
<pin_list>
<pin id="148" dir="0" index="0" bw="9" slack="0"/>
<pin id="149" dir="1" index="1" bw="10" slack="0"/>
</pin_list>
<bind>
<opcode="zext(34) " fcode="zext"/>
<opset="zext_ln191/2 "/>
</bind>
</comp>

<comp id="151" class="1004" name="icmp_ln191_fu_151">
<pin_list>
<pin id="152" dir="0" index="0" bw="9" slack="0"/>
<pin id="153" dir="0" index="1" bw="10" slack="1"/>
<pin id="154" dir="1" index="2" bw="1" slack="1"/>
</pin_list>
<bind>
<opcode="icmp(45) " fcode="icmp"/>
<opset="icmp_ln191/2 "/>
</bind>
</comp>

<comp id="156" class="1004" name="l_fu_156">
<pin_list>
<pin id="157" dir="0" index="0" bw="9" slack="0"/>
<pin id="158" dir="0" index="1" bw="1" slack="0"/>
<pin id="159" dir="1" index="2" bw="9" slack="0"/>
</pin_list>
<bind>
<opcode="add(8) " fcode="add"/>
<opset="l/2 "/>
</bind>
</comp>

<comp id="162" class="1005" name="K_read_reg_162">
<pin_list>
<pin id="163" dir="0" index="0" bw="2" slack="1"/>
<pin id="164" dir="1" index="1" bw="2" slack="1"/>
</pin_list>
<bind>
<opset="K_read "/>
</bind>
</comp>

<comp id="167" class="1005" name="P_read_reg_167">
<pin_list>
<pin id="168" dir="0" index="0" bw="1" slack="1"/>
<pin id="169" dir="1" index="1" bw="1" slack="1"/>
</pin_list>
<bind>
<opset="P_read "/>
</bind>
</comp>

<comp id="172" class="1005" name="TI_read_reg_172">
<pin_list>
<pin id="173" dir="0" index="0" bw="4" slack="1"/>
<pin id="174" dir="1" index="1" bw="4" slack="1"/>
</pin_list>
<bind>
<opset="TI_read "/>
</bind>
</comp>

<comp id="177" class="1005" name="TO_read_reg_177">
<pin_list>
<pin id="178" dir="0" index="0" bw="3" slack="1"/>
<pin id="179" dir="1" index="1" bw="3" slack="1"/>
</pin_list>
<bind>
<opset="TO_read "/>
</bind>
</comp>

<comp id="182" class="1005" name="OFFSET_read_reg_182">
<pin_list>
<pin id="183" dir="0" index="0" bw="18" slack="1"/>
<pin id="184" dir="1" index="1" bw="18" slack="1"/>
</pin_list>
<bind>
<opset="OFFSET_read "/>
</bind>
</comp>

<comp id="187" class="1005" name="trunc_ln191_reg_187">
<pin_list>
<pin id="188" dir="0" index="0" bw="10" slack="1"/>
<pin id="189" dir="1" index="1" bw="10" slack="1"/>
</pin_list>
<bind>
<opset="trunc_ln191 "/>
</bind>
</comp>

<comp id="192" class="1005" name="icmp_ln191_reg_192">
<pin_list>
<pin id="193" dir="0" index="0" bw="1" slack="1"/>
<pin id="194" dir="1" index="1" bw="1" slack="2147483647"/>
</pin_list>
<bind>
<opset="icmp_ln191 "/>
</bind>
</comp>

<comp id="196" class="1005" name="l_reg_196">
<pin_list>
<pin id="197" dir="0" index="0" bw="9" slack="0"/>
<pin id="198" dir="1" index="1" bw="9" slack="0"/>
</pin_list>
<bind>
<opset="l "/>
</bind>
</comp>

</comp_list>

<net_list>
<net id="82"><net_src comp="38" pin="0"/><net_sink comp="78" pin=0"/></net>

<net id="83"><net_src comp="14" pin="0"/><net_sink comp="78" pin=1"/></net>

<net id="88"><net_src comp="40" pin="0"/><net_sink comp="84" pin=0"/></net>

<net id="89"><net_src comp="12" pin="0"/><net_sink comp="84" pin=1"/></net>

<net id="94"><net_src comp="42" pin="0"/><net_sink comp="90" pin=0"/></net>

<net id="95"><net_src comp="10" pin="0"/><net_sink comp="90" pin=1"/></net>

<net id="100"><net_src comp="44" pin="0"/><net_sink comp="96" pin=0"/></net>

<net id="101"><net_src comp="8" pin="0"/><net_sink comp="96" pin=1"/></net>

<net id="106"><net_src comp="46" pin="0"/><net_sink comp="102" pin=0"/></net>

<net id="107"><net_src comp="6" pin="0"/><net_sink comp="102" pin=1"/></net>

<net id="112"><net_src comp="48" pin="0"/><net_sink comp="108" pin=0"/></net>

<net id="113"><net_src comp="0" pin="0"/><net_sink comp="108" pin=1"/></net>

<net id="117"><net_src comp="50" pin="0"/><net_sink comp="114" pin=0"/></net>

<net id="124"><net_src comp="114" pin="1"/><net_sink comp="118" pin=0"/></net>

<net id="125"><net_src comp="118" pin="4"/><net_sink comp="114" pin=0"/></net>

<net id="138"><net_src comp="66" pin="0"/><net_sink comp="126" pin=0"/></net>

<net id="139"><net_src comp="4" pin="0"/><net_sink comp="126" pin=1"/></net>

<net id="140"><net_src comp="118" pin="4"/><net_sink comp="126" pin=2"/></net>

<net id="141"><net_src comp="2" pin="0"/><net_sink comp="126" pin=4"/></net>

<net id="142"><net_src comp="16" pin="0"/><net_sink comp="126" pin=9"/></net>

<net id="146"><net_src comp="108" pin="2"/><net_sink comp="143" pin=0"/></net>

<net id="150"><net_src comp="118" pin="4"/><net_sink comp="147" pin=0"/></net>

<net id="155"><net_src comp="147" pin="1"/><net_sink comp="151" pin=0"/></net>

<net id="160"><net_src comp="118" pin="4"/><net_sink comp="156" pin=0"/></net>

<net id="161"><net_src comp="64" pin="0"/><net_sink comp="156" pin=1"/></net>

<net id="165"><net_src comp="78" pin="2"/><net_sink comp="162" pin=0"/></net>

<net id="166"><net_src comp="162" pin="1"/><net_sink comp="126" pin=8"/></net>

<net id="170"><net_src comp="84" pin="2"/><net_sink comp="167" pin=0"/></net>

<net id="171"><net_src comp="167" pin="1"/><net_sink comp="126" pin=7"/></net>

<net id="175"><net_src comp="90" pin="2"/><net_sink comp="172" pin=0"/></net>

<net id="176"><net_src comp="172" pin="1"/><net_sink comp="126" pin=6"/></net>

<net id="180"><net_src comp="96" pin="2"/><net_sink comp="177" pin=0"/></net>

<net id="181"><net_src comp="177" pin="1"/><net_sink comp="126" pin=5"/></net>

<net id="185"><net_src comp="102" pin="2"/><net_sink comp="182" pin=0"/></net>

<net id="186"><net_src comp="182" pin="1"/><net_sink comp="126" pin=3"/></net>

<net id="190"><net_src comp="143" pin="1"/><net_sink comp="187" pin=0"/></net>

<net id="191"><net_src comp="187" pin="1"/><net_sink comp="151" pin=1"/></net>

<net id="195"><net_src comp="151" pin="2"/><net_sink comp="192" pin=0"/></net>

<net id="199"><net_src comp="156" pin="2"/><net_sink comp="196" pin=0"/></net>

<net id="200"><net_src comp="196" pin="1"/><net_sink comp="118" pin=2"/></net>

</net_list>

</model> 
---------------- Datapath Model END ------------------

* FSMD analyzer results:
  - Output states:
	Port: outbuf_V | {2 3 }
 - Input state : 
	Port: dataflow_parent_loop.1 : mul_ln189_2 | {1 }
	Port: dataflow_parent_loop.1 : input_V | {2 3 }
	Port: dataflow_parent_loop.1 : ddr_V | {2 3 }
	Port: dataflow_parent_loop.1 : OFFSET | {1 }
	Port: dataflow_parent_loop.1 : TO_r | {1 }
	Port: dataflow_parent_loop.1 : TI | {1 }
	Port: dataflow_parent_loop.1 : P | {1 }
	Port: dataflow_parent_loop.1 : K | {1 }
	Port: dataflow_parent_loop.1 : outbuf_V | {2 3 }
  - Chain level:
	State 1
	State 2
		zext_ln191 : 1
		icmp_ln191 : 2
		specdataflowpipeline_ln191 : 1
		l : 1
		br_ln191 : 3
		call_ln191 : 1
	State 3
		empty : 1


============================================================
+ Verbose Summary: Datapath Resource usage 
============================================================

* Functional unit list:
|----------|---------------------------------|---------|---------|---------|---------|
| Operation|         Functional Unit         |  DSP48E |  Delay  |    FF   |   LUT   |
|----------|---------------------------------|---------|---------|---------|---------|
|   call   | grp_dataflow_in_loop_Con_fu_126 |   1026  |  13.12  |  86333  |  63828  |
|----------|---------------------------------|---------|---------|---------|---------|
|    add   |             l_fu_156            |    0    |    0    |    0    |    16   |
|----------|---------------------------------|---------|---------|---------|---------|
|   icmp   |        icmp_ln191_fu_151        |    0    |    0    |    0    |    13   |
|----------|---------------------------------|---------|---------|---------|---------|
|          |        K_read_read_fu_78        |    0    |    0    |    0    |    0    |
|          |        P_read_read_fu_84        |    0    |    0    |    0    |    0    |
|   read   |        TI_read_read_fu_90       |    0    |    0    |    0    |    0    |
|          |        TO_read_read_fu_96       |    0    |    0    |    0    |    0    |
|          |     OFFSET_read_read_fu_102     |    0    |    0    |    0    |    0    |
|          |   mul_ln189_2_read_read_fu_108  |    0    |    0    |    0    |    0    |
|----------|---------------------------------|---------|---------|---------|---------|
|   trunc  |        trunc_ln191_fu_143       |    0    |    0    |    0    |    0    |
|----------|---------------------------------|---------|---------|---------|---------|
|   zext   |        zext_ln191_fu_147        |    0    |    0    |    0    |    0    |
|----------|---------------------------------|---------|---------|---------|---------|
|   Total  |                                 |   1026  |  13.12  |  86333  |  63857  |
|----------|---------------------------------|---------|---------|---------|---------|

Memories:
N/A

* Register list:
+-------------------+--------+
|                   |   FF   |
+-------------------+--------+
|   K_read_reg_162  |    2   |
|OFFSET_read_reg_182|   18   |
|   P_read_reg_167  |    1   |
|  TI_read_reg_172  |    4   |
|  TO_read_reg_177  |    3   |
| icmp_ln191_reg_192|    1   |
|    l_0_reg_114    |    9   |
|     l_reg_196     |    9   |
|trunc_ln191_reg_187|   10   |
+-------------------+--------+
|       Total       |   57   |
+-------------------+--------+

* Multiplexer (MUX) list: 
|-------------|------|------|------|--------||---------||---------|
|     Comp    |  Pin | Size |  BW  | S x BW ||  Delay  ||   LUT   |
|-------------|------|------|------|--------||---------||---------|
| l_0_reg_114 |  p0  |   2  |   9  |   18   ||    9    |
|-------------|------|------|------|--------||---------||---------|
|    Total    |      |      |      |   18   ||  0.656  ||    9    |
|-------------|------|------|------|--------||---------||---------|



* Summary:
+-----------+--------+--------+--------+--------+
|           | DSP48E |  Delay |   FF   |   LUT  |
+-----------+--------+--------+--------+--------+
|  Function |  1026  |   13   |  86333 |  63857 |
|   Memory  |    -   |    -   |    -   |    -   |
|Multiplexer|    -   |    0   |    -   |    9   |
|  Register |    -   |    -   |   57   |    -   |
+-----------+--------+--------+--------+--------+
|   Total   |  1026  |   13   |  86390 |  63866 |
+-----------+--------+--------+--------+--------+
