#-----------------------------------------------------------
# Vivado v2019.1.3 (64-bit)
# SW Build 2644227 on Wed Sep  4 09:44:18 MDT 2019
# IP Build 2633630 on Wed Sep  4 12:30:14 MDT 2019
# Start of session at: Sun Jun  6 15:20:58 2021
# Process ID: 4091210
# Current directory: /home/asap_jupiter/yasu/workspace1/resnet50/hls/resnet50_3/solution1/impl/ip
# Command line: vivado -notrace -mode batch -source run_ippack.tcl
# Log file: /home/asap_jupiter/yasu/workspace1/resnet50/hls/resnet50_3/solution1/impl/ip/vivado.log
# Journal file: /home/asap_jupiter/yasu/workspace1/resnet50/hls/resnet50_3/solution1/impl/ip/vivado.jou
#-----------------------------------------------------------
source run_ippack.tcl -notrace
INFO: [IP_Flow 19-234] Refreshing IP repositories
INFO: [IP_Flow 19-1704] No user IP repositories specified
INFO: [IP_Flow 19-2313] Loaded Vivado IP repository '/home/cad/xilinx/Vivado-2019.1/Vivado/2019.1/data/ip'.
WARNING: [IP_Flow 19-4832] The IP name 'resnet50_3_ap_ddiv_15_no_dsp_64' you have specified is long. The Windows operating system has path length limitations. It is recommended you use shorter names to reduce the likelihood of issues.
INFO: [IP_Flow 19-1686] Generating 'Synthesis' target for IP 'resnet50_3_ap_ddiv_15_no_dsp_64'...
INFO: [IP_Flow 19-1686] Generating 'Simulation' target for IP 'resnet50_3_ap_ddiv_15_no_dsp_64'...
WARNING: [IP_Flow 19-4832] The IP name 'resnet50_3_ap_fadd_2_full_dsp_32' you have specified is long. The Windows operating system has path length limitations. It is recommended you use shorter names to reduce the likelihood of issues.
INFO: [IP_Flow 19-1686] Generating 'Synthesis' target for IP 'resnet50_3_ap_fadd_2_full_dsp_32'...
INFO: [IP_Flow 19-1686] Generating 'Simulation' target for IP 'resnet50_3_ap_fadd_2_full_dsp_32'...
WARNING: [IP_Flow 19-4832] The IP name 'resnet50_3_ap_fcmp_0_no_dsp_32' you have specified is long. The Windows operating system has path length limitations. It is recommended you use shorter names to reduce the likelihood of issues.
INFO: [IP_Flow 19-1686] Generating 'Synthesis' target for IP 'resnet50_3_ap_fcmp_0_no_dsp_32'...
INFO: [IP_Flow 19-1686] Generating 'Simulation' target for IP 'resnet50_3_ap_fcmp_0_no_dsp_32'...
WARNING: [IP_Flow 19-4832] The IP name 'resnet50_3_ap_fmul_0_max_dsp_32' you have specified is long. The Windows operating system has path length limitations. It is recommended you use shorter names to reduce the likelihood of issues.
INFO: [IP_Flow 19-1686] Generating 'Synthesis' target for IP 'resnet50_3_ap_fmul_0_max_dsp_32'...
INFO: [IP_Flow 19-1686] Generating 'Simulation' target for IP 'resnet50_3_ap_fmul_0_max_dsp_32'...
WARNING: [IP_Flow 19-4832] The IP name 'resnet50_3_ap_fptrunc_0_no_dsp_64' you have specified is long. The Windows operating system has path length limitations. It is recommended you use shorter names to reduce the likelihood of issues.
INFO: [IP_Flow 19-1686] Generating 'Synthesis' target for IP 'resnet50_3_ap_fptrunc_0_no_dsp_64'...
INFO: [IP_Flow 19-1686] Generating 'Simulation' target for IP 'resnet50_3_ap_fptrunc_0_no_dsp_64'...
WARNING: [IP_Flow 19-4832] The IP name 'resnet50_3_ap_sitodp_2_no_dsp_32' you have specified is long. The Windows operating system has path length limitations. It is recommended you use shorter names to reduce the likelihood of issues.
INFO: [IP_Flow 19-1686] Generating 'Synthesis' target for IP 'resnet50_3_ap_sitodp_2_no_dsp_32'...
INFO: [IP_Flow 19-1686] Generating 'Simulation' target for IP 'resnet50_3_ap_sitodp_2_no_dsp_32'...
WARNING: [IP_Flow 19-4832] The IP name 'resnet50_3_ap_sitofp_1_no_dsp_32' you have specified is long. The Windows operating system has path length limitations. It is recommended you use shorter names to reduce the likelihood of issues.
INFO: [IP_Flow 19-1686] Generating 'Synthesis' target for IP 'resnet50_3_ap_sitofp_1_no_dsp_32'...
INFO: [IP_Flow 19-1686] Generating 'Simulation' target for IP 'resnet50_3_ap_sitofp_1_no_dsp_32'...
INFO: [IP_Flow 19-234] Refreshing IP repositories
INFO: [IP_Flow 19-1704] No user IP repositories specified
INFO: [IP_Flow 19-2313] Loaded Vivado IP repository '/home/cad/xilinx/Vivado-2019.1/Vivado/2019.1/data/ip'.
INFO: [Common 17-206] Exiting Vivado at Sun Jun  6 15:21:13 2021...
