

================================================================
== Vivado HLS Report for 'resnet50_0'
================================================================
* Date:           Sun Jun  6 19:27:33 2021

* Version:        2019.1.3 (Build 2642998 on Wed Sep 04 10:25:22 MDT 2019)
* Project:        resnet50_0
* Solution:       solution1
* Product family: zynquplus
* Target device:  xczu19eg-ffvc1760-2-i


================================================================
== Performance Estimates
================================================================
+ Timing (ns): 
    * Summary: 
    +--------+-------+----------+------------+
    |  Clock | Target| Estimated| Uncertainty|
    +--------+-------+----------+------------+
    |ap_clk  |  10.00|     8.750|        1.25|
    +--------+-------+----------+------------+

+ Latency (clock cycles): 
    * Summary: 
    +--------+---------+--------+---------+---------+
    |      Latency     |     Interval     | Pipeline|
    |   min  |   max   |   min  |   max   |   Type  |
    +--------+---------+--------+---------+---------+
    |  904117|  7374833|  904117|  7374833|   none  |
    +--------+---------+--------+---------+---------+

    + Detail: 
        * Instance: 
        +-----------------------+------------+--------+--------+--------+--------+----------+
        |                       |            |     Latency     |     Interval    | Pipeline |
        |        Instance       |   Module   |   min  |   max  |   min  |   max  |   Type   |
        +-----------------------+------------+--------+--------+--------+--------+----------+
        |grp_conv_layer_fu_851  |conv_layer  |   12814|  937202|   12814|  937202|   none   |
        |grp_add_fu_891         |add         |   25101|   25101|   25101|   25101|   none   |
        |grp_conv1_fu_914       |conv1       |  654417|  654417|  654417|  654417|   none   |
        |grp_maxpool_fu_1304    |maxpool     |   40769|   40769|   40769|   40769|   none   |
        |grp_roundf_fu_1312     |roundf      |       1|       1|       1|       1| function |
        |grp_roundf_fu_1321     |roundf      |       1|       1|       1|       1| function |
        |grp_roundf_fu_1330     |roundf      |       1|       1|       1|       1| function |
        |grp_roundf_fu_1339     |roundf      |       1|       1|       1|       1| function |
        |grp_roundf_fu_1348     |roundf      |       1|       1|       1|       1| function |
        |grp_roundf_fu_1357     |roundf      |       1|       1|       1|       1| function |
        |grp_roundf_fu_1366     |roundf      |       1|       1|       1|       1| function |
        |grp_roundf_fu_1375     |roundf      |       1|       1|       1|       1| function |
        +-----------------------+------------+--------+--------+--------+--------+----------+

        * Loop: 
        +----------+-------+-------+----------+-----------+-----------+-------+----------+
        |          |    Latency    | Iteration|  Initiation Interval  |  Trip |          |
        | Loop Name|  min  |  max  |  Latency |  achieved |   target  | Count | Pipelined|
        +----------+-------+-------+----------+-----------+-----------+-------+----------+
        |- Loop 1  |  18827|  18827|        13|          1|          1|  18816|    yes   |
        |- Loop 2  |  50177|  50177|         3|          1|          1|  50176|    yes   |
        +----------+-------+-------+----------+-----------+-----------+-------+----------+



================================================================
== Utilization Estimates
================================================================
* Summary: 
+-----------------+---------+-------+---------+--------+-----+
|       Name      | BRAM_18K| DSP48E|    FF   |   LUT  | URAM|
+-----------------+---------+-------+---------+--------+-----+
|DSP              |        -|      -|        -|       -|    -|
|Expression       |        -|      -|        0|   62570|    -|
|FIFO             |        -|      -|        -|       -|    -|
|Instance         |     1134|   1731|   188429|  302326|   29|
|Memory           |        0|      -|        0|       0|   90|
|Multiplexer      |        -|      -|        -|     972|    -|
|Register         |        0|      -|     2637|      64|    -|
+-----------------+---------+-------+---------+--------+-----+
|Total            |     1134|   1731|   191066|  365932|  119|
+-----------------+---------+-------+---------+--------+-----+
|Available        |     1968|   1968|  1045440|  522720|  128|
+-----------------+---------+-------+---------+--------+-----+
|Utilization (%)  |       57|     87|       18|      70|   92|
+-----------------+---------+-------+---------+--------+-----+

+ Detail: 
    * Instance: 
    +----------------------------------------+----------------------------------+---------+-------+--------+--------+-----+
    |                Instance                |              Module              | BRAM_18K| DSP48E|   FF   |   LUT  | URAM|
    +----------------------------------------+----------------------------------+---------+-------+--------+--------+-----+
    |grp_add_fu_891                          |add                               |        0|    256|   37498|   59491|    0|
    |grp_conv1_fu_914                        |conv1                             |        0|    286|   32460|   62257|    0|
    |grp_conv_layer_fu_851                   |conv_layer                        |     1126|   1189|  113024|  168131|   29|
    |grp_maxpool_fu_1304                     |maxpool                           |        0|      0|     974|    3564|    0|
    |resnet50_0_AXILiteS_s_axi_U             |resnet50_0_AXILiteS_s_axi         |        0|      0|      36|      40|    0|
    |resnet50_0_ddr_V_m_axi_U                |resnet50_0_ddr_V_m_axi            |        8|      0|     613|     787|    0|
    |resnet50_0_fdiv_32ns_32ns_32_8_1_U4151  |resnet50_0_fdiv_32ns_32ns_32_8_1  |        0|      0|     363|     802|    0|
    |resnet50_0_fdiv_32ns_32ns_32_8_1_U4152  |resnet50_0_fdiv_32ns_32ns_32_8_1  |        0|      0|     363|     802|    0|
    |resnet50_0_fdiv_32ns_32ns_32_8_1_U4153  |resnet50_0_fdiv_32ns_32ns_32_8_1  |        0|      0|     363|     802|    0|
    |resnet50_0_fdiv_32ns_32ns_32_8_1_U4154  |resnet50_0_fdiv_32ns_32ns_32_8_1  |        0|      0|     363|     802|    0|
    |resnet50_0_fdiv_32ns_32ns_32_8_1_U4155  |resnet50_0_fdiv_32ns_32ns_32_8_1  |        0|      0|     363|     802|    0|
    |resnet50_0_fdiv_32ns_32ns_32_8_1_U4156  |resnet50_0_fdiv_32ns_32ns_32_8_1  |        0|      0|     363|     802|    0|
    |resnet50_0_fdiv_32ns_32ns_32_8_1_U4157  |resnet50_0_fdiv_32ns_32ns_32_8_1  |        0|      0|     363|     802|    0|
    |resnet50_0_fdiv_32ns_32ns_32_8_1_U4158  |resnet50_0_fdiv_32ns_32ns_32_8_1  |        0|      0|     363|     802|    0|
    |grp_roundf_fu_1312                      |roundf                            |        0|      0|     115|     205|    0|
    |grp_roundf_fu_1321                      |roundf                            |        0|      0|     115|     205|    0|
    |grp_roundf_fu_1330                      |roundf                            |        0|      0|     115|     205|    0|
    |grp_roundf_fu_1339                      |roundf                            |        0|      0|     115|     205|    0|
    |grp_roundf_fu_1348                      |roundf                            |        0|      0|     115|     205|    0|
    |grp_roundf_fu_1357                      |roundf                            |        0|      0|     115|     205|    0|
    |grp_roundf_fu_1366                      |roundf                            |        0|      0|     115|     205|    0|
    |grp_roundf_fu_1375                      |roundf                            |        0|      0|     115|     205|    0|
    +----------------------------------------+----------------------------------+---------+-------+--------+--------+-----+
    |Total                                   |                                  |     1134|   1731|  188429|  302326|   29|
    +----------------------------------------+----------------------------------+---------+-------+--------+--------+-----+

    * DSP48E: 
    N/A

    * Memory: 
    +-----------+--------------------+---------+---+----+-----+-------+-----+------+-------------+
    |   Memory  |       Module       | BRAM_18K| FF| LUT| URAM| Words | Bits| Banks| W*Bits*Banks|
    +-----------+--------------------+---------+---+----+-----+-------+-----+------+-------------+
    |buf0_V_U   |resnet50_0_buf0_V   |        0|  0|   0|   28|  25088|  288|     1|      7225344|
    |buf2_V_U   |resnet50_0_buf0_V   |        0|  0|   0|   28|  25088|  288|     1|      7225344|
    |buf1_V_U   |resnet50_0_buf1_V   |        0|  0|   0|   28|  25088|  288|     1|      7225344|
    |inbuf_V_U  |resnet50_0_inbuf_V  |        0|  0|   0|    6|   6272|  216|     1|      1354752|
    +-----------+--------------------+---------+---+----+-----+-------+-----+------+-------------+
    |Total      |                    |        0|  0|   0|   90|  81536| 1080|     4|     23030784|
    +-----------+--------------------+---------+---+----+-----+-------+-----+------+-------------+

    * FIFO: 
    N/A

    * Expression: 
    +-----------------------------------+----------+-------+---+------+------------+------------+
    |           Variable Name           | Operation| DSP48E| FF|  LUT | Bitwidth P0| Bitwidth P1|
    +-----------------------------------+----------+-------+---+------+------------+------------+
    |add_ln180_fu_1638_p2               |     +    |      0|  0|    18|          14|          14|
    |add_ln395_fu_1430_p2               |     +    |      0|  0|    22|          15|           1|
    |add_ln396_1_fu_1655_p2             |     +    |      0|  0|    20|           1|          13|
    |add_ln425_fu_3994_p2               |     +    |      0|  0|    23|          16|           1|
    |ch_fu_1669_p2                      |     +    |      0|  0|     9|           1|           2|
    |col_fu_1649_p2                     |     +    |      0|  0|    15|           1|           5|
    |empty_47_fu_4209_p2                |     +    |      0|  0|    16|           9|           4|
    |empty_48_fu_4339_p2                |     +    |      0|  0|    16|           9|           9|
    |empty_50_fu_4467_p2                |     +    |      0|  0|    16|           9|           9|
    |empty_54_fu_4657_p2                |     +    |      0|  0|    16|           9|           4|
    |empty_55_fu_4787_p2                |     +    |      0|  0|    16|           9|           9|
    |empty_57_fu_4915_p2                |     +    |      0|  0|    16|           9|           9|
    |empty_59_fu_4967_p2                |     +    |      0|  0|    16|           9|           4|
    |empty_60_fu_5091_p2                |     +    |      0|  0|    16|           9|           9|
    |empty_61_fu_5133_p2                |     +    |      0|  0|    16|           9|           9|
    |empty_62_fu_5175_p2                |     +    |      0|  0|    16|           9|           9|
    |empty_64_fu_5227_p2                |     +    |      0|  0|    16|           9|           4|
    |empty_65_fu_5351_p2                |     +    |      0|  0|    16|           9|           9|
    |empty_66_fu_5393_p2                |     +    |      0|  0|    16|           9|           9|
    |empty_67_fu_5435_p2                |     +    |      0|  0|    16|           9|           9|
    |i_fu_4037_p2                       |     +    |      0|  0|     9|           2|           1|
    |row_fu_1576_p2                     |     +    |      0|  0|    15|           1|           8|
    |s_fu_4000_p2                       |     +    |      0|  0|    22|          15|           1|
    |sub_ln180_fu_1628_p2               |     -    |      0|  0|    18|          14|          14|
    |sub_ln214_10_fu_4379_p2            |     -    |      0|  0|    16|           9|           9|
    |sub_ln214_11_fu_4409_p2            |     -    |      0|  0|    16|           9|           9|
    |sub_ln214_12_fu_4541_p2            |     -    |      0|  0|    16|           9|           9|
    |sub_ln214_13_fu_4547_p2            |     -    |      0|  0|    16|           9|           9|
    |sub_ln214_14_fu_4553_p2            |     -    |      0|  0|    16|           9|           9|
    |sub_ln214_15_fu_4583_p2            |     -    |      0|  0|    16|           9|           9|
    |sub_ln214_16_fu_4687_p2            |     -    |      0|  0|    16|           9|           9|
    |sub_ln214_17_fu_4693_p2            |     -    |      0|  0|    16|           9|           9|
    |sub_ln214_18_fu_4699_p2            |     -    |      0|  0|    16|           9|           9|
    |sub_ln214_19_fu_4729_p2            |     -    |      0|  0|    16|           9|           9|
    |sub_ln214_1_fu_4099_p2             |     -    |      0|  0|    16|           9|           9|
    |sub_ln214_20_fu_4815_p2            |     -    |      0|  0|    16|           9|           9|
    |sub_ln214_21_fu_4821_p2            |     -    |      0|  0|    16|           9|           9|
    |sub_ln214_22_fu_4827_p2            |     -    |      0|  0|    16|           9|           9|
    |sub_ln214_23_fu_4857_p2            |     -    |      0|  0|    16|           9|           9|
    |sub_ln214_24_fu_4997_p2            |     -    |      0|  0|    16|           9|           9|
    |sub_ln214_25_fu_5003_p2            |     -    |      0|  0|    16|           9|           9|
    |sub_ln214_26_fu_5009_p2            |     -    |      0|  0|    16|           9|           9|
    |sub_ln214_27_fu_5039_p2            |     -    |      0|  0|    16|           9|           9|
    |sub_ln214_28_fu_5257_p2            |     -    |      0|  0|    16|           9|           9|
    |sub_ln214_29_fu_5263_p2            |     -    |      0|  0|    16|           9|           9|
    |sub_ln214_2_fu_4105_p2             |     -    |      0|  0|    16|           9|           9|
    |sub_ln214_30_fu_5269_p2            |     -    |      0|  0|    16|           9|           9|
    |sub_ln214_31_fu_5299_p2            |     -    |      0|  0|    16|           9|           9|
    |sub_ln214_3_fu_4135_p2             |     -    |      0|  0|    16|           9|           9|
    |sub_ln214_4_fu_4239_p2             |     -    |      0|  0|    16|           9|           9|
    |sub_ln214_5_fu_4245_p2             |     -    |      0|  0|    16|           9|           9|
    |sub_ln214_6_fu_4251_p2             |     -    |      0|  0|    16|           9|           9|
    |sub_ln214_7_fu_4281_p2             |     -    |      0|  0|    16|           9|           9|
    |sub_ln214_8_fu_4367_p2             |     -    |      0|  0|    16|           9|           9|
    |sub_ln214_9_fu_4373_p2             |     -    |      0|  0|    16|           9|           9|
    |sub_ln214_fu_4093_p2               |     -    |      0|  0|    16|           9|           9|
    |sub_ln281_64_fu_2051_p2            |     -    |      0|  0|    16|           8|           9|
    |sub_ln281_65_fu_2331_p2            |     -    |      0|  0|    16|           8|           9|
    |sub_ln281_66_fu_2619_p2            |     -    |      0|  0|    16|           8|           9|
    |sub_ln281_67_fu_2904_p2            |     -    |      0|  0|    16|           8|           9|
    |sub_ln281_68_fu_3182_p2            |     -    |      0|  0|    16|           8|           9|
    |sub_ln281_69_fu_3384_p2            |     -    |      0|  0|    16|           8|           9|
    |sub_ln281_70_fu_3753_p2            |     -    |      0|  0|    16|           8|           9|
    |sub_ln281_fu_1764_p2               |     -    |      0|  0|    16|           8|           9|
    |sub_ln294_64_fu_2079_p2            |     -    |      0|  0|    16|           1|           9|
    |sub_ln294_65_fu_2359_p2            |     -    |      0|  0|    16|           1|           9|
    |sub_ln294_66_fu_2647_p2            |     -    |      0|  0|    16|           1|           9|
    |sub_ln294_67_fu_2932_p2            |     -    |      0|  0|    16|           1|           9|
    |sub_ln294_68_fu_3210_p2            |     -    |      0|  0|    16|           1|           9|
    |sub_ln294_69_fu_3412_p2            |     -    |      0|  0|    16|           1|           9|
    |sub_ln294_70_fu_3781_p2            |     -    |      0|  0|    16|           1|           9|
    |sub_ln294_fu_1792_p2               |     -    |      0|  0|    16|           1|           9|
    |sub_ln461_1_fu_2209_p2             |     -    |      0|  0|    16|           1|           9|
    |sub_ln461_2_fu_2496_p2             |     -    |      0|  0|    16|           1|           9|
    |sub_ln461_3_fu_2777_p2             |     -    |      0|  0|    16|           1|           9|
    |sub_ln461_4_fu_3062_p2             |     -    |      0|  0|    16|           1|           9|
    |sub_ln461_5_fu_3549_p2             |     -    |      0|  0|    16|           1|           9|
    |sub_ln461_6_fu_3628_p2             |     -    |      0|  0|    16|           1|           9|
    |sub_ln461_7_fu_3911_p2             |     -    |      0|  0|    16|           1|           9|
    |sub_ln461_fu_1922_p2               |     -    |      0|  0|    16|           1|           9|
    |and_ln180_1_fu_2265_p2             |    and   |      0|  0|   216|         216|         216|
    |and_ln180_2_fu_2547_p2             |    and   |      0|  0|   216|         216|         216|
    |and_ln180_3_fu_2831_p2             |    and   |      0|  0|   216|         216|         216|
    |and_ln180_4_fu_3116_p2             |    and   |      0|  0|   216|         216|         216|
    |and_ln180_5_fu_3600_p2             |    and   |      0|  0|   216|         216|         216|
    |and_ln180_6_fu_3680_p2             |    and   |      0|  0|   216|         216|         216|
    |and_ln180_7_fu_3965_p2             |    and   |      0|  0|   216|         216|         216|
    |and_ln180_fu_1978_p2               |    and   |      0|  0|   216|         216|         216|
    |and_ln214_1_fu_4307_p2             |    and   |      0|  0|   288|         288|         288|
    |and_ln214_2_fu_4435_p2             |    and   |      0|  0|   288|         288|         288|
    |and_ln214_3_fu_4609_p2             |    and   |      0|  0|   288|         288|         288|
    |and_ln214_4_fu_4755_p2             |    and   |      0|  0|   288|         288|         288|
    |and_ln214_5_fu_4883_p2             |    and   |      0|  0|   288|         288|         288|
    |and_ln214_6_fu_5065_p2             |    and   |      0|  0|   288|         288|         288|
    |and_ln214_7_fu_5325_p2             |    and   |      0|  0|   288|         288|         288|
    |and_ln214_fu_4161_p2               |    and   |      0|  0|   288|         288|         288|
    |and_ln282_64_fu_2181_p2            |    and   |      0|  0|     2|           1|           1|
    |and_ln282_65_fu_2461_p2            |    and   |      0|  0|     2|           1|           1|
    |and_ln282_66_fu_2749_p2            |    and   |      0|  0|     2|           1|           1|
    |and_ln282_67_fu_3034_p2            |    and   |      0|  0|     2|           1|           1|
    |and_ln282_68_fu_3312_p2            |    and   |      0|  0|     2|           1|           1|
    |and_ln282_69_fu_3514_p2            |    and   |      0|  0|     2|           1|           1|
    |and_ln282_70_fu_3883_p2            |    and   |      0|  0|     2|           1|           1|
    |and_ln282_fu_1894_p2               |    and   |      0|  0|     2|           1|           1|
    |and_ln285_128_fu_1866_p2           |    and   |      0|  0|     2|           1|           1|
    |and_ln285_129_fu_2147_p2           |    and   |      0|  0|     2|           1|           1|
    |and_ln285_130_fu_2153_p2           |    and   |      0|  0|     2|           1|           1|
    |and_ln285_131_fu_2427_p2           |    and   |      0|  0|     2|           1|           1|
    |and_ln285_132_fu_2433_p2           |    and   |      0|  0|     2|           1|           1|
    |and_ln285_133_fu_2715_p2           |    and   |      0|  0|     2|           1|           1|
    |and_ln285_134_fu_2721_p2           |    and   |      0|  0|     2|           1|           1|
    |and_ln285_135_fu_3000_p2           |    and   |      0|  0|     2|           1|           1|
    |and_ln285_136_fu_3006_p2           |    and   |      0|  0|     2|           1|           1|
    |and_ln285_137_fu_3278_p2           |    and   |      0|  0|     2|           1|           1|
    |and_ln285_138_fu_3284_p2           |    and   |      0|  0|     2|           1|           1|
    |and_ln285_139_fu_3480_p2           |    and   |      0|  0|     2|           1|           1|
    |and_ln285_140_fu_3486_p2           |    and   |      0|  0|     2|           1|           1|
    |and_ln285_141_fu_3849_p2           |    and   |      0|  0|     2|           1|           1|
    |and_ln285_142_fu_3855_p2           |    and   |      0|  0|     2|           1|           1|
    |and_ln285_fu_1860_p2               |    and   |      0|  0|     2|           1|           1|
    |and_ln399_fu_1570_p2               |    and   |      0|  0|     2|           1|           1|
    |ap_block_pp0_stage0_11001          |    and   |      0|  0|     2|           1|           1|
    |ap_block_state39_io                |    and   |      0|  0|     2|           1|           1|
    |ap_block_state3_pp0_stage0_iter0   |    and   |      0|  0|     2|           1|           1|
    |ap_block_state40_io                |    and   |      0|  0|     2|           1|           1|
    |input_V_0_load_A                   |    and   |      0|  0|     2|           1|           1|
    |input_V_0_load_B                   |    and   |      0|  0|     2|           1|           1|
    |sw0out_V_1_load_A                  |    and   |      0|  0|     2|           1|           1|
    |sw0out_V_1_load_B                  |    and   |      0|  0|     2|           1|           1|
    |icmp_ln214_1_fu_4219_p2            |   icmp   |      0|  0|    13|          10|          10|
    |icmp_ln214_2_fu_4351_p2            |   icmp   |      0|  0|    13|           9|           9|
    |icmp_ln214_3_fu_4517_p2            |   icmp   |      0|  0|    11|           8|           8|
    |icmp_ln214_4_fu_4667_p2            |   icmp   |      0|  0|    13|          10|          10|
    |icmp_ln214_5_fu_4799_p2            |   icmp   |      0|  0|    13|           9|           9|
    |icmp_ln214_6_fu_4977_p2            |   icmp   |      0|  0|    13|          10|          10|
    |icmp_ln214_7_fu_5237_p2            |   icmp   |      0|  0|    13|          10|          10|
    |icmp_ln214_fu_4069_p2              |   icmp   |      0|  0|    11|           8|           8|
    |icmp_ln278_1_fu_2045_p2            |   icmp   |      0|  0|    20|          31|           1|
    |icmp_ln278_2_fu_2325_p2            |   icmp   |      0|  0|    20|          31|           1|
    |icmp_ln278_3_fu_2613_p2            |   icmp   |      0|  0|    20|          31|           1|
    |icmp_ln278_4_fu_2898_p2            |   icmp   |      0|  0|    20|          31|           1|
    |icmp_ln278_5_fu_3176_p2            |   icmp   |      0|  0|    20|          31|           1|
    |icmp_ln278_6_fu_3378_p2            |   icmp   |      0|  0|    20|          31|           1|
    |icmp_ln278_7_fu_3747_p2            |   icmp   |      0|  0|    20|          31|           1|
    |icmp_ln278_fu_1758_p2              |   icmp   |      0|  0|    20|          31|           1|
    |icmp_ln282_1_fu_2061_p2            |   icmp   |      0|  0|    11|           8|           8|
    |icmp_ln282_2_fu_2341_p2            |   icmp   |      0|  0|    11|           8|           8|
    |icmp_ln282_3_fu_2629_p2            |   icmp   |      0|  0|    11|           8|           8|
    |icmp_ln282_4_fu_2914_p2            |   icmp   |      0|  0|    11|           8|           8|
    |icmp_ln282_5_fu_3192_p2            |   icmp   |      0|  0|    11|           8|           8|
    |icmp_ln282_6_fu_3394_p2            |   icmp   |      0|  0|    11|           8|           8|
    |icmp_ln282_7_fu_3763_p2            |   icmp   |      0|  0|    11|           8|           8|
    |icmp_ln282_fu_1774_p2              |   icmp   |      0|  0|    11|           8|           8|
    |icmp_ln284_1_fu_2067_p2            |   icmp   |      0|  0|    13|           9|           1|
    |icmp_ln284_2_fu_2347_p2            |   icmp   |      0|  0|    13|           9|           1|
    |icmp_ln284_3_fu_2635_p2            |   icmp   |      0|  0|    13|           9|           1|
    |icmp_ln284_4_fu_2920_p2            |   icmp   |      0|  0|    13|           9|           1|
    |icmp_ln284_5_fu_3198_p2            |   icmp   |      0|  0|    13|           9|           1|
    |icmp_ln284_6_fu_3400_p2            |   icmp   |      0|  0|    13|           9|           1|
    |icmp_ln284_7_fu_3769_p2            |   icmp   |      0|  0|    13|           9|           1|
    |icmp_ln284_fu_1780_p2              |   icmp   |      0|  0|    13|           9|           1|
    |icmp_ln285_1_fu_2073_p2            |   icmp   |      0|  0|    13|           9|           5|
    |icmp_ln285_2_fu_2353_p2            |   icmp   |      0|  0|    13|           9|           5|
    |icmp_ln285_3_fu_2641_p2            |   icmp   |      0|  0|    13|           9|           5|
    |icmp_ln285_4_fu_2926_p2            |   icmp   |      0|  0|    13|           9|           5|
    |icmp_ln285_5_fu_3204_p2            |   icmp   |      0|  0|    13|           9|           5|
    |icmp_ln285_6_fu_3406_p2            |   icmp   |      0|  0|    13|           9|           5|
    |icmp_ln285_7_fu_3775_p2            |   icmp   |      0|  0|    13|           9|           5|
    |icmp_ln285_fu_1786_p2              |   icmp   |      0|  0|    13|           9|           5|
    |icmp_ln295_1_fu_2089_p2            |   icmp   |      0|  0|    11|           8|           4|
    |icmp_ln295_2_fu_2369_p2            |   icmp   |      0|  0|    11|           8|           4|
    |icmp_ln295_3_fu_2657_p2            |   icmp   |      0|  0|    11|           8|           4|
    |icmp_ln295_4_fu_2942_p2            |   icmp   |      0|  0|    11|           8|           4|
    |icmp_ln295_5_fu_3220_p2            |   icmp   |      0|  0|    11|           8|           4|
    |icmp_ln295_6_fu_3422_p2            |   icmp   |      0|  0|    11|           8|           4|
    |icmp_ln295_7_fu_3791_p2            |   icmp   |      0|  0|    11|           8|           4|
    |icmp_ln295_fu_1802_p2              |   icmp   |      0|  0|    11|           8|           4|
    |icmp_ln395_fu_1424_p2              |   icmp   |      0|  0|    13|          15|          15|
    |icmp_ln396_fu_1544_p2              |   icmp   |      0|  0|    13|          13|          12|
    |icmp_ln397_fu_1564_p2              |   icmp   |      0|  0|    11|           5|           4|
    |icmp_ln425_fu_3988_p2              |   icmp   |      0|  0|    13|          16|          15|
    |icmp_ln426_fu_4006_p2              |   icmp   |      0|  0|     9|           2|           3|
    |input_V_0_state_cmp_full           |   icmp   |      0|  0|     8|           2|           1|
    |sw0out_V_1_state_cmp_full          |   icmp   |      0|  0|     8|           2|           1|
    |lshr_ln180_1_fu_2227_p2            |   lshr   |      0|  0|   790|         216|         216|
    |lshr_ln180_2_fu_2511_p2            |   lshr   |      0|  0|   790|         216|         216|
    |lshr_ln180_3_fu_2794_p2            |   lshr   |      0|  0|   790|         216|         216|
    |lshr_ln180_4_fu_3079_p2            |   lshr   |      0|  0|   790|         216|         216|
    |lshr_ln180_5_fu_3564_p2            |   lshr   |      0|  0|   790|         216|         216|
    |lshr_ln180_6_fu_3643_p2            |   lshr   |      0|  0|   790|         216|         216|
    |lshr_ln180_7_fu_3928_p2            |   lshr   |      0|  0|   790|         216|         216|
    |lshr_ln180_fu_1940_p2              |   lshr   |      0|  0|   790|         216|         216|
    |lshr_ln214_10_fu_4749_p2           |   lshr   |      0|  0|  1275|           2|         288|
    |lshr_ln214_11_fu_4871_p2           |   lshr   |      0|  0|  1275|         288|         288|
    |lshr_ln214_12_fu_4877_p2           |   lshr   |      0|  0|  1275|           2|         288|
    |lshr_ln214_13_fu_4925_p2           |   lshr   |      0|  0|  1275|         288|         288|
    |lshr_ln214_14_fu_5053_p2           |   lshr   |      0|  0|  1275|         288|         288|
    |lshr_ln214_15_fu_5059_p2           |   lshr   |      0|  0|  1275|           2|         288|
    |lshr_ln214_16_fu_5101_p2           |   lshr   |      0|  0|  1275|         288|         288|
    |lshr_ln214_17_fu_5143_p2           |   lshr   |      0|  0|  1275|         288|         288|
    |lshr_ln214_18_fu_5185_p2           |   lshr   |      0|  0|  1275|         288|         288|
    |lshr_ln214_19_fu_5313_p2           |   lshr   |      0|  0|  1275|         288|         288|
    |lshr_ln214_1_fu_4155_p2            |   lshr   |      0|  0|  1275|           2|         288|
    |lshr_ln214_20_fu_5319_p2           |   lshr   |      0|  0|  1275|           2|         288|
    |lshr_ln214_21_fu_5361_p2           |   lshr   |      0|  0|  1275|         288|         288|
    |lshr_ln214_22_fu_5403_p2           |   lshr   |      0|  0|  1275|         288|         288|
    |lshr_ln214_23_fu_5445_p2           |   lshr   |      0|  0|  1275|         288|         288|
    |lshr_ln214_2_fu_4295_p2            |   lshr   |      0|  0|  1275|         288|         288|
    |lshr_ln214_3_fu_4301_p2            |   lshr   |      0|  0|  1275|           2|         288|
    |lshr_ln214_4_fu_4423_p2            |   lshr   |      0|  0|  1275|         288|         288|
    |lshr_ln214_5_fu_4429_p2            |   lshr   |      0|  0|  1275|           2|         288|
    |lshr_ln214_6_fu_4477_p2            |   lshr   |      0|  0|  1275|         288|         288|
    |lshr_ln214_7_fu_4597_p2            |   lshr   |      0|  0|  1275|         288|         288|
    |lshr_ln214_8_fu_4603_p2            |   lshr   |      0|  0|  1275|           2|         288|
    |lshr_ln214_9_fu_4743_p2            |   lshr   |      0|  0|  1275|         288|         288|
    |lshr_ln214_fu_4149_p2              |   lshr   |      0|  0|  1275|         288|         288|
    |lshr_ln286_64_fu_2109_p2           |   lshr   |      0|  0|    64|          24|          24|
    |lshr_ln286_65_fu_2389_p2           |   lshr   |      0|  0|    64|          24|          24|
    |lshr_ln286_66_fu_2677_p2           |   lshr   |      0|  0|    64|          24|          24|
    |lshr_ln286_67_fu_2962_p2           |   lshr   |      0|  0|    64|          24|          24|
    |lshr_ln286_68_fu_3240_p2           |   lshr   |      0|  0|    64|          24|          24|
    |lshr_ln286_69_fu_3442_p2           |   lshr   |      0|  0|    64|          24|          24|
    |lshr_ln286_70_fu_3811_p2           |   lshr   |      0|  0|    64|          24|          24|
    |lshr_ln286_fu_1822_p2              |   lshr   |      0|  0|    64|          24|          24|
    |ap_block_pp1_stage0_11001          |    or    |      0|  0|     2|           1|           1|
    |ap_block_state42                   |    or    |      0|  0|     2|           1|           1|
    |ap_sync_grp_conv1_fu_914_ap_done   |    or    |      0|  0|     2|           1|           1|
    |ap_sync_grp_conv1_fu_914_ap_ready  |    or    |      0|  0|     2|           1|           1|
    |empty_45_fu_4063_p2                |    or    |      0|  0|     8|           8|           4|
    |empty_46_fu_4177_p2                |    or    |      0|  0|     5|           5|           4|
    |empty_49_fu_4345_p2                |    or    |      0|  0|     9|           9|           4|
    |empty_51_fu_4511_p2                |    or    |      0|  0|     8|           8|           4|
    |empty_52_fu_4625_p2                |    or    |      0|  0|     5|           5|           4|
    |empty_56_fu_4793_p2                |    or    |      0|  0|     9|           9|           4|
    |inbuf_V_d1                         |    or    |      0|  0|   216|         216|         216|
    |or_ln180_1_fu_2281_p2              |    or    |      0|  0|   216|         216|         216|
    |or_ln180_2_fu_2562_p2              |    or    |      0|  0|   216|         216|         216|
    |or_ln180_3_fu_2847_p2              |    or    |      0|  0|   216|         216|         216|
    |or_ln180_4_fu_3132_p2              |    or    |      0|  0|   216|         216|         216|
    |or_ln180_5_fu_3615_p2              |    or    |      0|  0|   216|         216|         216|
    |or_ln180_6_fu_3696_p2              |    or    |      0|  0|   216|         216|         216|
    |or_ln180_fu_1994_p2                |    or    |      0|  0|   216|         216|         216|
    |or_ln214_10_fu_5195_p2             |    or    |      0|  0|     5|           5|           4|
    |or_ln214_11_fu_5371_p2             |    or    |      0|  0|     5|           5|           4|
    |or_ln214_12_fu_5413_p2             |    or    |      0|  0|     5|           5|           4|
    |or_ln214_1_fu_4317_p2              |    or    |      0|  0|     5|           5|           2|
    |or_ln214_2_fu_4445_p2              |    or    |      0|  0|     5|           5|           2|
    |or_ln214_3_fu_4487_p2              |    or    |      0|  0|     5|           5|           3|
    |or_ln214_4_fu_4619_p2              |    or    |      0|  0|     5|           5|           3|
    |or_ln214_5_fu_4765_p2              |    or    |      0|  0|     5|           5|           3|
    |or_ln214_6_fu_4893_p2              |    or    |      0|  0|     5|           5|           3|
    |or_ln214_7_fu_4935_p2              |    or    |      0|  0|     5|           5|           4|
    |or_ln214_8_fu_5111_p2              |    or    |      0|  0|     5|           5|           4|
    |or_ln214_9_fu_5153_p2              |    or    |      0|  0|     5|           5|           4|
    |or_ln214_fu_4171_p2                |    or    |      0|  0|     5|           5|           1|
    |or_ln282_64_fu_2135_p2             |    or    |      0|  0|     2|           1|           1|
    |or_ln282_65_fu_2415_p2             |    or    |      0|  0|     2|           1|           1|
    |or_ln282_66_fu_2703_p2             |    or    |      0|  0|     2|           1|           1|
    |or_ln282_67_fu_2988_p2             |    or    |      0|  0|     2|           1|           1|
    |or_ln282_68_fu_3266_p2             |    or    |      0|  0|     2|           1|           1|
    |or_ln282_69_fu_3468_p2             |    or    |      0|  0|     2|           1|           1|
    |or_ln282_70_fu_3837_p2             |    or    |      0|  0|     2|           1|           1|
    |or_ln282_fu_1848_p2                |    or    |      0|  0|     2|           1|           1|
    |or_ln284_64_fu_2195_p2             |    or    |      0|  0|     2|           1|           1|
    |or_ln284_65_fu_2475_p2             |    or    |      0|  0|     2|           1|           1|
    |or_ln284_66_fu_2763_p2             |    or    |      0|  0|     2|           1|           1|
    |or_ln284_67_fu_3048_p2             |    or    |      0|  0|     2|           1|           1|
    |or_ln284_68_fu_3326_p2             |    or    |      0|  0|     2|           1|           1|
    |or_ln284_69_fu_3528_p2             |    or    |      0|  0|     2|           1|           1|
    |or_ln284_70_fu_3897_p2             |    or    |      0|  0|     2|           1|           1|
    |or_ln284_fu_1908_p2                |    or    |      0|  0|     2|           1|           1|
    |or_ln396_fu_1582_p2                |    or    |      0|  0|     2|           1|           1|
    |select_ln214_10_fu_4567_p3         |  select  |      0|  0|   241|           1|         288|
    |select_ln214_11_fu_4575_p3         |  select  |      0|  0|     9|           1|           9|
    |select_ln214_12_fu_4705_p3         |  select  |      0|  0|     9|           1|           9|
    |select_ln214_13_fu_4713_p3         |  select  |      0|  0|   241|           1|         288|
    |select_ln214_14_fu_4721_p3         |  select  |      0|  0|     9|           1|           9|
    |select_ln214_15_fu_4833_p3         |  select  |      0|  0|     9|           1|           9|
    |select_ln214_16_fu_4841_p3         |  select  |      0|  0|   241|           1|         288|
    |select_ln214_17_fu_4849_p3         |  select  |      0|  0|     9|           1|           9|
    |select_ln214_18_fu_5015_p3         |  select  |      0|  0|     9|           1|           9|
    |select_ln214_19_fu_5023_p3         |  select  |      0|  0|   241|           1|         288|
    |select_ln214_1_fu_4119_p3          |  select  |      0|  0|   241|           1|         288|
    |select_ln214_20_fu_5031_p3         |  select  |      0|  0|     9|           1|           9|
    |select_ln214_21_fu_5275_p3         |  select  |      0|  0|     9|           1|           9|
    |select_ln214_22_fu_5283_p3         |  select  |      0|  0|   241|           1|         288|
    |select_ln214_23_fu_5291_p3         |  select  |      0|  0|     9|           1|           9|
    |select_ln214_2_fu_4127_p3          |  select  |      0|  0|     9|           1|           9|
    |select_ln214_3_fu_4257_p3          |  select  |      0|  0|     9|           1|           9|
    |select_ln214_4_fu_4265_p3          |  select  |      0|  0|   241|           1|         288|
    |select_ln214_5_fu_4273_p3          |  select  |      0|  0|     9|           1|           9|
    |select_ln214_6_fu_4385_p3          |  select  |      0|  0|     9|           1|           9|
    |select_ln214_7_fu_4393_p3          |  select  |      0|  0|   241|           1|         288|
    |select_ln214_8_fu_4401_p3          |  select  |      0|  0|     9|           1|           9|
    |select_ln214_9_fu_4559_p3          |  select  |      0|  0|     9|           1|           9|
    |select_ln214_fu_4111_p3            |  select  |      0|  0|     9|           1|           9|
    |select_ln278_64_fu_2167_p3         |  select  |      0|  0|     9|           1|           1|
    |select_ln278_65_fu_2447_p3         |  select  |      0|  0|     9|           1|           1|
    |select_ln278_66_fu_2735_p3         |  select  |      0|  0|     9|           1|           1|
    |select_ln278_67_fu_3020_p3         |  select  |      0|  0|     9|           1|           1|
    |select_ln278_68_fu_3298_p3         |  select  |      0|  0|     9|           1|           1|
    |select_ln278_69_fu_3500_p3         |  select  |      0|  0|     9|           1|           1|
    |select_ln278_70_fu_3869_p3         |  select  |      0|  0|     9|           1|           1|
    |select_ln278_fu_1880_p3            |  select  |      0|  0|     9|           1|           1|
    |select_ln282_64_fu_2187_p3         |  select  |      0|  0|     9|           1|           9|
    |select_ln282_65_fu_2467_p3         |  select  |      0|  0|     9|           1|           9|
    |select_ln282_66_fu_2755_p3         |  select  |      0|  0|     9|           1|           9|
    |select_ln282_67_fu_3040_p3         |  select  |      0|  0|     9|           1|           9|
    |select_ln282_68_fu_3318_p3         |  select  |      0|  0|     9|           1|           9|
    |select_ln282_69_fu_3520_p3         |  select  |      0|  0|     9|           1|           9|
    |select_ln282_70_fu_3889_p3         |  select  |      0|  0|     9|           1|           9|
    |select_ln282_fu_1900_p3            |  select  |      0|  0|     9|           1|           9|
    |select_ln284_64_fu_2201_p3         |  select  |      0|  0|     9|           1|           9|
    |select_ln284_65_fu_2481_p3         |  select  |      0|  0|     9|           1|           9|
    |select_ln284_66_fu_2769_p3         |  select  |      0|  0|     9|           1|           9|
    |select_ln284_67_fu_3054_p3         |  select  |      0|  0|     9|           1|           9|
    |select_ln284_68_fu_3332_p3         |  select  |      0|  0|     9|           1|           9|
    |select_ln284_69_fu_3534_p3         |  select  |      0|  0|     9|           1|           9|
    |select_ln284_70_fu_3903_p3         |  select  |      0|  0|     9|           1|           9|
    |select_ln284_fu_1914_p3            |  select  |      0|  0|     9|           1|           9|
    |select_ln285_64_fu_2159_p3         |  select  |      0|  0|     9|           1|           9|
    |select_ln285_65_fu_2439_p3         |  select  |      0|  0|     9|           1|           9|
    |select_ln285_66_fu_2727_p3         |  select  |      0|  0|     9|           1|           9|
    |select_ln285_67_fu_3012_p3         |  select  |      0|  0|     9|           1|           9|
    |select_ln285_68_fu_3290_p3         |  select  |      0|  0|     9|           1|           9|
    |select_ln285_69_fu_3492_p3         |  select  |      0|  0|     9|           1|           9|
    |select_ln285_70_fu_3861_p3         |  select  |      0|  0|     9|           1|           9|
    |select_ln285_fu_1872_p3            |  select  |      0|  0|     9|           1|           9|
    |select_ln288_64_fu_2127_p3         |  select  |      0|  0|     2|           1|           2|
    |select_ln288_65_fu_2407_p3         |  select  |      0|  0|     2|           1|           2|
    |select_ln288_66_fu_2695_p3         |  select  |      0|  0|     2|           1|           2|
    |select_ln288_67_fu_2980_p3         |  select  |      0|  0|     2|           1|           2|
    |select_ln288_68_fu_3258_p3         |  select  |      0|  0|     2|           1|           2|
    |select_ln288_69_fu_3460_p3         |  select  |      0|  0|     2|           1|           2|
    |select_ln288_70_fu_3829_p3         |  select  |      0|  0|     2|           1|           2|
    |select_ln288_fu_1840_p3            |  select  |      0|  0|     2|           1|           2|
    |select_ln295_64_fu_2101_p3         |  select  |      0|  0|     9|           1|           9|
    |select_ln295_65_fu_2381_p3         |  select  |      0|  0|     9|           1|           9|
    |select_ln295_66_fu_2669_p3         |  select  |      0|  0|     9|           1|           9|
    |select_ln295_67_fu_2954_p3         |  select  |      0|  0|     9|           1|           9|
    |select_ln295_68_fu_3232_p3         |  select  |      0|  0|     9|           1|           9|
    |select_ln295_69_fu_3434_p3         |  select  |      0|  0|     9|           1|           9|
    |select_ln295_70_fu_3803_p3         |  select  |      0|  0|     9|           1|           9|
    |select_ln295_fu_1814_p3            |  select  |      0|  0|     9|           1|           9|
    |select_ln303_1_fu_2215_p3          |  select  |      0|  0|     9|           1|           9|
    |select_ln303_2_fu_2501_p3          |  select  |      0|  0|     9|           1|           9|
    |select_ln303_3_fu_2783_p3          |  select  |      0|  0|     9|           1|           9|
    |select_ln303_4_fu_3068_p3          |  select  |      0|  0|     9|           1|           9|
    |select_ln303_5_fu_3554_p3          |  select  |      0|  0|     9|           1|           9|
    |select_ln303_6_fu_3633_p3          |  select  |      0|  0|     9|           1|           9|
    |select_ln303_7_fu_3917_p3          |  select  |      0|  0|     9|           1|           9|
    |select_ln303_fu_1928_p3            |  select  |      0|  0|     9|           1|           9|
    |select_ln396_1_fu_1596_p3          |  select  |      0|  0|     8|           1|           8|
    |select_ln396_2_fu_1661_p3          |  select  |      0|  0|    13|           1|           1|
    |select_ln396_fu_1588_p3            |  select  |      0|  0|     5|           1|           1|
    |select_ln399_1_fu_1675_p3          |  select  |      0|  0|     2|           1|           2|
    |select_ln399_2_fu_1706_p3          |  select  |      0|  0|     8|           1|           8|
    |select_ln399_fu_1550_p3            |  select  |      0|  0|     8|           1|           1|
    |select_ln431_1_fu_4020_p3          |  select  |      0|  0|    15|           1|          15|
    |select_ln431_fu_4012_p3            |  select  |      0|  0|     2|           1|           1|
    |shl_ln180_10_fu_3588_p2            |    shl   |      0|  0|   790|          72|         216|
    |shl_ln180_11_fu_3609_p2            |    shl   |      0|  0|   790|         216|         216|
    |shl_ln180_12_fu_3668_p2            |    shl   |      0|  0|   790|          72|         216|
    |shl_ln180_13_fu_3690_p2            |    shl   |      0|  0|   790|         216|         216|
    |shl_ln180_14_fu_3953_p2            |    shl   |      0|  0|   790|          72|         216|
    |shl_ln180_15_fu_3975_p2            |    shl   |      0|  0|   790|         216|         216|
    |shl_ln180_1_fu_1988_p2             |    shl   |      0|  0|   790|         216|         216|
    |shl_ln180_2_fu_2253_p2             |    shl   |      0|  0|   790|          72|         216|
    |shl_ln180_3_fu_2275_p2             |    shl   |      0|  0|   790|         216|         216|
    |shl_ln180_4_fu_2535_p2             |    shl   |      0|  0|   790|          72|         216|
    |shl_ln180_5_fu_2556_p2             |    shl   |      0|  0|   790|         216|         216|
    |shl_ln180_6_fu_2819_p2             |    shl   |      0|  0|   790|          72|         216|
    |shl_ln180_7_fu_2841_p2             |    shl   |      0|  0|   790|         216|         216|
    |shl_ln180_8_fu_3104_p2             |    shl   |      0|  0|   790|          72|         216|
    |shl_ln180_9_fu_3126_p2             |    shl   |      0|  0|   790|         216|         216|
    |shl_ln180_fu_1966_p2               |    shl   |      0|  0|   790|          72|         216|
    |shl_ln297_1_fu_2095_p2             |    shl   |      0|  0|    20|           9|           9|
    |shl_ln297_2_fu_2375_p2             |    shl   |      0|  0|    20|           9|           9|
    |shl_ln297_3_fu_2663_p2             |    shl   |      0|  0|    20|           9|           9|
    |shl_ln297_4_fu_2948_p2             |    shl   |      0|  0|    20|           9|           9|
    |shl_ln297_5_fu_3226_p2             |    shl   |      0|  0|    20|           9|           9|
    |shl_ln297_6_fu_3428_p2             |    shl   |      0|  0|    20|           9|           9|
    |shl_ln297_7_fu_3797_p2             |    shl   |      0|  0|    20|           9|           9|
    |shl_ln297_fu_1808_p2               |    shl   |      0|  0|    20|           9|           9|
    |ap_enable_pp0                      |    xor   |      0|  0|     2|           1|           2|
    |ap_enable_pp1                      |    xor   |      0|  0|     2|           1|           2|
    |ap_enable_reg_pp0_iter1            |    xor   |      0|  0|     2|           2|           1|
    |ap_enable_reg_pp1_iter1            |    xor   |      0|  0|     2|           2|           1|
    |xor_ln180_1_fu_2259_p2             |    xor   |      0|  0|   216|         216|           2|
    |xor_ln180_2_fu_2541_p2             |    xor   |      0|  0|   216|         216|           2|
    |xor_ln180_3_fu_2825_p2             |    xor   |      0|  0|   216|         216|           2|
    |xor_ln180_4_fu_3110_p2             |    xor   |      0|  0|   216|         216|           2|
    |xor_ln180_5_fu_3594_p2             |    xor   |      0|  0|   216|         216|           2|
    |xor_ln180_6_fu_3674_p2             |    xor   |      0|  0|   216|         216|           2|
    |xor_ln180_7_fu_3959_p2             |    xor   |      0|  0|   216|         216|           2|
    |xor_ln180_fu_1972_p2               |    xor   |      0|  0|   216|         216|           2|
    |xor_ln278_64_fu_2175_p2            |    xor   |      0|  0|     2|           1|           2|
    |xor_ln278_65_fu_2455_p2            |    xor   |      0|  0|     2|           1|           2|
    |xor_ln278_66_fu_2743_p2            |    xor   |      0|  0|     2|           1|           2|
    |xor_ln278_67_fu_3028_p2            |    xor   |      0|  0|     2|           1|           2|
    |xor_ln278_68_fu_3306_p2            |    xor   |      0|  0|     2|           1|           2|
    |xor_ln278_69_fu_3508_p2            |    xor   |      0|  0|     2|           1|           2|
    |xor_ln278_70_fu_3877_p2            |    xor   |      0|  0|     2|           1|           2|
    |xor_ln278_fu_1888_p2               |    xor   |      0|  0|     2|           1|           2|
    |xor_ln282_64_fu_2141_p2            |    xor   |      0|  0|     2|           1|           2|
    |xor_ln282_65_fu_2421_p2            |    xor   |      0|  0|     2|           1|           2|
    |xor_ln282_66_fu_2709_p2            |    xor   |      0|  0|     2|           1|           2|
    |xor_ln282_67_fu_2994_p2            |    xor   |      0|  0|     2|           1|           2|
    |xor_ln282_68_fu_3272_p2            |    xor   |      0|  0|     2|           1|           2|
    |xor_ln282_69_fu_3474_p2            |    xor   |      0|  0|     2|           1|           2|
    |xor_ln282_70_fu_3843_p2            |    xor   |      0|  0|     2|           1|           2|
    |xor_ln282_fu_1854_p2               |    xor   |      0|  0|     2|           1|           2|
    |xor_ln399_fu_1558_p2               |    xor   |      0|  0|     2|           1|           2|
    +-----------------------------------+----------+-------+---+------+------------+------------+
    |Total                              |          |      0|  0| 62570|       17905|       22111|
    +-----------------------------------+----------+-------+---+------+------------+------------+

    * Multiplexer: 
    +-----------------------------------------+-----+-----------+-----+-----------+
    |                   Name                  | LUT | Input Size| Bits| Total Bits|
    +-----------------------------------------+-----+-----------+-----+-----------+
    |ap_NS_fsm                                |  133|         29|    1|         29|
    |ap_enable_reg_pp0_iter1                  |    9|          2|    1|          2|
    |ap_enable_reg_pp0_iter12                 |    9|          2|    1|          2|
    |ap_enable_reg_pp1_iter1                  |    9|          2|    1|          2|
    |ap_enable_reg_pp1_iter2                  |    9|          2|    1|          2|
    |ap_phi_mux_ch_0_phi_fu_774_p4            |    9|          2|    2|          4|
    |ap_phi_mux_col_0_phi_fu_810_p4           |    9|          2|    5|         10|
    |ap_phi_mux_indvar_flatten_phi_fu_786_p4  |    9|          2|   13|         26|
    |ap_phi_mux_row_0_phi_fu_798_p4           |    9|          2|    8|         16|
    |ap_phi_mux_s_0_phi_fu_833_p4             |    9|          2|   15|         30|
    |buf0_V_address0                          |   15|          3|   15|         45|
    |buf0_V_address1                          |   21|          4|   15|         60|
    |buf0_V_ce0                               |   15|          3|    1|          3|
    |buf0_V_ce1                               |   21|          4|    1|          4|
    |buf0_V_d1                                |   21|          4|  288|       1152|
    |buf0_V_we1                               |   21|          4|    1|          4|
    |buf1_V_address0                          |   27|          5|   15|         75|
    |buf1_V_address1                          |   21|          4|   15|         60|
    |buf1_V_ce0                               |   27|          5|    1|          5|
    |buf1_V_ce1                               |   21|          4|    1|          4|
    |buf1_V_d1                                |   15|          3|  288|        864|
    |buf1_V_we1                               |   15|          3|    1|          3|
    |buf2_V_address0                          |   21|          4|   15|         60|
    |buf2_V_address1                          |   15|          3|   15|         45|
    |buf2_V_ce0                               |   21|          4|    1|          4|
    |buf2_V_ce1                               |   15|          3|    1|          3|
    |buf2_V_d1                                |   15|          3|  288|        864|
    |buf2_V_we1                               |   15|          3|    1|          3|
    |ch_0_reg_770                             |    9|          2|    2|          4|
    |col_0_reg_806                            |    9|          2|    5|         10|
    |ddr_V_ARVALID                            |    9|          2|    1|          2|
    |ddr_V_RREADY                             |    9|          2|    1|          2|
    |grp_add_fu_891_SCALE1                    |   15|          3|   32|         96|
    |grp_add_fu_891_SCALE2                    |   15|          3|   32|         96|
    |grp_add_fu_891_input1_V_q0               |   15|          3|  288|        864|
    |grp_add_fu_891_input2_V_q0               |   15|          3|  288|        864|
    |grp_conv_layer_fu_851_K                  |   15|          3|    4|         12|
    |grp_conv_layer_fu_851_OFFSET             |   41|          8|   19|        152|
    |grp_conv_layer_fu_851_P                  |   15|          3|    1|          3|
    |grp_conv_layer_fu_851_TI                 |   15|          3|    5|         15|
    |grp_conv_layer_fu_851_TO_r               |   15|          3|    4|         12|
    |grp_conv_layer_fu_851_input_V_q0         |   21|          4|  288|       1152|
    |i_0_reg_840                              |    9|          2|    2|          4|
    |inbuf_V_address0                         |   15|          3|   13|         39|
    |inbuf_V_ce0                              |   15|          3|    1|          3|
    |indvar_flatten47_reg_759                 |    9|          2|   15|         30|
    |indvar_flatten55_reg_818                 |    9|          2|   16|         32|
    |indvar_flatten_reg_782                   |    9|          2|   13|         26|
    |input_V_0_data_out                       |    9|          2|  256|        512|
    |input_V_0_state                          |   15|          3|    2|          6|
    |input_V_TDATA_blk_n                      |    9|          2|    1|          2|
    |row_0_reg_794                            |    9|          2|    8|         16|
    |s_0_reg_829                              |    9|          2|   15|         30|
    |startt_V_1_state                         |   15|          3|    2|          6|
    |startt_V_TDATA_blk_n                     |    9|          2|    1|          2|
    |stopt_V_1_state                          |   15|          3|    2|          6|
    |stopt_V_TDATA_blk_n                      |    9|          2|    1|          2|
    |sw0out_V_1_data_out                      |    9|          2|  176|        352|
    |sw0out_V_1_state                         |   15|          3|    2|          6|
    |sw0out_V_TDATA_blk_n                     |    9|          2|    1|          2|
    +-----------------------------------------+-----+-----------+-----+-----------+
    |Total                                    |  972|        199| 2508|       7741|
    +-----------------------------------------+-----+-----------+-----+-----------+

    * Register: 
    +----------------------------------------+-----+----+-----+-----------+
    |                  Name                  |  FF | LUT| Bits| Const Bits|
    +----------------------------------------+-----+----+-----+-----------+
    |ap_CS_fsm                               |   28|   0|   28|          0|
    |ap_enable_reg_pp0_iter0                 |    1|   0|    1|          0|
    |ap_enable_reg_pp0_iter1                 |    1|   0|    1|          0|
    |ap_enable_reg_pp0_iter10                |    1|   0|    1|          0|
    |ap_enable_reg_pp0_iter11                |    1|   0|    1|          0|
    |ap_enable_reg_pp0_iter12                |    1|   0|    1|          0|
    |ap_enable_reg_pp0_iter2                 |    1|   0|    1|          0|
    |ap_enable_reg_pp0_iter3                 |    1|   0|    1|          0|
    |ap_enable_reg_pp0_iter4                 |    1|   0|    1|          0|
    |ap_enable_reg_pp0_iter5                 |    1|   0|    1|          0|
    |ap_enable_reg_pp0_iter6                 |    1|   0|    1|          0|
    |ap_enable_reg_pp0_iter7                 |    1|   0|    1|          0|
    |ap_enable_reg_pp0_iter8                 |    1|   0|    1|          0|
    |ap_enable_reg_pp0_iter9                 |    1|   0|    1|          0|
    |ap_enable_reg_pp1_iter0                 |    1|   0|    1|          0|
    |ap_enable_reg_pp1_iter1                 |    1|   0|    1|          0|
    |ap_enable_reg_pp1_iter2                 |    1|   0|    1|          0|
    |ap_sync_reg_grp_conv1_fu_914_ap_done    |    1|   0|    1|          0|
    |ap_sync_reg_grp_conv1_fu_914_ap_ready   |    1|   0|    1|          0|
    |bitcast_ln705_2_reg_5696                |   32|   0|   32|          0|
    |bitcast_ln705_5_reg_5723                |   32|   0|   32|          0|
    |bitcast_ln705_6_reg_5734                |   32|   0|   32|          0|
    |ch_0_reg_770                            |    2|   0|    2|          0|
    |col_0_reg_806                           |    5|   0|    5|          0|
    |col_reg_5659                            |    5|   0|    5|          0|
    |grp_add_fu_891_ap_start_reg             |    1|   0|    1|          0|
    |grp_conv1_fu_914_ap_start_reg           |    1|   0|    1|          0|
    |grp_conv_layer_fu_851_ap_start_reg      |    1|   0|    1|          0|
    |grp_maxpool_fu_1304_ap_start_reg        |    1|   0|    1|          0|
    |grp_roundf_fu_1312_ap_start_reg         |    1|   0|    1|          0|
    |grp_roundf_fu_1321_ap_start_reg         |    1|   0|    1|          0|
    |grp_roundf_fu_1330_ap_start_reg         |    1|   0|    1|          0|
    |grp_roundf_fu_1339_ap_start_reg         |    1|   0|    1|          0|
    |grp_roundf_fu_1348_ap_start_reg         |    1|   0|    1|          0|
    |grp_roundf_fu_1357_ap_start_reg         |    1|   0|    1|          0|
    |grp_roundf_fu_1366_ap_start_reg         |    1|   0|    1|          0|
    |grp_roundf_fu_1375_ap_start_reg         |    1|   0|    1|          0|
    |i_0_reg_840                             |    2|   0|    2|          0|
    |icmp_ln395_reg_5513                     |    1|   0|    1|          0|
    |icmp_ln396_reg_5617                     |    1|   0|    1|          0|
    |icmp_ln425_reg_5756                     |    1|   0|    1|          0|
    |icmp_ln425_reg_5756_pp1_iter1_reg       |    1|   0|    1|          0|
    |inbuf_V_addr_reg_5633                   |   13|   0|   13|          0|
    |indvar_flatten47_reg_759                |   15|   0|   15|          0|
    |indvar_flatten55_reg_818                |   16|   0|   16|          0|
    |indvar_flatten_reg_782                  |   13|   0|   13|          0|
    |input_V_0_payload_A                     |  256|   0|  256|          0|
    |input_V_0_payload_B                     |  256|   0|  256|          0|
    |input_V_0_sel_rd                        |    1|   0|    1|          0|
    |input_V_0_sel_wr                        |    1|   0|    1|          0|
    |input_V_0_state                         |    2|   0|    2|          0|
    |or_ln180_1_reg_5690                     |  216|   0|  216|          0|
    |or_ln180_4_reg_5717                     |  216|   0|  216|          0|
    |p_0106_1_fu_696                         |  169|   0|  169|          0|
    |p_Result_2_reg_5532                     |   32|   0|   32|          0|
    |p_Result_3_reg_5537                     |   32|   0|   32|          0|
    |p_Result_4_reg_5542                     |   32|   0|   32|          0|
    |p_Result_5_reg_5547                     |   32|   0|   32|          0|
    |p_Result_5_reg_5547_pp0_iter1_reg       |   32|   0|   32|          0|
    |p_Result_6_reg_5552                     |   32|   0|   32|          0|
    |p_Result_6_reg_5552_pp0_iter1_reg       |   32|   0|   32|          0|
    |p_Result_7_reg_5557                     |   32|   0|   32|          0|
    |p_Result_7_reg_5557_pp0_iter1_reg       |   32|   0|   32|          0|
    |row_0_reg_794                           |    8|   0|    8|          0|
    |s_0_reg_829                             |   15|   0|   15|          0|
    |select_ln284_65_reg_5701                |    9|   0|    9|          0|
    |select_ln284_68_reg_5728                |    9|   0|    9|          0|
    |select_ln284_69_reg_5739                |    9|   0|    9|          0|
    |select_ln396_1_reg_5623                 |    8|   0|    8|          0|
    |select_ln396_2_reg_5664                 |   13|   0|   13|          0|
    |select_ln399_1_reg_5669                 |    2|   0|    2|          0|
    |select_ln399_2_reg_5674                 |    4|   0|    8|          4|
    |select_ln399_2_reg_5674_pp0_iter11_reg  |    4|   0|    8|          4|
    |select_ln431_1_reg_5765                 |   15|   0|   15|          0|
    |startt_V_1_sel_rd                       |    1|   0|    1|          0|
    |startt_V_1_state                        |    2|   0|    2|          0|
    |stopt_V_1_sel_rd                        |    1|   0|    1|          0|
    |stopt_V_1_state                         |    2|   0|    2|          0|
    |sw0out_V_1_payload_A                    |  176|   0|  176|          0|
    |sw0out_V_1_payload_B                    |  176|   0|  176|          0|
    |sw0out_V_1_sel_rd                       |    1|   0|    1|          0|
    |sw0out_V_1_sel_wr                       |    1|   0|    1|          0|
    |sw0out_V_1_state                        |    2|   0|    2|          0|
    |tmp345_reg_5592                         |   32|   0|   32|          0|
    |tmp_1_reg_5597                          |   32|   0|   32|          0|
    |tmp_2_reg_5602                          |   32|   0|   32|          0|
    |tmp_3_reg_5607                          |   32|   0|   32|          0|
    |tmp_4_reg_5612                          |   32|   0|   32|          0|
    |tmp_5_reg_5644                          |   32|   0|   32|          0|
    |tmp_6_reg_5649                          |   32|   0|   32|          0|
    |tmp_7_reg_5654                          |   32|   0|   32|          0|
    |trunc_ln214_reg_5770                    |    1|   0|    1|          0|
    |val_assign_1_reg_5639                   |   32|   0|   32|          0|
    |val_assign_3_reg_5707                   |   32|   0|   32|          0|
    |val_assign_4_reg_5712                   |   32|   0|   32|          0|
    |val_assign_7_reg_5745                   |   32|   0|   32|          0|
    |val_assign_reg_5628                     |   32|   0|   32|          0|
    |icmp_ln395_reg_5513                     |   64|  32|    1|          0|
    |inbuf_V_addr_reg_5633                   |   64|  32|   13|          0|
    +----------------------------------------+-----+----+-----+-----------+
    |Total                                   | 2637|  64| 2531|          8|
    +----------------------------------------+-----+----+-----+-----------+



================================================================
== Interface
================================================================
* Summary: 
+------------------------+-----+-----+------------+--------------+--------------+
|        RTL Ports       | Dir | Bits|  Protocol  | Source Object|    C Type    |
+------------------------+-----+-----+------------+--------------+--------------+
|s_axi_AXILiteS_AWVALID  |  in |    1|    s_axi   |   AXILiteS   |  return void |
|s_axi_AXILiteS_AWREADY  | out |    1|    s_axi   |   AXILiteS   |  return void |
|s_axi_AXILiteS_AWADDR   |  in |    4|    s_axi   |   AXILiteS   |  return void |
|s_axi_AXILiteS_WVALID   |  in |    1|    s_axi   |   AXILiteS   |  return void |
|s_axi_AXILiteS_WREADY   | out |    1|    s_axi   |   AXILiteS   |  return void |
|s_axi_AXILiteS_WDATA    |  in |   32|    s_axi   |   AXILiteS   |  return void |
|s_axi_AXILiteS_WSTRB    |  in |    4|    s_axi   |   AXILiteS   |  return void |
|s_axi_AXILiteS_ARVALID  |  in |    1|    s_axi   |   AXILiteS   |  return void |
|s_axi_AXILiteS_ARREADY  | out |    1|    s_axi   |   AXILiteS   |  return void |
|s_axi_AXILiteS_ARADDR   |  in |    4|    s_axi   |   AXILiteS   |  return void |
|s_axi_AXILiteS_RVALID   | out |    1|    s_axi   |   AXILiteS   |  return void |
|s_axi_AXILiteS_RREADY   |  in |    1|    s_axi   |   AXILiteS   |  return void |
|s_axi_AXILiteS_RDATA    | out |   32|    s_axi   |   AXILiteS   |  return void |
|s_axi_AXILiteS_RRESP    | out |    2|    s_axi   |   AXILiteS   |  return void |
|s_axi_AXILiteS_BVALID   | out |    1|    s_axi   |   AXILiteS   |  return void |
|s_axi_AXILiteS_BREADY   |  in |    1|    s_axi   |   AXILiteS   |  return void |
|s_axi_AXILiteS_BRESP    | out |    2|    s_axi   |   AXILiteS   |  return void |
|ap_clk                  |  in |    1| ap_ctrl_hs |  resnet50_0  | return value |
|ap_rst_n                |  in |    1| ap_ctrl_hs |  resnet50_0  | return value |
|interrupt               | out |    1| ap_ctrl_hs |  resnet50_0  | return value |
|input_V_TDATA           |  in |  256|    axis    |    input_V   |    pointer   |
|input_V_TVALID          |  in |    1|    axis    |    input_V   |    pointer   |
|input_V_TREADY          | out |    1|    axis    |    input_V   |    pointer   |
|sw0out_V_TDATA          | out |  176|    axis    |   sw0out_V   |    pointer   |
|sw0out_V_TVALID         | out |    1|    axis    |   sw0out_V   |    pointer   |
|sw0out_V_TREADY         |  in |    1|    axis    |   sw0out_V   |    pointer   |
|startt_V_TDATA          | out |    8|    axis    |   startt_V   |    pointer   |
|startt_V_TVALID         | out |    1|    axis    |   startt_V   |    pointer   |
|startt_V_TREADY         |  in |    1|    axis    |   startt_V   |    pointer   |
|stopt_V_TDATA           | out |    8|    axis    |    stopt_V   |    pointer   |
|stopt_V_TVALID          | out |    1|    axis    |    stopt_V   |    pointer   |
|stopt_V_TREADY          |  in |    1|    axis    |    stopt_V   |    pointer   |
|m_axi_ddr_V_AWVALID     | out |    1|    m_axi   |     ddr_V    |    pointer   |
|m_axi_ddr_V_AWREADY     |  in |    1|    m_axi   |     ddr_V    |    pointer   |
|m_axi_ddr_V_AWADDR      | out |   32|    m_axi   |     ddr_V    |    pointer   |
|m_axi_ddr_V_AWID        | out |    1|    m_axi   |     ddr_V    |    pointer   |
|m_axi_ddr_V_AWLEN       | out |    8|    m_axi   |     ddr_V    |    pointer   |
|m_axi_ddr_V_AWSIZE      | out |    3|    m_axi   |     ddr_V    |    pointer   |
|m_axi_ddr_V_AWBURST     | out |    2|    m_axi   |     ddr_V    |    pointer   |
|m_axi_ddr_V_AWLOCK      | out |    2|    m_axi   |     ddr_V    |    pointer   |
|m_axi_ddr_V_AWCACHE     | out |    4|    m_axi   |     ddr_V    |    pointer   |
|m_axi_ddr_V_AWPROT      | out |    3|    m_axi   |     ddr_V    |    pointer   |
|m_axi_ddr_V_AWQOS       | out |    4|    m_axi   |     ddr_V    |    pointer   |
|m_axi_ddr_V_AWREGION    | out |    4|    m_axi   |     ddr_V    |    pointer   |
|m_axi_ddr_V_AWUSER      | out |    1|    m_axi   |     ddr_V    |    pointer   |
|m_axi_ddr_V_WVALID      | out |    1|    m_axi   |     ddr_V    |    pointer   |
|m_axi_ddr_V_WREADY      |  in |    1|    m_axi   |     ddr_V    |    pointer   |
|m_axi_ddr_V_WDATA       | out |  128|    m_axi   |     ddr_V    |    pointer   |
|m_axi_ddr_V_WSTRB       | out |   16|    m_axi   |     ddr_V    |    pointer   |
|m_axi_ddr_V_WLAST       | out |    1|    m_axi   |     ddr_V    |    pointer   |
|m_axi_ddr_V_WID         | out |    1|    m_axi   |     ddr_V    |    pointer   |
|m_axi_ddr_V_WUSER       | out |    1|    m_axi   |     ddr_V    |    pointer   |
|m_axi_ddr_V_ARVALID     | out |    1|    m_axi   |     ddr_V    |    pointer   |
|m_axi_ddr_V_ARREADY     |  in |    1|    m_axi   |     ddr_V    |    pointer   |
|m_axi_ddr_V_ARADDR      | out |   32|    m_axi   |     ddr_V    |    pointer   |
|m_axi_ddr_V_ARID        | out |    1|    m_axi   |     ddr_V    |    pointer   |
|m_axi_ddr_V_ARLEN       | out |    8|    m_axi   |     ddr_V    |    pointer   |
|m_axi_ddr_V_ARSIZE      | out |    3|    m_axi   |     ddr_V    |    pointer   |
|m_axi_ddr_V_ARBURST     | out |    2|    m_axi   |     ddr_V    |    pointer   |
|m_axi_ddr_V_ARLOCK      | out |    2|    m_axi   |     ddr_V    |    pointer   |
|m_axi_ddr_V_ARCACHE     | out |    4|    m_axi   |     ddr_V    |    pointer   |
|m_axi_ddr_V_ARPROT      | out |    3|    m_axi   |     ddr_V    |    pointer   |
|m_axi_ddr_V_ARQOS       | out |    4|    m_axi   |     ddr_V    |    pointer   |
|m_axi_ddr_V_ARREGION    | out |    4|    m_axi   |     ddr_V    |    pointer   |
|m_axi_ddr_V_ARUSER      | out |    1|    m_axi   |     ddr_V    |    pointer   |
|m_axi_ddr_V_RVALID      |  in |    1|    m_axi   |     ddr_V    |    pointer   |
|m_axi_ddr_V_RREADY      | out |    1|    m_axi   |     ddr_V    |    pointer   |
|m_axi_ddr_V_RDATA       |  in |  128|    m_axi   |     ddr_V    |    pointer   |
|m_axi_ddr_V_RLAST       |  in |    1|    m_axi   |     ddr_V    |    pointer   |
|m_axi_ddr_V_RID         |  in |    1|    m_axi   |     ddr_V    |    pointer   |
|m_axi_ddr_V_RUSER       |  in |    1|    m_axi   |     ddr_V    |    pointer   |
|m_axi_ddr_V_RRESP       |  in |    2|    m_axi   |     ddr_V    |    pointer   |
|m_axi_ddr_V_BVALID      |  in |    1|    m_axi   |     ddr_V    |    pointer   |
|m_axi_ddr_V_BREADY      | out |    1|    m_axi   |     ddr_V    |    pointer   |
|m_axi_ddr_V_BRESP       |  in |    2|    m_axi   |     ddr_V    |    pointer   |
|m_axi_ddr_V_BID         |  in |    1|    m_axi   |     ddr_V    |    pointer   |
|m_axi_ddr_V_BUSER       |  in |    1|    m_axi   |     ddr_V    |    pointer   |
+------------------------+-----+-----+------------+--------------+--------------+

