

================================================================
== Vivado HLS Report for 'roundf'
================================================================
* Date:           Sun Jun  6 19:24:18 2021

* Version:        2019.1.3 (Build 2642998 on Wed Sep 04 10:25:22 MDT 2019)
* Project:        resnet50_0
* Solution:       solution1
* Product family: zynquplus
* Target device:  xczu19eg-ffvc1760-2-i


================================================================
== Performance Estimates
================================================================
+ Timing (ns): 
    * Summary: 
    +--------+-------+----------+------------+
    |  Clock | Target| Estimated| Uncertainty|
    +--------+-------+----------+------------+
    |ap_clk  |  10.00|     3.151|        1.25|
    +--------+-------+----------+------------+

+ Latency (clock cycles): 
    * Summary: 
    +-----+-----+-----+-----+----------+
    |  Latency  |  Interval | Pipeline |
    | min | max | min | max |   Type   |
    +-----+-----+-----+-----+----------+
    |    1|    1|    1|    1| function |
    +-----+-----+-----+-----+----------+

    + Detail: 
        * Instance: 
        N/A

        * Loop: 
        N/A



================================================================
== Utilization Estimates
================================================================
* Summary: 
+-----------------+---------+-------+---------+--------+-----+
|       Name      | BRAM_18K| DSP48E|    FF   |   LUT  | URAM|
+-----------------+---------+-------+---------+--------+-----+
|DSP              |        -|      -|        -|       -|    -|
|Expression       |        -|      -|        0|     181|    -|
|FIFO             |        -|      -|        -|       -|    -|
|Instance         |        -|      -|        -|       -|    -|
|Memory           |        0|      -|       47|      24|    -|
|Multiplexer      |        -|      -|        -|       -|    -|
|Register         |        -|      -|       68|       -|    -|
+-----------------+---------+-------+---------+--------+-----+
|Total            |        0|      0|      115|     205|    0|
+-----------------+---------+-------+---------+--------+-----+
|Available        |     1968|   1968|  1045440|  522720|  128|
+-----------------+---------+-------+---------+--------+-----+
|Utilization (%)  |        0|      0|    ~0   |   ~0   |    0|
+-----------------+---------+-------+---------+--------+-----+

+ Detail: 
    * Instance: 
    N/A

    * DSP48E: 
    N/A

    * Memory: 
    +-------------------+------------------------+---------+----+----+-----+------+-----+------+-------------+
    |       Memory      |         Module         | BRAM_18K| FF | LUT| URAM| Words| Bits| Banks| W*Bits*Banks|
    +-------------------+------------------------+---------+----+----+-----+------+-----+------+-------------+
    |mask_table1_U      |roundf_mask_table1      |        0|  23|  12|    0|    32|   23|     1|          736|
    |one_half_table2_U  |roundf_one_half_table2  |        0|  24|  12|    0|    32|   24|     1|          768|
    +-------------------+------------------------+---------+----+----+-----+------+-----+------+-------------+
    |Total              |                        |        0|  47|  24|    0|    64|   47|     2|         1504|
    +-------------------+------------------------+---------+----+----+-----+------+-----+------+-------------+

    * FIFO: 
    N/A

    * Expression: 
    +-----------------------------+----------+-------+---+----+------------+------------+
    |        Variable Name        | Operation| DSP48E| FF| LUT| Bitwidth P0| Bitwidth P1|
    +-----------------------------+----------+-------+---+----+------------+------------+
    |p_Val2_s_fu_133_p2           |     +    |      0|  0|  39|          32|          32|
    |and_ln849_fu_188_p2          |    and   |      0|  0|   2|           1|           1|
    |ap_block_pp0_stage0_11001    |    and   |      0|  0|   2|           1|           1|
    |xs_sig_V_fu_148_p2           |    and   |      0|  0|  23|          23|          23|
    |icmp_ln849_1_fu_92_p2        |   icmp   |      0|  0|  11|           8|           8|
    |icmp_ln849_fu_86_p2          |   icmp   |      0|  0|  11|           8|           7|
    |ap_block_pp0_stage0_subdone  |    or    |      0|  0|   2|           1|           1|
    |ap_return                    |  select  |      0|  0|  32|           1|          32|
    |select_ln849_fu_172_p3       |  select  |      0|  0|  32|           1|          32|
    |ap_enable_pp0                |    xor   |      0|  0|   2|           1|           2|
    |xor_ln1309_fu_142_p2         |    xor   |      0|  0|  23|          23|           2|
    |xor_ln849_fu_183_p2          |    xor   |      0|  0|   2|           1|           2|
    +-----------------------------+----------+-------+---+----+------------+------------+
    |Total                        |          |      0|  0| 181|         101|         143|
    +-----------------------------+----------+-------+---+----+------------+------------+

    * Multiplexer: 
    N/A

    * Register: 
    +-------------------------+----+----+-----+-----------+
    |           Name          | FF | LUT| Bits| Const Bits|
    +-------------------------+----+----+-----+-----------+
    |ap_CS_fsm                |   1|   0|    1|          0|
    |ap_enable_reg_pp0_iter1  |   1|   0|    1|          0|
    |icmp_ln849_1_reg_217     |   1|   0|    1|          0|
    |icmp_ln849_reg_211       |   1|   0|    1|          0|
    |t_V_1_reg_205            |  32|   0|   32|          0|
    |x_read_reg_200           |  32|   0|   32|          0|
    +-------------------------+----+----+-----+-----------+
    |Total                    |  68|   0|   68|          0|
    +-------------------------+----+----+-----+-----------+



================================================================
== Interface
================================================================
* Summary: 
+-----------+-----+-----+------------+--------------+--------------+
| RTL Ports | Dir | Bits|  Protocol  | Source Object|    C Type    |
+-----------+-----+-----+------------+--------------+--------------+
|ap_clk     |  in |    1| ap_ctrl_hs |    roundf    | return value |
|ap_rst     |  in |    1| ap_ctrl_hs |    roundf    | return value |
|ap_start   |  in |    1| ap_ctrl_hs |    roundf    | return value |
|ap_done    | out |    1| ap_ctrl_hs |    roundf    | return value |
|ap_idle    | out |    1| ap_ctrl_hs |    roundf    | return value |
|ap_ready   | out |    1| ap_ctrl_hs |    roundf    | return value |
|ap_ce      |  in |    1| ap_ctrl_hs |    roundf    | return value |
|ap_return  | out |   32| ap_ctrl_hs |    roundf    | return value |
|x          |  in |   32|   ap_none  |       x      |    scalar    |
+-----------+-----+-----+------------+--------------+--------------+

