
****** Vivado v2019.1.3 (64-bit)
  **** SW Build 2644227 on Wed Sep  4 09:44:18 MDT 2019
  **** IP Build 2633630 on Wed Sep  4 12:30:14 MDT 2019
    ** Copyright 1986-2019 Xilinx, Inc. All Rights Reserved.

source run_ippack.tcl -notrace
INFO: [IP_Flow 19-234] Refreshing IP repositories
INFO: [IP_Flow 19-1704] No user IP repositories specified
INFO: [IP_Flow 19-2313] Loaded Vivado IP repository '/home/cad/xilinx/Vivado-2019.1/Vivado/2019.1/data/ip'.
WARNING: [IP_Flow 19-4832] The IP name 'resnet50_0_ap_fadd_2_full_dsp_32' you have specified is long. The Windows operating system has path length limitations. It is recommended you use shorter names to reduce the likelihood of issues.
INFO: [IP_Flow 19-1686] Generating 'Synthesis' target for IP 'resnet50_0_ap_fadd_2_full_dsp_32'...
INFO: [IP_Flow 19-1686] Generating 'Simulation' target for IP 'resnet50_0_ap_fadd_2_full_dsp_32'...
WARNING: [IP_Flow 19-4832] The IP name 'resnet50_0_ap_fcmp_0_no_dsp_32' you have specified is long. The Windows operating system has path length limitations. It is recommended you use shorter names to reduce the likelihood of issues.
INFO: [IP_Flow 19-1686] Generating 'Synthesis' target for IP 'resnet50_0_ap_fcmp_0_no_dsp_32'...
INFO: [IP_Flow 19-1686] Generating 'Simulation' target for IP 'resnet50_0_ap_fcmp_0_no_dsp_32'...
WARNING: [IP_Flow 19-4832] The IP name 'resnet50_0_ap_fdiv_6_no_dsp_32' you have specified is long. The Windows operating system has path length limitations. It is recommended you use shorter names to reduce the likelihood of issues.
INFO: [IP_Flow 19-1686] Generating 'Synthesis' target for IP 'resnet50_0_ap_fdiv_6_no_dsp_32'...
INFO: [IP_Flow 19-1686] Generating 'Simulation' target for IP 'resnet50_0_ap_fdiv_6_no_dsp_32'...
WARNING: [IP_Flow 19-4832] The IP name 'resnet50_0_ap_fmul_0_max_dsp_32' you have specified is long. The Windows operating system has path length limitations. It is recommended you use shorter names to reduce the likelihood of issues.
INFO: [IP_Flow 19-1686] Generating 'Synthesis' target for IP 'resnet50_0_ap_fmul_0_max_dsp_32'...
INFO: [IP_Flow 19-1686] Generating 'Simulation' target for IP 'resnet50_0_ap_fmul_0_max_dsp_32'...
WARNING: [IP_Flow 19-4832] The IP name 'resnet50_0_ap_sitofp_1_no_dsp_32' you have specified is long. The Windows operating system has path length limitations. It is recommended you use shorter names to reduce the likelihood of issues.
INFO: [IP_Flow 19-1686] Generating 'Synthesis' target for IP 'resnet50_0_ap_sitofp_1_no_dsp_32'...
INFO: [IP_Flow 19-1686] Generating 'Simulation' target for IP 'resnet50_0_ap_sitofp_1_no_dsp_32'...
INFO: [IP_Flow 19-234] Refreshing IP repositories
INFO: [IP_Flow 19-1704] No user IP repositories specified
INFO: [IP_Flow 19-2313] Loaded Vivado IP repository '/home/cad/xilinx/Vivado-2019.1/Vivado/2019.1/data/ip'.
INFO: [Common 17-206] Exiting Vivado at Sun Jun  6 19:29:40 2021...
