

================================================================
== Vivado HLS Report for 'conv_layer'
================================================================
* Date:           Sun Jun  6 15:09:37 2021

* Version:        2019.1.3 (Build 2642998 on Wed Sep 04 10:25:22 MDT 2019)
* Project:        resnet50_2
* Solution:       solution1
* Product family: zynquplus
* Target device:  xczu19eg-ffvc1760-2-i


================================================================
== Performance Estimates
================================================================
+ Timing (ns): 
    * Summary: 
    +--------+-------+----------+------------+
    |  Clock | Target| Estimated| Uncertainty|
    +--------+-------+----------+------------+
    |ap_clk  |  10.00|     8.750|        1.25|
    +--------+-------+----------+------------+

+ Latency (clock cycles): 
    * Summary: 
    +------+---------+------+---------+---------+
    |     Latency    |    Interval    | Pipeline|
    |  min |   max   |  min |   max   |   Type  |
    +------+---------+------+---------+---------+
    |  4980|  2038960|  4980|  2038960|   none  |
    +------+---------+------+---------+---------+

    + Detail: 
        * Instance: 
        +-----------------------------------+------------------------+------+---------+------+---------+---------+
        |                                   |                        |     Latency    |    Interval    | Pipeline|
        |              Instance             |         Module         |  min |   max   |  min |   max   |   Type  |
        +-----------------------------------+------------------------+------+---------+------+---------+---------+
        |grp_dataflow_parent_loop_1_fu_126  |dataflow_parent_loop_1  |  4422|  2025354|  4422|  2025354|   none  |
        |grp_store_output_1_fu_145          |store_output_1          |   405|    12557|   405|    12557|   none  |
        |grp_load_bias_scale_fu_161         |load_bias_scale         |   148|     1044|   148|     1044|   none  |
        +-----------------------------------+------------------------+------+---------+------+---------+---------+

        * Loop: 
        N/A

============================================================
+ Verbose Summary: Synthesis Manager
============================================================
InlineROM: 1
ExposeGlobal: 0
============================================================
+ Verbose Summary: CDFG Model
============================================================
IsTopModel: 0
ResetActiveHigh: 1
IsCombinational: 0
IsDatapathOnly: 0
HasWiredReturn: 1
HasMFsm: 0
HasVarLatency: 1
IsPipeline: 0
IsRtlPipelined: 0
IsInstanceOverlapped: 0
IsDontTouch: 0
HasImplIP: 0
IsGatedGlobalClock: 0


============================================================
+ Verbose Summary: Schedule
============================================================
* Number of FSM states : 6
* Pipeline : 0
* Dataflow Pipeline: 0

* FSM state transitions: 
1 --> 2 
2 --> 3 
3 --> 4 
4 --> 5 
5 --> 6 
6 --> 

* FSM state operations: 

State 1 <SV = 0> <Delay = 7.19>
ST_1 : Operation 7 [1/1] (0.00ns)   --->   "%OFFSET_read = call i25 @_ssdm_op_Read.ap_auto.i25(i25 %OFFSET)"   --->   Operation 7 'read' 'OFFSET_read' <Predicate = true> <Delay = 0.00>
ST_1 : Operation 8 [1/1] (0.00ns)   --->   "%K_read = call i4 @_ssdm_op_Read.ap_auto.i4(i4 %K)"   --->   Operation 8 'read' 'K_read' <Predicate = true> <Delay = 0.00>
ST_1 : Operation 9 [1/1] (0.00ns)   --->   "%TI_read = call i7 @_ssdm_op_Read.ap_auto.i7(i7 %TI)"   --->   Operation 9 'read' 'TI_read' <Predicate = true> <Delay = 0.00>
ST_1 : Operation 10 [1/1] (0.00ns)   --->   "%TO_read = call i7 @_ssdm_op_Read.ap_auto.i7(i7 %TO_r)"   --->   Operation 10 'read' 'TO_read' <Predicate = true> <Delay = 0.00>
ST_1 : Operation 11 [1/1] (1.23ns)   --->   "%bias = alloca [32 x i2048], align 8" [resnet50_2.cpp:182]   --->   Operation 11 'alloca' 'bias' <Predicate = true> <Delay = 1.23> <Core = "RAM_1P_BRAM">   --->   Core 46 'RAM_1P_BRAM' <Latency = 1> <II = 1> <Delay = 1.23> <Storage> <Opcode : 'load' 'store'> <Ports = 1> <Width = 2048> <Depth = 32> <RAM>
ST_1 : Operation 12 [1/1] (1.23ns)   --->   "%scale = alloca [32 x i2048], align 8" [resnet50_2.cpp:183]   --->   Operation 12 'alloca' 'scale' <Predicate = true> <Delay = 1.23> <Core = "RAM_1P_BRAM">   --->   Core 46 'RAM_1P_BRAM' <Latency = 1> <II = 1> <Delay = 1.23> <Storage> <Opcode : 'load' 'store'> <Ports = 1> <Width = 2048> <Depth = 32> <RAM>
ST_1 : Operation 13 [1/1] (0.00ns)   --->   "%zext_ln189 = zext i7 %TI_read to i14" [resnet50_2.cpp:189]   --->   Operation 13 'zext' 'zext_ln189' <Predicate = true> <Delay = 0.00>
ST_1 : Operation 14 [1/1] (0.00ns)   --->   "%zext_ln189_1 = zext i7 %TO_read to i14" [resnet50_2.cpp:189]   --->   Operation 14 'zext' 'zext_ln189_1' <Predicate = true> <Delay = 0.00>
ST_1 : Operation 15 [1/1] (1.51ns)   --->   "%mul_ln189 = mul i14 %zext_ln189_1, %zext_ln189" [resnet50_2.cpp:189]   --->   Operation 15 'mul' 'mul_ln189' <Predicate = true> <Delay = 1.51> <Core = "Mul">   --->   Core 16 'Mul' <Latency = 0> <II = 1> <Delay = 2.45> <FuncUnit> <Opcode : 'mul'> <InPorts = 2> <OutPorts = 1>
ST_1 : Operation 16 [1/1] (0.00ns)   --->   "%zext_ln189_2 = zext i14 %mul_ln189 to i18" [resnet50_2.cpp:189]   --->   Operation 16 'zext' 'zext_ln189_2' <Predicate = true> <Delay = 0.00>
ST_1 : Operation 17 [1/1] (0.00ns)   --->   "%zext_ln189_3 = zext i4 %K_read to i18" [resnet50_2.cpp:189]   --->   Operation 17 'zext' 'zext_ln189_3' <Predicate = true> <Delay = 0.00>
ST_1 : Operation 18 [1/1] (2.28ns)   --->   "%mul_ln189_1 = mul i18 %zext_ln189_2, %zext_ln189_3" [resnet50_2.cpp:189]   --->   Operation 18 'mul' 'mul_ln189_1' <Predicate = true> <Delay = 2.28> <Core = "Mul">   --->   Core 16 'Mul' <Latency = 0> <II = 1> <Delay = 2.45> <FuncUnit> <Opcode : 'mul'> <InPorts = 2> <OutPorts = 1>
ST_1 : Operation 19 [1/1] (0.00ns)   --->   "%zext_ln189_4 = zext i18 %mul_ln189_1 to i22" [resnet50_2.cpp:189]   --->   Operation 19 'zext' 'zext_ln189_4' <Predicate = true> <Delay = 0.00>
ST_1 : Operation 20 [1/1] (0.00ns)   --->   "%zext_ln189_5 = zext i4 %K_read to i22" [resnet50_2.cpp:189]   --->   Operation 20 'zext' 'zext_ln189_5' <Predicate = true> <Delay = 0.00>
ST_1 : Operation 21 [1/1] (2.45ns)   --->   "%mul_ln189_2 = mul i22 %zext_ln189_4, %zext_ln189_5" [resnet50_2.cpp:189]   --->   Operation 21 'mul' 'mul_ln189_2' <Predicate = true> <Delay = 2.45> <Core = "Mul">   --->   Core 16 'Mul' <Latency = 0> <II = 1> <Delay = 2.45> <FuncUnit> <Opcode : 'mul'> <InPorts = 2> <OutPorts = 1>
ST_1 : Operation 22 [1/1] (0.00ns)   --->   "%trunc_ln189 = trunc i22 %mul_ln189_2 to i14" [resnet50_2.cpp:189]   --->   Operation 22 'trunc' 'trunc_ln189' <Predicate = true> <Delay = 0.00>
ST_1 : Operation 23 [1/1] (0.00ns)   --->   "%shl_ln = call i25 @_ssdm_op_BitConcatenate.i25.i14.i11(i14 %trunc_ln189, i11 0)" [resnet50_2.cpp:189]   --->   Operation 23 'bitconcatenate' 'shl_ln' <Predicate = true> <Delay = 0.00>
ST_1 : Operation 24 [1/1] (0.94ns)   --->   "%add_ln189 = add i25 %OFFSET_read, %shl_ln" [resnet50_2.cpp:189]   --->   Operation 24 'add' 'add_ln189' <Predicate = true> <Delay = 0.94> <Core = "AddSub">   --->   Core 14 'AddSub' <Latency = 0> <II = 1> <Delay = 0.94> <FuncUnit> <Opcode : 'add' 'sub'> <InPorts = 2> <OutPorts = 1>
ST_1 : Operation 25 [1/1] (0.00ns)   --->   "%trunc_ln189_1 = call i21 @_ssdm_op_PartSelect.i21.i25.i32.i32(i25 %add_ln189, i32 4, i32 24)" [resnet50_2.cpp:189]   --->   Operation 25 'partselect' 'trunc_ln189_1' <Predicate = true> <Delay = 0.00>
ST_1 : Operation 26 [1/1] (0.00ns)   --->   "%empty = trunc i7 %TO_read to i6"   --->   Operation 26 'trunc' 'empty' <Predicate = true> <Delay = 0.00>
ST_1 : Operation 27 [2/2] (0.00ns)   --->   "call fastcc void @load_bias_scale([32 x i2048]* %bias, [32 x i2048]* %scale, i128* %ddr_V, i6 %empty, i21 %trunc_ln189_1)" [resnet50_2.cpp:189]   --->   Operation 27 'call' <Predicate = true> <Delay = 0.00> <CoreType = "Generic">   --->   Core 0 '' <Latency = 0> <II = 1> <Delay = 1.00> <Generic> <Opcode : >
ST_1 : Operation 28 [1/1] (0.00ns)   --->   "%empty_61 = trunc i25 %OFFSET_read to i24"   --->   Operation 28 'trunc' 'empty_61' <Predicate = true> <Delay = 0.00>
ST_1 : Operation 29 [1/1] (0.00ns)   --->   "%empty_63 = trunc i7 %TI_read to i6"   --->   Operation 29 'trunc' 'empty_63' <Predicate = true> <Delay = 0.00>
ST_1 : Operation 30 [1/1] (0.00ns)   --->   "%empty_65 = trunc i4 %K_read to i2"   --->   Operation 30 'trunc' 'empty_65' <Predicate = true> <Delay = 0.00>

State 2 <SV = 1> <Delay = 0.00>
ST_2 : Operation 31 [1/2] (0.00ns)   --->   "call fastcc void @load_bias_scale([32 x i2048]* %bias, [32 x i2048]* %scale, i128* %ddr_V, i6 %empty, i21 %trunc_ln189_1)" [resnet50_2.cpp:189]   --->   Operation 31 'call' <Predicate = true> <Delay = 0.00> <CoreType = "Generic">   --->   Core 0 '' <Latency = 0> <II = 1> <Delay = 1.00> <Generic> <Opcode : >

State 3 <SV = 2> <Delay = 0.00>
ST_3 : Operation 32 [1/1] (0.00ns)   --->   "%P_read = call i1 @_ssdm_op_Read.ap_auto.i1(i1 %P)"   --->   Operation 32 'read' 'P_read' <Predicate = true> <Delay = 0.00>
ST_3 : Operation 33 [1/1] (0.00ns)   --->   "%S_read = call i4 @_ssdm_op_Read.ap_auto.i4(i4 %S)"   --->   Operation 33 'read' 'S_read' <Predicate = true> <Delay = 0.00>
ST_3 : Operation 34 [1/1] (0.00ns)   --->   "%OSIZE_read = call i5 @_ssdm_op_Read.ap_auto.i5(i5 %OSIZE)"   --->   Operation 34 'read' 'OSIZE_read' <Predicate = true> <Delay = 0.00>
ST_3 : Operation 35 [1/1] (0.00ns)   --->   "%empty_62 = trunc i5 %OSIZE_read to i4"   --->   Operation 35 'trunc' 'empty_62' <Predicate = true> <Delay = 0.00>
ST_3 : Operation 36 [1/1] (0.00ns)   --->   "%empty_64 = trunc i4 %S_read to i2"   --->   Operation 36 'trunc' 'empty_64' <Predicate = true> <Delay = 0.00>
ST_3 : Operation 37 [2/2] (0.00ns)   --->   "call fastcc void @dataflow_parent_loop.1(i22 %mul_ln189_2, [6272 x i288]* %input_V, [3136 x i1536]* %outbuf_V_4, i128* %ddr_V, i24 %empty_61, i4 %empty_62, i6 %empty, i6 %empty_63, i2 %empty_64, i1 %P_read, i2 %empty_65)" [resnet50_2.cpp:189]   --->   Operation 37 'call' <Predicate = true> <Delay = 0.00> <CoreType = "Generic">   --->   Core 0 '' <Latency = 0> <II = 1> <Delay = 1.00> <Generic> <Opcode : >

State 4 <SV = 3> <Delay = 0.00>
ST_4 : Operation 38 [1/2] (0.00ns)   --->   "call fastcc void @dataflow_parent_loop.1(i22 %mul_ln189_2, [6272 x i288]* %input_V, [3136 x i1536]* %outbuf_V_4, i128* %ddr_V, i24 %empty_61, i4 %empty_62, i6 %empty, i6 %empty_63, i2 %empty_64, i1 %P_read, i2 %empty_65)" [resnet50_2.cpp:189]   --->   Operation 38 'call' <Predicate = true> <Delay = 0.00> <CoreType = "Generic">   --->   Core 0 '' <Latency = 0> <II = 1> <Delay = 1.00> <Generic> <Opcode : >

State 5 <SV = 4> <Delay = 3.34>
ST_5 : Operation 39 [2/2] (3.34ns)   --->   "call fastcc void @store_output.1([3136 x i1536]* %outbuf_V_4, [6272 x i288]* %output_V, [32 x i2048]* %bias, [32 x i2048]* %scale, i4 %empty_62, i6 %empty)"   --->   Operation 39 'call' <Predicate = true> <Delay = 3.34> <CoreType = "Generic">   --->   Core 0 '' <Latency = 0> <II = 1> <Delay = 1.00> <Generic> <Opcode : >

State 6 <SV = 5> <Delay = 0.00>
ST_6 : Operation 40 [1/1] (0.00ns)   --->   "call void (...)* @_ssdm_op_SpecMemCore([3136 x i1536]* %outbuf_V_4, [1 x i8]* @p_str, [12 x i8]* @p_str28, [1 x i8]* @p_str, i32 -1, [1 x i8]* @p_str, [1 x i8]* @p_str, [1 x i8]* @p_str, [1 x i8]* @p_str, [1 x i8]* @p_str)"   --->   Operation 40 'specmemcore' <Predicate = true> <Delay = 0.00>
ST_6 : Operation 41 [1/1] (0.00ns)   --->   "call void (...)* @_ssdm_op_SpecMemCore([6272 x i288]* %input_V, [1 x i8]* @p_str, [12 x i8]* @p_str27, [1 x i8]* @p_str, i32 -1, [1 x i8]* @p_str, [1 x i8]* @p_str, [1 x i8]* @p_str, [1 x i8]* @p_str, [1 x i8]* @p_str)"   --->   Operation 41 'specmemcore' <Predicate = true> <Delay = 0.00>
ST_6 : Operation 42 [1/1] (0.00ns)   --->   "call void (...)* @_ssdm_op_SpecMemCore([6272 x i288]* %output_V, [1 x i8]* @p_str, [12 x i8]* @p_str27, [1 x i8]* @p_str, i32 -1, [1 x i8]* @p_str, [1 x i8]* @p_str, [1 x i8]* @p_str, [1 x i8]* @p_str, [1 x i8]* @p_str)"   --->   Operation 42 'specmemcore' <Predicate = true> <Delay = 0.00>
ST_6 : Operation 43 [1/1] (0.00ns)   --->   "call void (...)* @_ssdm_op_SpecInterface(i128* %ddr_V, [6 x i8]* @p_str26, i32 0, i32 0, [1 x i8]* @p_str, i32 0, i32 1024, [1 x i8]* @p_str, [1 x i8]* @p_str, [1 x i8]* @p_str, i32 16, i32 16, i32 16, i32 16, [1 x i8]* @p_str, [1 x i8]* @p_str) nounwind"   --->   Operation 43 'specinterface' <Predicate = true> <Delay = 0.00>
ST_6 : Operation 44 [1/1] (0.00ns)   --->   "call void (...)* @_ssdm_op_SpecMemCore([32 x i2048]* %bias, [1 x i8]* @p_str, [12 x i8]* @p_str18, [1 x i8]* @p_str, i32 -1, [1 x i8]* @p_str, [1 x i8]* @p_str, [1 x i8]* @p_str, [1 x i8]* @p_str, [1 x i8]* @p_str)"   --->   Operation 44 'specmemcore' <Predicate = true> <Delay = 0.00>
ST_6 : Operation 45 [1/1] (0.00ns)   --->   "call void (...)* @_ssdm_op_SpecMemCore([32 x i2048]* %scale, [1 x i8]* @p_str, [12 x i8]* @p_str18, [1 x i8]* @p_str, i32 -1, [1 x i8]* @p_str, [1 x i8]* @p_str, [1 x i8]* @p_str, [1 x i8]* @p_str, [1 x i8]* @p_str)"   --->   Operation 45 'specmemcore' <Predicate = true> <Delay = 0.00>
ST_6 : Operation 46 [1/2] (0.00ns)   --->   "call fastcc void @store_output.1([3136 x i1536]* %outbuf_V_4, [6272 x i288]* %output_V, [32 x i2048]* %bias, [32 x i2048]* %scale, i4 %empty_62, i6 %empty)"   --->   Operation 46 'call' <Predicate = true> <Delay = 0.00> <CoreType = "Generic">   --->   Core 0 '' <Latency = 0> <II = 1> <Delay = 1.00> <Generic> <Opcode : >
ST_6 : Operation 47 [1/1] (0.00ns)   --->   "ret void" [resnet50_2.cpp:210]   --->   Operation 47 'ret' <Predicate = true> <Delay = 0.00>


============================================================
+ Verbose Summary: Binding
============================================================
STG Binding: 
---------------- STG Properties BEGIN ----------------
- Is combinational: 0
- Is one-state seq: 0
- Is datapath-only: 0
- Is pipelined: 0
- Is top level: 0
Port [ Return ] is wired: 1; IO mode=ap_ctrl_hs:ce=0
Port [ input_V]:  wired=1; compound=1; hidden=0; nouse=0; global=0; static=0; extern=0; dir=0; type=1; pingpong=0; private_global=0; MemPort=[13]; IO mode=ap_memory:ce=0
Port [ output_V]:  wired=1; compound=1; hidden=0; nouse=0; global=0; static=0; extern=0; dir=1; type=1; pingpong=0; private_global=0; MemPort=[30]; IO mode=ap_memory:ce=0
Port [ outbuf_V_4]:  wired=1; compound=1; hidden=0; nouse=0; global=0; static=0; extern=0; dir=2; type=1; pingpong=0; private_global=0; MemPort=[10]; IO mode=ap_memory:ce=0
Port [ ddr_V]:  wired=1; compound=1; hidden=0; nouse=0; global=0; static=0; extern=0; dir=0; type=4; pingpong=0; private_global=0; IO mode=m_axi:ce=0
Port [ OSIZE]:  wired=1; compound=0; hidden=0; nouse=0; global=0; static=0; extern=0; dir=0; type=0; pingpong=0; private_global=0; IO mode=ap_none:ce=0
Port [ TO_r]:  wired=1; compound=0; hidden=0; nouse=0; global=0; static=0; extern=0; dir=0; type=0; pingpong=0; private_global=0; IO mode=ap_none:ce=0
Port [ TI]:  wired=1; compound=0; hidden=0; nouse=0; global=0; static=0; extern=0; dir=0; type=0; pingpong=0; private_global=0; IO mode=ap_none:ce=0
Port [ K]:  wired=1; compound=0; hidden=0; nouse=0; global=0; static=0; extern=0; dir=0; type=0; pingpong=0; private_global=0; IO mode=ap_none:ce=0
Port [ S]:  wired=1; compound=0; hidden=0; nouse=0; global=0; static=0; extern=0; dir=0; type=0; pingpong=0; private_global=0; IO mode=ap_none:ce=0
Port [ P]:  wired=1; compound=0; hidden=0; nouse=0; global=0; static=0; extern=0; dir=0; type=0; pingpong=0; private_global=0; IO mode=ap_none:ce=0
Port [ OFFSET]:  wired=1; compound=0; hidden=0; nouse=0; global=0; static=0; extern=0; dir=0; type=0; pingpong=0; private_global=0; IO mode=ap_none:ce=0
Port [ mask_table1]:  wired=0; compound=1; hidden=1; nouse=1; global=1; static=1; extern=0; dir=0; type=1; pingpong=0; private_global=0; linkage=7; visibility=0; MemPort=[1]; IO mode=ap_memory:ce=0
Port [ one_half_table2]:  wired=0; compound=1; hidden=1; nouse=1; global=1; static=1; extern=0; dir=0; type=1; pingpong=0; private_global=0; linkage=7; visibility=0; MemPort=[1]; IO mode=ap_memory:ce=0
---------------- STG Properties END ------------------

---------------- Datapath Model BEGIN ----------------

<LifeTime>
<method=bitvector/>
OFFSET_read       (read          ) [ 0000000]
K_read            (read          ) [ 0000000]
TI_read           (read          ) [ 0000000]
TO_read           (read          ) [ 0000000]
bias              (alloca        ) [ 0011111]
scale             (alloca        ) [ 0011111]
zext_ln189        (zext          ) [ 0000000]
zext_ln189_1      (zext          ) [ 0000000]
mul_ln189         (mul           ) [ 0000000]
zext_ln189_2      (zext          ) [ 0000000]
zext_ln189_3      (zext          ) [ 0000000]
mul_ln189_1       (mul           ) [ 0000000]
zext_ln189_4      (zext          ) [ 0000000]
zext_ln189_5      (zext          ) [ 0000000]
mul_ln189_2       (mul           ) [ 0011100]
trunc_ln189       (trunc         ) [ 0000000]
shl_ln            (bitconcatenate) [ 0000000]
add_ln189         (add           ) [ 0000000]
trunc_ln189_1     (partselect    ) [ 0010000]
empty             (trunc         ) [ 0011111]
empty_61          (trunc         ) [ 0011100]
empty_63          (trunc         ) [ 0011100]
empty_65          (trunc         ) [ 0011100]
call_ln189        (call          ) [ 0000000]
P_read            (read          ) [ 0000100]
S_read            (read          ) [ 0000000]
OSIZE_read        (read          ) [ 0000000]
empty_62          (trunc         ) [ 0000111]
empty_64          (trunc         ) [ 0000100]
call_ln189        (call          ) [ 0000000]
specmemcore_ln0   (specmemcore   ) [ 0000000]
specmemcore_ln0   (specmemcore   ) [ 0000000]
specmemcore_ln0   (specmemcore   ) [ 0000000]
specinterface_ln0 (specinterface ) [ 0000000]
specmemcore_ln0   (specmemcore   ) [ 0000000]
specmemcore_ln0   (specmemcore   ) [ 0000000]
call_ln0          (call          ) [ 0000000]
ret_ln210         (ret           ) [ 0000000]
</LifeTime>

<model>

<comp_list>
<comp id="0" class="1000" name="input_V">
<pin_list>
<pin id="1" dir="1" index="0" bw="1" slack="0"/>
</pin_list>
<bind>
<StgValue><ssdm name="input_V"/><MemPortTyVec>1 3 </MemPortTyVec>
</StgValue>
</bind>
</comp>

<comp id="2" class="1000" name="output_V">
<pin_list>
<pin id="3" dir="1" index="0" bw="1" slack="0"/>
</pin_list>
<bind>
<StgValue><ssdm name="output_V"/><MemPortTyVec>3 0 </MemPortTyVec>
</StgValue>
</bind>
</comp>

<comp id="4" class="1000" name="outbuf_V_4">
<pin_list>
<pin id="5" dir="1" index="0" bw="1" slack="0"/>
</pin_list>
<bind>
<StgValue><ssdm name="outbuf_V_4"/><MemPortTyVec>1 0 </MemPortTyVec>
</StgValue>
</bind>
</comp>

<comp id="6" class="1000" name="ddr_V">
<pin_list>
<pin id="7" dir="1" index="0" bw="1" slack="0"/>
</pin_list>
<bind>
<StgValue><ssdm name="ddr_V"/></StgValue>
</bind>
</comp>

<comp id="8" class="1000" name="OSIZE">
<pin_list>
<pin id="9" dir="1" index="0" bw="1" slack="0"/>
</pin_list>
<bind>
<StgValue><ssdm name="OSIZE"/></StgValue>
</bind>
</comp>

<comp id="10" class="1000" name="TO_r">
<pin_list>
<pin id="11" dir="1" index="0" bw="1" slack="0"/>
</pin_list>
<bind>
<StgValue><ssdm name="TO_r"/></StgValue>
</bind>
</comp>

<comp id="12" class="1000" name="TI">
<pin_list>
<pin id="13" dir="1" index="0" bw="1" slack="0"/>
</pin_list>
<bind>
<StgValue><ssdm name="TI"/></StgValue>
</bind>
</comp>

<comp id="14" class="1000" name="K">
<pin_list>
<pin id="15" dir="1" index="0" bw="1" slack="0"/>
</pin_list>
<bind>
<StgValue><ssdm name="K"/></StgValue>
</bind>
</comp>

<comp id="16" class="1000" name="S">
<pin_list>
<pin id="17" dir="1" index="0" bw="1" slack="0"/>
</pin_list>
<bind>
<StgValue><ssdm name="S"/></StgValue>
</bind>
</comp>

<comp id="18" class="1000" name="P">
<pin_list>
<pin id="19" dir="1" index="0" bw="1" slack="0"/>
</pin_list>
<bind>
<StgValue><ssdm name="P"/></StgValue>
</bind>
</comp>

<comp id="20" class="1000" name="OFFSET">
<pin_list>
<pin id="21" dir="1" index="0" bw="1" slack="0"/>
</pin_list>
<bind>
<StgValue><ssdm name="OFFSET"/></StgValue>
</bind>
</comp>

<comp id="22" class="1000" name="mask_table1">
<pin_list>
<pin id="23" dir="1" index="0" bw="1" slack="0"/>
</pin_list>
<bind>
<StgValue><ssdm name="mask_table1"/><MemPortTyVec>1 </MemPortTyVec>
</StgValue>
</bind>
</comp>

<comp id="24" class="1000" name="one_half_table2">
<pin_list>
<pin id="25" dir="1" index="0" bw="1" slack="0"/>
</pin_list>
<bind>
<StgValue><ssdm name="one_half_table2"/><MemPortTyVec>1 </MemPortTyVec>
</StgValue>
</bind>
</comp>

<comp id="26" class="1001" name="const_26">
<pin_list>
<pin id="27" dir="1" index="0" bw="1" slack="0"/>
</pin_list>
<bind>
<StgValue><ssdm name="_ssdm_op_Read.ap_auto.i25"/></StgValue>
</bind>
</comp>

<comp id="28" class="1001" name="const_28">
<pin_list>
<pin id="29" dir="1" index="0" bw="1" slack="0"/>
</pin_list>
<bind>
<StgValue><ssdm name="_ssdm_op_Read.ap_auto.i4"/></StgValue>
</bind>
</comp>

<comp id="30" class="1001" name="const_30">
<pin_list>
<pin id="31" dir="1" index="0" bw="1" slack="0"/>
</pin_list>
<bind>
<StgValue><ssdm name="_ssdm_op_Read.ap_auto.i7"/></StgValue>
</bind>
</comp>

<comp id="32" class="1001" name="const_32">
<pin_list>
<pin id="33" dir="1" index="0" bw="1" slack="0"/>
</pin_list>
<bind>
<StgValue><ssdm name=""/></StgValue>
</bind>
</comp>

<comp id="34" class="1001" name="const_34">
<pin_list>
<pin id="35" dir="1" index="0" bw="1" slack="0"/>
</pin_list>
<bind>
<StgValue><ssdm name="_ssdm_op_BitConcatenate.i25.i14.i11"/></StgValue>
</bind>
</comp>

<comp id="36" class="1001" name="const_36">
<pin_list>
<pin id="37" dir="1" index="0" bw="1" slack="0"/>
</pin_list>
<bind>
<StgValue><ssdm name=""/></StgValue>
</bind>
</comp>

<comp id="38" class="1001" name="const_38">
<pin_list>
<pin id="39" dir="1" index="0" bw="1" slack="0"/>
</pin_list>
<bind>
<StgValue><ssdm name="_ssdm_op_PartSelect.i21.i25.i32.i32"/></StgValue>
</bind>
</comp>

<comp id="40" class="1001" name="const_40">
<pin_list>
<pin id="41" dir="1" index="0" bw="1" slack="0"/>
</pin_list>
<bind>
<StgValue><ssdm name=""/></StgValue>
</bind>
</comp>

<comp id="42" class="1001" name="const_42">
<pin_list>
<pin id="43" dir="1" index="0" bw="1" slack="0"/>
</pin_list>
<bind>
<StgValue><ssdm name=""/></StgValue>
</bind>
</comp>

<comp id="44" class="1001" name="const_44">
<pin_list>
<pin id="45" dir="1" index="0" bw="1" slack="0"/>
</pin_list>
<bind>
<StgValue><ssdm name="load_bias_scale"/></StgValue>
</bind>
</comp>

<comp id="46" class="1001" name="const_46">
<pin_list>
<pin id="47" dir="1" index="0" bw="1" slack="0"/>
</pin_list>
<bind>
<StgValue><ssdm name="_ssdm_op_Read.ap_auto.i1"/></StgValue>
</bind>
</comp>

<comp id="48" class="1001" name="const_48">
<pin_list>
<pin id="49" dir="1" index="0" bw="1" slack="0"/>
</pin_list>
<bind>
<StgValue><ssdm name="_ssdm_op_Read.ap_auto.i5"/></StgValue>
</bind>
</comp>

<comp id="50" class="1001" name="const_50">
<pin_list>
<pin id="51" dir="1" index="0" bw="1" slack="0"/>
</pin_list>
<bind>
<StgValue><ssdm name="dataflow_parent_loop.1"/></StgValue>
</bind>
</comp>

<comp id="52" class="1001" name="const_52">
<pin_list>
<pin id="53" dir="1" index="0" bw="1" slack="0"/>
</pin_list>
<bind>
<StgValue><ssdm name="store_output.1"/></StgValue>
</bind>
</comp>

<comp id="54" class="1001" name="const_54">
<pin_list>
<pin id="55" dir="1" index="0" bw="1" slack="2147483647"/>
</pin_list>
<bind>
<StgValue><ssdm name="_ssdm_op_SpecMemCore"/></StgValue>
</bind>
</comp>

<comp id="56" class="1001" name="const_56">
<pin_list>
<pin id="57" dir="1" index="0" bw="1" slack="2147483647"/>
</pin_list>
<bind>
<StgValue><ssdm name="p_str"/></StgValue>
</bind>
</comp>

<comp id="58" class="1001" name="const_58">
<pin_list>
<pin id="59" dir="1" index="0" bw="1" slack="2147483647"/>
</pin_list>
<bind>
<StgValue><ssdm name="p_str28"/></StgValue>
</bind>
</comp>

<comp id="60" class="1001" name="const_60">
<pin_list>
<pin id="61" dir="1" index="0" bw="1" slack="2147483647"/>
</pin_list>
<bind>
<StgValue><ssdm name=""/></StgValue>
</bind>
</comp>

<comp id="62" class="1001" name="const_62">
<pin_list>
<pin id="63" dir="1" index="0" bw="1" slack="2147483647"/>
</pin_list>
<bind>
<StgValue><ssdm name="p_str27"/></StgValue>
</bind>
</comp>

<comp id="64" class="1001" name="const_64">
<pin_list>
<pin id="65" dir="1" index="0" bw="1" slack="2147483647"/>
</pin_list>
<bind>
<StgValue><ssdm name="_ssdm_op_SpecInterface"/></StgValue>
</bind>
</comp>

<comp id="66" class="1001" name="const_66">
<pin_list>
<pin id="67" dir="1" index="0" bw="1" slack="2147483647"/>
</pin_list>
<bind>
<StgValue><ssdm name="p_str26"/></StgValue>
</bind>
</comp>

<comp id="68" class="1001" name="const_68">
<pin_list>
<pin id="69" dir="1" index="0" bw="1" slack="2147483647"/>
</pin_list>
<bind>
<StgValue><ssdm name=""/></StgValue>
</bind>
</comp>

<comp id="70" class="1001" name="const_70">
<pin_list>
<pin id="71" dir="1" index="0" bw="1" slack="2147483647"/>
</pin_list>
<bind>
<StgValue><ssdm name=""/></StgValue>
</bind>
</comp>

<comp id="72" class="1001" name="const_72">
<pin_list>
<pin id="73" dir="1" index="0" bw="1" slack="2147483647"/>
</pin_list>
<bind>
<StgValue><ssdm name=""/></StgValue>
</bind>
</comp>

<comp id="74" class="1001" name="const_74">
<pin_list>
<pin id="75" dir="1" index="0" bw="1" slack="2147483647"/>
</pin_list>
<bind>
<StgValue><ssdm name="p_str18"/></StgValue>
</bind>
</comp>

<comp id="76" class="1004" name="bias_alloca_fu_76">
<pin_list>
<pin id="77" dir="0" index="0" bw="1" slack="0"/>
<pin id="78" dir="1" index="1" bw="2048" slack="0"/>
</pin_list>
<bind>
<opcode="alloca(26) " fcode="alloca"/>
<opset="bias/1 "/>
</bind>
</comp>

<comp id="80" class="1004" name="scale_alloca_fu_80">
<pin_list>
<pin id="81" dir="0" index="0" bw="1" slack="0"/>
<pin id="82" dir="1" index="1" bw="2048" slack="0"/>
</pin_list>
<bind>
<opcode="alloca(26) " fcode="alloca"/>
<opset="scale/1 "/>
</bind>
</comp>

<comp id="84" class="1004" name="OFFSET_read_read_fu_84">
<pin_list>
<pin id="85" dir="0" index="0" bw="25" slack="0"/>
<pin id="86" dir="0" index="1" bw="25" slack="0"/>
<pin id="87" dir="1" index="2" bw="25" slack="0"/>
</pin_list>
<bind>
<opcode="read(1150) " fcode="read"/>
<opset="OFFSET_read/1 "/>
</bind>
</comp>

<comp id="90" class="1004" name="K_read_read_fu_90">
<pin_list>
<pin id="91" dir="0" index="0" bw="4" slack="0"/>
<pin id="92" dir="0" index="1" bw="4" slack="0"/>
<pin id="93" dir="1" index="2" bw="4" slack="0"/>
</pin_list>
<bind>
<opcode="read(1150) " fcode="read"/>
<opset="K_read/1 "/>
</bind>
</comp>

<comp id="96" class="1004" name="TI_read_read_fu_96">
<pin_list>
<pin id="97" dir="0" index="0" bw="7" slack="0"/>
<pin id="98" dir="0" index="1" bw="7" slack="0"/>
<pin id="99" dir="1" index="2" bw="7" slack="0"/>
</pin_list>
<bind>
<opcode="read(1150) " fcode="read"/>
<opset="TI_read/1 "/>
</bind>
</comp>

<comp id="102" class="1004" name="TO_read_read_fu_102">
<pin_list>
<pin id="103" dir="0" index="0" bw="7" slack="0"/>
<pin id="104" dir="0" index="1" bw="7" slack="0"/>
<pin id="105" dir="1" index="2" bw="7" slack="0"/>
</pin_list>
<bind>
<opcode="read(1150) " fcode="read"/>
<opset="TO_read/1 "/>
</bind>
</comp>

<comp id="108" class="1004" name="P_read_read_fu_108">
<pin_list>
<pin id="109" dir="0" index="0" bw="1" slack="0"/>
<pin id="110" dir="0" index="1" bw="1" slack="0"/>
<pin id="111" dir="1" index="2" bw="1" slack="0"/>
</pin_list>
<bind>
<opcode="read(1150) " fcode="read"/>
<opset="P_read/3 "/>
</bind>
</comp>

<comp id="114" class="1004" name="S_read_read_fu_114">
<pin_list>
<pin id="115" dir="0" index="0" bw="4" slack="0"/>
<pin id="116" dir="0" index="1" bw="4" slack="0"/>
<pin id="117" dir="1" index="2" bw="4" slack="0"/>
</pin_list>
<bind>
<opcode="read(1150) " fcode="read"/>
<opset="S_read/3 "/>
</bind>
</comp>

<comp id="120" class="1004" name="OSIZE_read_read_fu_120">
<pin_list>
<pin id="121" dir="0" index="0" bw="5" slack="0"/>
<pin id="122" dir="0" index="1" bw="5" slack="0"/>
<pin id="123" dir="1" index="2" bw="5" slack="0"/>
</pin_list>
<bind>
<opcode="read(1150) " fcode="read"/>
<opset="OSIZE_read/3 "/>
</bind>
</comp>

<comp id="126" class="1004" name="grp_dataflow_parent_loop_1_fu_126">
<pin_list>
<pin id="127" dir="0" index="0" bw="0" slack="0"/>
<pin id="128" dir="0" index="1" bw="22" slack="2"/>
<pin id="129" dir="0" index="2" bw="288" slack="0"/>
<pin id="130" dir="0" index="3" bw="1536" slack="0"/>
<pin id="131" dir="0" index="4" bw="128" slack="0"/>
<pin id="132" dir="0" index="5" bw="24" slack="2"/>
<pin id="133" dir="0" index="6" bw="4" slack="0"/>
<pin id="134" dir="0" index="7" bw="6" slack="2"/>
<pin id="135" dir="0" index="8" bw="6" slack="2"/>
<pin id="136" dir="0" index="9" bw="2" slack="0"/>
<pin id="137" dir="0" index="10" bw="1" slack="0"/>
<pin id="138" dir="0" index="11" bw="2" slack="2"/>
<pin id="139" dir="1" index="12" bw="0" slack="2147483647"/>
</pin_list>
<bind>
<opcode="call(48) " fcode="call"/>
<opset="call_ln189/3 "/>
</bind>
</comp>

<comp id="145" class="1004" name="grp_store_output_1_fu_145">
<pin_list>
<pin id="146" dir="0" index="0" bw="0" slack="0"/>
<pin id="147" dir="0" index="1" bw="1536" slack="0"/>
<pin id="148" dir="0" index="2" bw="288" slack="0"/>
<pin id="149" dir="0" index="3" bw="2048" slack="2147483647"/>
<pin id="150" dir="0" index="4" bw="2048" slack="2147483647"/>
<pin id="151" dir="0" index="5" bw="4" slack="2"/>
<pin id="152" dir="0" index="6" bw="6" slack="4"/>
<pin id="153" dir="0" index="7" bw="23" slack="0"/>
<pin id="154" dir="0" index="8" bw="24" slack="0"/>
<pin id="155" dir="1" index="9" bw="0" slack="2147483647"/>
</pin_list>
<bind>
<opcode="call(48) " fcode="call"/>
<opset="call_ln0/5 "/>
</bind>
</comp>

<comp id="161" class="1004" name="grp_load_bias_scale_fu_161">
<pin_list>
<pin id="162" dir="0" index="0" bw="0" slack="0"/>
<pin id="163" dir="0" index="1" bw="2048" slack="0"/>
<pin id="164" dir="0" index="2" bw="2048" slack="0"/>
<pin id="165" dir="0" index="3" bw="128" slack="0"/>
<pin id="166" dir="0" index="4" bw="6" slack="0"/>
<pin id="167" dir="0" index="5" bw="21" slack="0"/>
<pin id="168" dir="1" index="6" bw="0" slack="2147483647"/>
</pin_list>
<bind>
<opcode="call(48) " fcode="call"/>
<opset="call_ln189/1 "/>
</bind>
</comp>

<comp id="173" class="1004" name="zext_ln189_fu_173">
<pin_list>
<pin id="174" dir="0" index="0" bw="7" slack="0"/>
<pin id="175" dir="1" index="1" bw="14" slack="0"/>
</pin_list>
<bind>
<opcode="zext(34) " fcode="zext"/>
<opset="zext_ln189/1 "/>
</bind>
</comp>

<comp id="177" class="1004" name="zext_ln189_1_fu_177">
<pin_list>
<pin id="178" dir="0" index="0" bw="7" slack="0"/>
<pin id="179" dir="1" index="1" bw="14" slack="0"/>
</pin_list>
<bind>
<opcode="zext(34) " fcode="zext"/>
<opset="zext_ln189_1/1 "/>
</bind>
</comp>

<comp id="181" class="1004" name="mul_ln189_fu_181">
<pin_list>
<pin id="182" dir="0" index="0" bw="7" slack="0"/>
<pin id="183" dir="0" index="1" bw="7" slack="0"/>
<pin id="184" dir="1" index="2" bw="14" slack="0"/>
</pin_list>
<bind>
<opcode="mul(12) " fcode="mul"/>
<opset="mul_ln189/1 "/>
</bind>
</comp>

<comp id="187" class="1004" name="zext_ln189_2_fu_187">
<pin_list>
<pin id="188" dir="0" index="0" bw="14" slack="0"/>
<pin id="189" dir="1" index="1" bw="18" slack="0"/>
</pin_list>
<bind>
<opcode="zext(34) " fcode="zext"/>
<opset="zext_ln189_2/1 "/>
</bind>
</comp>

<comp id="191" class="1004" name="zext_ln189_3_fu_191">
<pin_list>
<pin id="192" dir="0" index="0" bw="4" slack="0"/>
<pin id="193" dir="1" index="1" bw="18" slack="0"/>
</pin_list>
<bind>
<opcode="zext(34) " fcode="zext"/>
<opset="zext_ln189_3/1 "/>
</bind>
</comp>

<comp id="195" class="1004" name="mul_ln189_1_fu_195">
<pin_list>
<pin id="196" dir="0" index="0" bw="14" slack="0"/>
<pin id="197" dir="0" index="1" bw="4" slack="0"/>
<pin id="198" dir="1" index="2" bw="18" slack="0"/>
</pin_list>
<bind>
<opcode="mul(12) " fcode="mul"/>
<opset="mul_ln189_1/1 "/>
</bind>
</comp>

<comp id="201" class="1004" name="zext_ln189_4_fu_201">
<pin_list>
<pin id="202" dir="0" index="0" bw="18" slack="0"/>
<pin id="203" dir="1" index="1" bw="22" slack="0"/>
</pin_list>
<bind>
<opcode="zext(34) " fcode="zext"/>
<opset="zext_ln189_4/1 "/>
</bind>
</comp>

<comp id="205" class="1004" name="zext_ln189_5_fu_205">
<pin_list>
<pin id="206" dir="0" index="0" bw="4" slack="0"/>
<pin id="207" dir="1" index="1" bw="22" slack="0"/>
</pin_list>
<bind>
<opcode="zext(34) " fcode="zext"/>
<opset="zext_ln189_5/1 "/>
</bind>
</comp>

<comp id="209" class="1004" name="mul_ln189_2_fu_209">
<pin_list>
<pin id="210" dir="0" index="0" bw="18" slack="0"/>
<pin id="211" dir="0" index="1" bw="4" slack="0"/>
<pin id="212" dir="1" index="2" bw="22" slack="0"/>
</pin_list>
<bind>
<opcode="mul(12) " fcode="mul"/>
<opset="mul_ln189_2/1 "/>
</bind>
</comp>

<comp id="215" class="1004" name="trunc_ln189_fu_215">
<pin_list>
<pin id="216" dir="0" index="0" bw="22" slack="0"/>
<pin id="217" dir="1" index="1" bw="14" slack="0"/>
</pin_list>
<bind>
<opcode="trunc(33) " fcode="trunc"/>
<opset="trunc_ln189/1 "/>
</bind>
</comp>

<comp id="219" class="1004" name="shl_ln_fu_219">
<pin_list>
<pin id="220" dir="0" index="0" bw="25" slack="0"/>
<pin id="221" dir="0" index="1" bw="14" slack="0"/>
<pin id="222" dir="0" index="2" bw="1" slack="0"/>
<pin id="223" dir="1" index="3" bw="25" slack="0"/>
</pin_list>
<bind>
<opcode="bitconcatenate(1004) " fcode="bitconcatenate"/>
<opset="shl_ln/1 "/>
</bind>
</comp>

<comp id="227" class="1004" name="add_ln189_fu_227">
<pin_list>
<pin id="228" dir="0" index="0" bw="25" slack="0"/>
<pin id="229" dir="0" index="1" bw="25" slack="0"/>
<pin id="230" dir="1" index="2" bw="25" slack="0"/>
</pin_list>
<bind>
<opcode="add(8) " fcode="add"/>
<opset="add_ln189/1 "/>
</bind>
</comp>

<comp id="233" class="1004" name="trunc_ln189_1_fu_233">
<pin_list>
<pin id="234" dir="0" index="0" bw="21" slack="0"/>
<pin id="235" dir="0" index="1" bw="25" slack="0"/>
<pin id="236" dir="0" index="2" bw="4" slack="0"/>
<pin id="237" dir="0" index="3" bw="6" slack="0"/>
<pin id="238" dir="1" index="4" bw="21" slack="0"/>
</pin_list>
<bind>
<opcode="partselect(1002) " fcode="partselect"/>
<opset="trunc_ln189_1/1 "/>
</bind>
</comp>

<comp id="244" class="1004" name="empty_fu_244">
<pin_list>
<pin id="245" dir="0" index="0" bw="7" slack="0"/>
<pin id="246" dir="1" index="1" bw="6" slack="0"/>
</pin_list>
<bind>
<opcode="trunc(33) " fcode="trunc"/>
<opset="empty/1 "/>
</bind>
</comp>

<comp id="249" class="1004" name="empty_61_fu_249">
<pin_list>
<pin id="250" dir="0" index="0" bw="25" slack="0"/>
<pin id="251" dir="1" index="1" bw="24" slack="2"/>
</pin_list>
<bind>
<opcode="trunc(33) " fcode="trunc"/>
<opset="empty_61/1 "/>
</bind>
</comp>

<comp id="253" class="1004" name="empty_63_fu_253">
<pin_list>
<pin id="254" dir="0" index="0" bw="7" slack="0"/>
<pin id="255" dir="1" index="1" bw="6" slack="2"/>
</pin_list>
<bind>
<opcode="trunc(33) " fcode="trunc"/>
<opset="empty_63/1 "/>
</bind>
</comp>

<comp id="257" class="1004" name="empty_65_fu_257">
<pin_list>
<pin id="258" dir="0" index="0" bw="4" slack="0"/>
<pin id="259" dir="1" index="1" bw="2" slack="2"/>
</pin_list>
<bind>
<opcode="trunc(33) " fcode="trunc"/>
<opset="empty_65/1 "/>
</bind>
</comp>

<comp id="261" class="1004" name="empty_62_fu_261">
<pin_list>
<pin id="262" dir="0" index="0" bw="5" slack="0"/>
<pin id="263" dir="1" index="1" bw="4" slack="0"/>
</pin_list>
<bind>
<opcode="trunc(33) " fcode="trunc"/>
<opset="empty_62/3 "/>
</bind>
</comp>

<comp id="266" class="1004" name="empty_64_fu_266">
<pin_list>
<pin id="267" dir="0" index="0" bw="4" slack="0"/>
<pin id="268" dir="1" index="1" bw="2" slack="0"/>
</pin_list>
<bind>
<opcode="trunc(33) " fcode="trunc"/>
<opset="empty_64/3 "/>
</bind>
</comp>

<comp id="271" class="1005" name="mul_ln189_2_reg_271">
<pin_list>
<pin id="272" dir="0" index="0" bw="22" slack="2"/>
<pin id="273" dir="1" index="1" bw="22" slack="2"/>
</pin_list>
<bind>
<opset="mul_ln189_2 "/>
</bind>
</comp>

<comp id="276" class="1005" name="trunc_ln189_1_reg_276">
<pin_list>
<pin id="277" dir="0" index="0" bw="21" slack="1"/>
<pin id="278" dir="1" index="1" bw="21" slack="1"/>
</pin_list>
<bind>
<opset="trunc_ln189_1 "/>
</bind>
</comp>

<comp id="281" class="1005" name="empty_reg_281">
<pin_list>
<pin id="282" dir="0" index="0" bw="6" slack="1"/>
<pin id="283" dir="1" index="1" bw="6" slack="1"/>
</pin_list>
<bind>
<opset="empty "/>
</bind>
</comp>

<comp id="288" class="1005" name="empty_61_reg_288">
<pin_list>
<pin id="289" dir="0" index="0" bw="24" slack="2"/>
<pin id="290" dir="1" index="1" bw="24" slack="2"/>
</pin_list>
<bind>
<opset="empty_61 "/>
</bind>
</comp>

<comp id="293" class="1005" name="empty_63_reg_293">
<pin_list>
<pin id="294" dir="0" index="0" bw="6" slack="2"/>
<pin id="295" dir="1" index="1" bw="6" slack="2"/>
</pin_list>
<bind>
<opset="empty_63 "/>
</bind>
</comp>

<comp id="298" class="1005" name="empty_65_reg_298">
<pin_list>
<pin id="299" dir="0" index="0" bw="2" slack="2"/>
<pin id="300" dir="1" index="1" bw="2" slack="2"/>
</pin_list>
<bind>
<opset="empty_65 "/>
</bind>
</comp>

<comp id="303" class="1005" name="P_read_reg_303">
<pin_list>
<pin id="304" dir="0" index="0" bw="1" slack="1"/>
<pin id="305" dir="1" index="1" bw="1" slack="1"/>
</pin_list>
<bind>
<opset="P_read "/>
</bind>
</comp>

<comp id="308" class="1005" name="empty_62_reg_308">
<pin_list>
<pin id="309" dir="0" index="0" bw="4" slack="1"/>
<pin id="310" dir="1" index="1" bw="4" slack="1"/>
</pin_list>
<bind>
<opset="empty_62 "/>
</bind>
</comp>

<comp id="314" class="1005" name="empty_64_reg_314">
<pin_list>
<pin id="315" dir="0" index="0" bw="2" slack="1"/>
<pin id="316" dir="1" index="1" bw="2" slack="1"/>
</pin_list>
<bind>
<opset="empty_64 "/>
</bind>
</comp>

</comp_list>

<net_list>
<net id="79"><net_src comp="32" pin="0"/><net_sink comp="76" pin=0"/></net>

<net id="83"><net_src comp="32" pin="0"/><net_sink comp="80" pin=0"/></net>

<net id="88"><net_src comp="26" pin="0"/><net_sink comp="84" pin=0"/></net>

<net id="89"><net_src comp="20" pin="0"/><net_sink comp="84" pin=1"/></net>

<net id="94"><net_src comp="28" pin="0"/><net_sink comp="90" pin=0"/></net>

<net id="95"><net_src comp="14" pin="0"/><net_sink comp="90" pin=1"/></net>

<net id="100"><net_src comp="30" pin="0"/><net_sink comp="96" pin=0"/></net>

<net id="101"><net_src comp="12" pin="0"/><net_sink comp="96" pin=1"/></net>

<net id="106"><net_src comp="30" pin="0"/><net_sink comp="102" pin=0"/></net>

<net id="107"><net_src comp="10" pin="0"/><net_sink comp="102" pin=1"/></net>

<net id="112"><net_src comp="46" pin="0"/><net_sink comp="108" pin=0"/></net>

<net id="113"><net_src comp="18" pin="0"/><net_sink comp="108" pin=1"/></net>

<net id="118"><net_src comp="28" pin="0"/><net_sink comp="114" pin=0"/></net>

<net id="119"><net_src comp="16" pin="0"/><net_sink comp="114" pin=1"/></net>

<net id="124"><net_src comp="48" pin="0"/><net_sink comp="120" pin=0"/></net>

<net id="125"><net_src comp="8" pin="0"/><net_sink comp="120" pin=1"/></net>

<net id="140"><net_src comp="50" pin="0"/><net_sink comp="126" pin=0"/></net>

<net id="141"><net_src comp="0" pin="0"/><net_sink comp="126" pin=2"/></net>

<net id="142"><net_src comp="4" pin="0"/><net_sink comp="126" pin=3"/></net>

<net id="143"><net_src comp="6" pin="0"/><net_sink comp="126" pin=4"/></net>

<net id="144"><net_src comp="108" pin="2"/><net_sink comp="126" pin=10"/></net>

<net id="156"><net_src comp="52" pin="0"/><net_sink comp="145" pin=0"/></net>

<net id="157"><net_src comp="4" pin="0"/><net_sink comp="145" pin=1"/></net>

<net id="158"><net_src comp="2" pin="0"/><net_sink comp="145" pin=2"/></net>

<net id="159"><net_src comp="22" pin="0"/><net_sink comp="145" pin=7"/></net>

<net id="160"><net_src comp="24" pin="0"/><net_sink comp="145" pin=8"/></net>

<net id="169"><net_src comp="44" pin="0"/><net_sink comp="161" pin=0"/></net>

<net id="170"><net_src comp="76" pin="1"/><net_sink comp="161" pin=1"/></net>

<net id="171"><net_src comp="80" pin="1"/><net_sink comp="161" pin=2"/></net>

<net id="172"><net_src comp="6" pin="0"/><net_sink comp="161" pin=3"/></net>

<net id="176"><net_src comp="96" pin="2"/><net_sink comp="173" pin=0"/></net>

<net id="180"><net_src comp="102" pin="2"/><net_sink comp="177" pin=0"/></net>

<net id="185"><net_src comp="177" pin="1"/><net_sink comp="181" pin=0"/></net>

<net id="186"><net_src comp="173" pin="1"/><net_sink comp="181" pin=1"/></net>

<net id="190"><net_src comp="181" pin="2"/><net_sink comp="187" pin=0"/></net>

<net id="194"><net_src comp="90" pin="2"/><net_sink comp="191" pin=0"/></net>

<net id="199"><net_src comp="187" pin="1"/><net_sink comp="195" pin=0"/></net>

<net id="200"><net_src comp="191" pin="1"/><net_sink comp="195" pin=1"/></net>

<net id="204"><net_src comp="195" pin="2"/><net_sink comp="201" pin=0"/></net>

<net id="208"><net_src comp="90" pin="2"/><net_sink comp="205" pin=0"/></net>

<net id="213"><net_src comp="201" pin="1"/><net_sink comp="209" pin=0"/></net>

<net id="214"><net_src comp="205" pin="1"/><net_sink comp="209" pin=1"/></net>

<net id="218"><net_src comp="209" pin="2"/><net_sink comp="215" pin=0"/></net>

<net id="224"><net_src comp="34" pin="0"/><net_sink comp="219" pin=0"/></net>

<net id="225"><net_src comp="215" pin="1"/><net_sink comp="219" pin=1"/></net>

<net id="226"><net_src comp="36" pin="0"/><net_sink comp="219" pin=2"/></net>

<net id="231"><net_src comp="84" pin="2"/><net_sink comp="227" pin=0"/></net>

<net id="232"><net_src comp="219" pin="3"/><net_sink comp="227" pin=1"/></net>

<net id="239"><net_src comp="38" pin="0"/><net_sink comp="233" pin=0"/></net>

<net id="240"><net_src comp="227" pin="2"/><net_sink comp="233" pin=1"/></net>

<net id="241"><net_src comp="40" pin="0"/><net_sink comp="233" pin=2"/></net>

<net id="242"><net_src comp="42" pin="0"/><net_sink comp="233" pin=3"/></net>

<net id="243"><net_src comp="233" pin="4"/><net_sink comp="161" pin=5"/></net>

<net id="247"><net_src comp="102" pin="2"/><net_sink comp="244" pin=0"/></net>

<net id="248"><net_src comp="244" pin="1"/><net_sink comp="161" pin=4"/></net>

<net id="252"><net_src comp="84" pin="2"/><net_sink comp="249" pin=0"/></net>

<net id="256"><net_src comp="96" pin="2"/><net_sink comp="253" pin=0"/></net>

<net id="260"><net_src comp="90" pin="2"/><net_sink comp="257" pin=0"/></net>

<net id="264"><net_src comp="120" pin="2"/><net_sink comp="261" pin=0"/></net>

<net id="265"><net_src comp="261" pin="1"/><net_sink comp="126" pin=6"/></net>

<net id="269"><net_src comp="114" pin="2"/><net_sink comp="266" pin=0"/></net>

<net id="270"><net_src comp="266" pin="1"/><net_sink comp="126" pin=9"/></net>

<net id="274"><net_src comp="209" pin="2"/><net_sink comp="271" pin=0"/></net>

<net id="275"><net_src comp="271" pin="1"/><net_sink comp="126" pin=1"/></net>

<net id="279"><net_src comp="233" pin="4"/><net_sink comp="276" pin=0"/></net>

<net id="280"><net_src comp="276" pin="1"/><net_sink comp="161" pin=5"/></net>

<net id="284"><net_src comp="244" pin="1"/><net_sink comp="281" pin=0"/></net>

<net id="285"><net_src comp="281" pin="1"/><net_sink comp="161" pin=4"/></net>

<net id="286"><net_src comp="281" pin="1"/><net_sink comp="126" pin=7"/></net>

<net id="287"><net_src comp="281" pin="1"/><net_sink comp="145" pin=6"/></net>

<net id="291"><net_src comp="249" pin="1"/><net_sink comp="288" pin=0"/></net>

<net id="292"><net_src comp="288" pin="1"/><net_sink comp="126" pin=5"/></net>

<net id="296"><net_src comp="253" pin="1"/><net_sink comp="293" pin=0"/></net>

<net id="297"><net_src comp="293" pin="1"/><net_sink comp="126" pin=8"/></net>

<net id="301"><net_src comp="257" pin="1"/><net_sink comp="298" pin=0"/></net>

<net id="302"><net_src comp="298" pin="1"/><net_sink comp="126" pin=11"/></net>

<net id="306"><net_src comp="108" pin="2"/><net_sink comp="303" pin=0"/></net>

<net id="307"><net_src comp="303" pin="1"/><net_sink comp="126" pin=10"/></net>

<net id="311"><net_src comp="261" pin="1"/><net_sink comp="308" pin=0"/></net>

<net id="312"><net_src comp="308" pin="1"/><net_sink comp="126" pin=6"/></net>

<net id="313"><net_src comp="308" pin="1"/><net_sink comp="145" pin=5"/></net>

<net id="317"><net_src comp="266" pin="1"/><net_sink comp="314" pin=0"/></net>

<net id="318"><net_src comp="314" pin="1"/><net_sink comp="126" pin=9"/></net>

</net_list>

</model> 
---------------- Datapath Model END ------------------

* FSMD analyzer results:
  - Output states:
	Port: output_V | {5 6 }
	Port: outbuf_V_4 | {3 4 5 6 }
 - Input state : 
	Port: conv_layer : input_V | {3 4 }
	Port: conv_layer : outbuf_V_4 | {3 4 5 6 }
	Port: conv_layer : ddr_V | {1 2 3 4 }
	Port: conv_layer : OSIZE | {3 }
	Port: conv_layer : TO_r | {1 }
	Port: conv_layer : TI | {1 }
	Port: conv_layer : K | {1 }
	Port: conv_layer : S | {3 }
	Port: conv_layer : P | {3 }
	Port: conv_layer : OFFSET | {1 }
	Port: conv_layer : mask_table1 | {5 6 }
	Port: conv_layer : one_half_table2 | {5 6 }
  - Chain level:
	State 1
		mul_ln189 : 1
		zext_ln189_2 : 2
		mul_ln189_1 : 3
		zext_ln189_4 : 4
		mul_ln189_2 : 5
		trunc_ln189 : 6
		shl_ln : 7
		add_ln189 : 8
		trunc_ln189_1 : 9
		call_ln189 : 10
	State 2
	State 3
		call_ln189 : 1
	State 4
	State 5
	State 6


============================================================
+ Verbose Summary: Datapath Resource usage 
============================================================

* Functional unit list:
|----------|-----------------------------------|---------|---------|---------|---------|
| Operation|          Functional Unit          |  DSP48E |  Delay  |    FF   |   LUT   |
|----------|-----------------------------------|---------|---------|---------|---------|
|          | grp_dataflow_parent_loop_1_fu_126 |   1030  |  17.056 |  87765  |  64048  |
|   call   |     grp_store_output_1_fu_145     |   161   | 176.784 |  39878  |  55455  |
|          |     grp_load_bias_scale_fu_161    |    0    |  2.624  |   4468  |   172   |
|----------|-----------------------------------|---------|---------|---------|---------|
|          |          mul_ln189_fu_181         |    0    |    0    |    0    |    30   |
|    mul   |         mul_ln189_1_fu_195        |    0    |    0    |    0    |    5    |
|          |         mul_ln189_2_fu_209        |    0    |    0    |    0    |    6    |
|----------|-----------------------------------|---------|---------|---------|---------|
|    add   |          add_ln189_fu_227         |    0    |    0    |    0    |    32   |
|----------|-----------------------------------|---------|---------|---------|---------|
|          |       OFFSET_read_read_fu_84      |    0    |    0    |    0    |    0    |
|          |         K_read_read_fu_90         |    0    |    0    |    0    |    0    |
|          |         TI_read_read_fu_96        |    0    |    0    |    0    |    0    |
|   read   |        TO_read_read_fu_102        |    0    |    0    |    0    |    0    |
|          |         P_read_read_fu_108        |    0    |    0    |    0    |    0    |
|          |         S_read_read_fu_114        |    0    |    0    |    0    |    0    |
|          |       OSIZE_read_read_fu_120      |    0    |    0    |    0    |    0    |
|----------|-----------------------------------|---------|---------|---------|---------|
|          |         zext_ln189_fu_173         |    0    |    0    |    0    |    0    |
|          |        zext_ln189_1_fu_177        |    0    |    0    |    0    |    0    |
|   zext   |        zext_ln189_2_fu_187        |    0    |    0    |    0    |    0    |
|          |        zext_ln189_3_fu_191        |    0    |    0    |    0    |    0    |
|          |        zext_ln189_4_fu_201        |    0    |    0    |    0    |    0    |
|          |        zext_ln189_5_fu_205        |    0    |    0    |    0    |    0    |
|----------|-----------------------------------|---------|---------|---------|---------|
|          |         trunc_ln189_fu_215        |    0    |    0    |    0    |    0    |
|          |            empty_fu_244           |    0    |    0    |    0    |    0    |
|          |          empty_61_fu_249          |    0    |    0    |    0    |    0    |
|   trunc  |          empty_63_fu_253          |    0    |    0    |    0    |    0    |
|          |          empty_65_fu_257          |    0    |    0    |    0    |    0    |
|          |          empty_62_fu_261          |    0    |    0    |    0    |    0    |
|          |          empty_64_fu_266          |    0    |    0    |    0    |    0    |
|----------|-----------------------------------|---------|---------|---------|---------|
|bitconcatenate|           shl_ln_fu_219           |    0    |    0    |    0    |    0    |
|----------|-----------------------------------|---------|---------|---------|---------|
|partselect|        trunc_ln189_1_fu_233       |    0    |    0    |    0    |    0    |
|----------|-----------------------------------|---------|---------|---------|---------|
|   Total  |                                   |   1191  | 196.464 |  132111 |  119748 |
|----------|-----------------------------------|---------|---------|---------|---------|

Memories:
+-----+--------+--------+--------+--------+
|     |  BRAM  |   FF   |   LUT  |  URAM  |
+-----+--------+--------+--------+--------+
| bias|   57   |    0   |    0   |    0   |
|scale|   57   |    0   |    0   |    0   |
+-----+--------+--------+--------+--------+
|Total|   114  |    0   |    0   |    0   |
+-----+--------+--------+--------+--------+

* Register list:
+---------------------+--------+
|                     |   FF   |
+---------------------+--------+
|    P_read_reg_303   |    1   |
|   empty_61_reg_288  |   24   |
|   empty_62_reg_308  |    4   |
|   empty_63_reg_293  |    6   |
|   empty_64_reg_314  |    2   |
|   empty_65_reg_298  |    2   |
|    empty_reg_281    |    6   |
| mul_ln189_2_reg_271 |   22   |
|trunc_ln189_1_reg_276|   21   |
+---------------------+--------+
|        Total        |   88   |
+---------------------+--------+

* Multiplexer (MUX) list: 
|-----------------------------------|------|------|------|--------||---------||---------|
|                Comp               |  Pin | Size |  BW  | S x BW ||  Delay  ||   LUT   |
|-----------------------------------|------|------|------|--------||---------||---------|
| grp_dataflow_parent_loop_1_fu_126 |  p6  |   2  |   4  |    8   ||    9    |
| grp_dataflow_parent_loop_1_fu_126 |  p9  |   2  |   2  |    4   ||    9    |
| grp_dataflow_parent_loop_1_fu_126 |  p10 |   2  |   1  |    2   ||    9    |
|     grp_load_bias_scale_fu_161    |  p4  |   2  |   6  |   12   ||    9    |
|     grp_load_bias_scale_fu_161    |  p5  |   2  |  21  |   42   ||    9    |
|-----------------------------------|------|------|------|--------||---------||---------|
|               Total               |      |      |      |   68   ||   3.28  ||    45   |
|-----------------------------------|------|------|------|--------||---------||---------|



* Summary:
+-----------+--------+--------+--------+--------+--------+--------+
|           |  BRAM  | DSP48E |  Delay |   FF   |   LUT  |  URAM  |
+-----------+--------+--------+--------+--------+--------+--------+
|  Function |    -   |  1191  |   196  | 132111 | 119748 |    -   |
|   Memory  |   114  |    -   |    -   |    0   |    0   |    0   |
|Multiplexer|    -   |    -   |    3   |    -   |   45   |    -   |
|  Register |    -   |    -   |    -   |   88   |    -   |    -   |
+-----------+--------+--------+--------+--------+--------+--------+
|   Total   |   114  |  1191  |   199  | 132199 | 119793 |    0   |
+-----------+--------+--------+--------+--------+--------+--------+
