

================================================================
== Vivado HLS Report for 'load_bias_scale'
================================================================
* Date:           Sun Jun  6 15:08:32 2021

* Version:        2019.1.3 (Build 2642998 on Wed Sep 04 10:25:22 MDT 2019)
* Project:        resnet50_2
* Solution:       solution1
* Product family: zynquplus
* Target device:  xczu19eg-ffvc1760-2-i


================================================================
== Performance Estimates
================================================================
+ Timing (ns): 
    * Summary: 
    +--------+-------+----------+------------+
    |  Clock | Target| Estimated| Uncertainty|
    +--------+-------+----------+------------+
    |ap_clk  |  10.00|     8.750|        1.25|
    +--------+-------+----------+------------+

+ Latency (clock cycles): 
    * Summary: 
    +-----+------+-----+------+---------+
    |   Latency  |  Interval  | Pipeline|
    | min |  max | min |  max |   Type  |
    +-----+------+-----+------+---------+
    |  148|  1044|  148|  1044|   none  |
    +-----+------+-----+------+---------+

    + Detail: 
        * Instance: 
        N/A

        * Loop: 
        +----------+-----+-----+----------+-----------+-----------+--------+----------+
        |          |  Latency  | Iteration|  Initiation Interval  |  Trip  |          |
        | Loop Name| min | max |  Latency |  achieved |   target  |  Count | Pipelined|
        +----------+-----+-----+----------+-----------+-----------+--------+----------+
        |- Loop 1  |   72|  520|        25|         16|          1| 4 ~ 32 |    yes   |
        |- Loop 2  |   72|  520|        25|         16|          1| 4 ~ 32 |    yes   |
        +----------+-----+-----+----------+-----------+-----------+--------+----------+

============================================================
+ Verbose Summary: Synthesis Manager
============================================================
InlineROM: 1
ExposeGlobal: 0
============================================================
+ Verbose Summary: CDFG Model
============================================================
IsTopModel: 0
ResetActiveHigh: 1
IsCombinational: 0
IsDatapathOnly: 0
HasWiredReturn: 1
HasMFsm: 0
HasVarLatency: 1
IsPipeline: 0
IsRtlPipelined: 0
IsInstanceOverlapped: 0
IsDontTouch: 0
HasImplIP: 0
IsGatedGlobalClock: 0

+ Individual pipeline summary: 
  * Pipeline-0: initiation interval (II) = 16, depth = 25
  * Pipeline-1: initiation interval (II) = 16, depth = 25


============================================================
+ Verbose Summary: Schedule
============================================================
* Number of FSM states : 53
* Pipeline : 2
  Pipeline-0 : II = 16, D = 25, States = { 2 3 4 5 6 7 8 9 10 11 12 13 14 15 16 17 18 19 20 21 22 23 24 25 26 }
  Pipeline-1 : II = 16, D = 25, States = { 28 29 30 31 32 33 34 35 36 37 38 39 40 41 42 43 44 45 46 47 48 49 50 51 52 }
* Dataflow Pipeline: 0

* FSM state transitions: 
1 --> 2 
2 --> 27 3 
3 --> 4 
4 --> 5 
5 --> 6 
6 --> 7 
7 --> 8 
8 --> 9 
9 --> 10 
10 --> 11 
11 --> 12 
12 --> 13 
13 --> 14 
14 --> 15 
15 --> 16 
16 --> 17 
17 --> 18 
18 --> 19 
19 --> 20 
20 --> 21 
21 --> 22 
22 --> 23 
23 --> 24 
24 --> 25 
25 --> 26 
26 --> 2 
27 --> 28 
28 --> 53 29 
29 --> 30 
30 --> 31 
31 --> 32 
32 --> 33 
33 --> 34 
34 --> 35 
35 --> 36 
36 --> 37 
37 --> 38 
38 --> 39 
39 --> 40 
40 --> 41 
41 --> 42 
42 --> 43 
43 --> 44 
44 --> 45 
45 --> 46 
46 --> 47 
47 --> 48 
48 --> 49 
49 --> 50 
50 --> 51 
51 --> 52 
52 --> 28 
53 --> 

* FSM state operations: 

State 1 <SV = 0> <Delay = 0.65>
ST_1 : Operation 54 [1/1] (0.00ns)   --->   "call void (...)* @_ssdm_op_SpecMemCore([32 x i2048]* %scale, [1 x i8]* @p_str, [12 x i8]* @p_str18, [1 x i8]* @p_str, i32 -1, [1 x i8]* @p_str, [1 x i8]* @p_str, [1 x i8]* @p_str, [1 x i8]* @p_str, [1 x i8]* @p_str)"   --->   Operation 54 'specmemcore' <Predicate = true> <Delay = 0.00>
ST_1 : Operation 55 [1/1] (0.00ns)   --->   "call void (...)* @_ssdm_op_SpecMemCore([32 x i2048]* %bias, [1 x i8]* @p_str, [12 x i8]* @p_str18, [1 x i8]* @p_str, i32 -1, [1 x i8]* @p_str, [1 x i8]* @p_str, [1 x i8]* @p_str, [1 x i8]* @p_str, [1 x i8]* @p_str)"   --->   Operation 55 'specmemcore' <Predicate = true> <Delay = 0.00>
ST_1 : Operation 56 [1/1] (0.00ns)   --->   "call void (...)* @_ssdm_op_SpecInterface(i128* %ddr_V, [6 x i8]* @p_str26, i32 0, i32 0, [1 x i8]* @p_str, i32 0, i32 1024, [1 x i8]* @p_str, [1 x i8]* @p_str, [1 x i8]* @p_str, i32 16, i32 16, i32 16, i32 16, [1 x i8]* @p_str, [1 x i8]* @p_str) nounwind"   --->   Operation 56 'specinterface' <Predicate = true> <Delay = 0.00>
ST_1 : Operation 57 [1/1] (0.00ns)   --->   "%offset_read = call i21 @_ssdm_op_Read.ap_auto.i21(i21 %offset)" [resnet50_2.cpp:62]   --->   Operation 57 'read' 'offset_read' <Predicate = true> <Delay = 0.00>
ST_1 : Operation 58 [1/1] (0.00ns)   --->   "%TO_read = call i6 @_ssdm_op_Read.ap_auto.i6(i6 %TO_r)" [resnet50_2.cpp:62]   --->   Operation 58 'read' 'TO_read' <Predicate = true> <Delay = 0.00>
ST_1 : Operation 59 [1/1] (0.65ns)   --->   "br label %1" [resnet50_2.cpp:65]   --->   Operation 59 'br' <Predicate = true> <Delay = 0.65>

State 2 <SV = 1> <Delay = 1.07>
ST_2 : Operation 60 [1/1] (0.00ns)   --->   "%i_0 = phi i6 [ 0, %0 ], [ %i, %hls_label_0 ]"   --->   Operation 60 'phi' 'i_0' <Predicate = true> <Delay = 0.00>
ST_2 : Operation 61 [1/1] (0.00ns)   --->   "call void (...)* @_ssdm_op_SpecLoopTripCount(i64 4, i64 32, i64 0)"   --->   Operation 61 'speclooptripcount' <Predicate = true> <Delay = 0.00>
ST_2 : Operation 62 [1/1] (0.78ns)   --->   "%icmp_ln65 = icmp eq i6 %i_0, %TO_read" [resnet50_2.cpp:65]   --->   Operation 62 'icmp' 'icmp_ln65' <Predicate = true> <Delay = 0.78> <Core = "Cmp">   --->   Core 25 'Cmp' <Latency = 0> <II = 1> <Delay = 0.78> <FuncUnit> <Opcode : 'icmp'> <InPorts = 2> <OutPorts = 1>
ST_2 : Operation 63 [1/1] (0.78ns)   --->   "%i = add i6 %i_0, 1" [resnet50_2.cpp:65]   --->   Operation 63 'add' 'i' <Predicate = true> <Delay = 0.78> <Core = "AddSub">   --->   Core 14 'AddSub' <Latency = 0> <II = 1> <Delay = 0.90> <FuncUnit> <Opcode : 'add' 'sub'> <InPorts = 2> <OutPorts = 1>
ST_2 : Operation 64 [1/1] (0.00ns)   --->   "br i1 %icmp_ln65, label %.preheader.preheader, label %hls_label_0" [resnet50_2.cpp:65]   --->   Operation 64 'br' <Predicate = true> <Delay = 0.00>
ST_2 : Operation 65 [1/1] (0.00ns)   --->   "%trunc_ln70 = trunc i6 %i_0 to i5" [resnet50_2.cpp:70]   --->   Operation 65 'trunc' 'trunc_ln70' <Predicate = (!icmp_ln65)> <Delay = 0.00>
ST_2 : Operation 66 [1/1] (0.00ns)   --->   "%shl_ln2 = call i9 @_ssdm_op_BitConcatenate.i9.i5.i4(i5 %trunc_ln70, i4 0)" [resnet50_2.cpp:70]   --->   Operation 66 'bitconcatenate' 'shl_ln2' <Predicate = (!icmp_ln65)> <Delay = 0.00>
ST_2 : Operation 67 [1/1] (0.00ns)   --->   "%zext_ln75_1 = zext i9 %shl_ln2 to i21" [resnet50_2.cpp:75]   --->   Operation 67 'zext' 'zext_ln75_1' <Predicate = (!icmp_ln65)> <Delay = 0.00>
ST_2 : Operation 68 [1/1] (0.90ns)   --->   "%add_ln70 = add i21 %offset_read, %zext_ln75_1" [resnet50_2.cpp:70]   --->   Operation 68 'add' 'add_ln70' <Predicate = (!icmp_ln65)> <Delay = 0.90> <Core = "AddSub">   --->   Core 14 'AddSub' <Latency = 0> <II = 1> <Delay = 0.90> <FuncUnit> <Opcode : 'add' 'sub'> <InPorts = 2> <OutPorts = 1>

State 3 <SV = 2> <Delay = 8.75>
ST_3 : Operation 69 [1/1] (0.00ns)   --->   "%zext_ln70 = zext i21 %add_ln70 to i64" [resnet50_2.cpp:70]   --->   Operation 69 'zext' 'zext_ln70' <Predicate = (!icmp_ln65)> <Delay = 0.00>
ST_3 : Operation 70 [1/1] (0.00ns)   --->   "%ddr_V_addr = getelementptr i128* %ddr_V, i64 %zext_ln70" [resnet50_2.cpp:70]   --->   Operation 70 'getelementptr' 'ddr_V_addr' <Predicate = (!icmp_ln65)> <Delay = 0.00>
ST_3 : Operation 71 [7/7] (8.75ns)   --->   "%ddr_V_addr_req = call i1 @_ssdm_op_ReadReq.m_axi.i128P(i128* %ddr_V_addr, i32 16)" [resnet50_2.cpp:70]   --->   Operation 71 'readreq' 'ddr_V_addr_req' <Predicate = (!icmp_ln65)> <Delay = 8.75> <Core = "m_axi">   --->   Core 9 'm_axi' <Latency = 6> <II = 1> <Delay = 1.00> <Adapter> <Opcode : 'read' 'write' 'readreq' 'writereq' 'writeresp'>

State 4 <SV = 3> <Delay = 8.75>
ST_4 : Operation 72 [6/7] (8.75ns)   --->   "%ddr_V_addr_req = call i1 @_ssdm_op_ReadReq.m_axi.i128P(i128* %ddr_V_addr, i32 16)" [resnet50_2.cpp:70]   --->   Operation 72 'readreq' 'ddr_V_addr_req' <Predicate = (!icmp_ln65)> <Delay = 8.75> <Core = "m_axi">   --->   Core 9 'm_axi' <Latency = 6> <II = 1> <Delay = 1.00> <Adapter> <Opcode : 'read' 'write' 'readreq' 'writereq' 'writeresp'>

State 5 <SV = 4> <Delay = 8.75>
ST_5 : Operation 73 [5/7] (8.75ns)   --->   "%ddr_V_addr_req = call i1 @_ssdm_op_ReadReq.m_axi.i128P(i128* %ddr_V_addr, i32 16)" [resnet50_2.cpp:70]   --->   Operation 73 'readreq' 'ddr_V_addr_req' <Predicate = (!icmp_ln65)> <Delay = 8.75> <Core = "m_axi">   --->   Core 9 'm_axi' <Latency = 6> <II = 1> <Delay = 1.00> <Adapter> <Opcode : 'read' 'write' 'readreq' 'writereq' 'writeresp'>

State 6 <SV = 5> <Delay = 8.75>
ST_6 : Operation 74 [4/7] (8.75ns)   --->   "%ddr_V_addr_req = call i1 @_ssdm_op_ReadReq.m_axi.i128P(i128* %ddr_V_addr, i32 16)" [resnet50_2.cpp:70]   --->   Operation 74 'readreq' 'ddr_V_addr_req' <Predicate = (!icmp_ln65)> <Delay = 8.75> <Core = "m_axi">   --->   Core 9 'm_axi' <Latency = 6> <II = 1> <Delay = 1.00> <Adapter> <Opcode : 'read' 'write' 'readreq' 'writereq' 'writeresp'>

State 7 <SV = 6> <Delay = 8.75>
ST_7 : Operation 75 [3/7] (8.75ns)   --->   "%ddr_V_addr_req = call i1 @_ssdm_op_ReadReq.m_axi.i128P(i128* %ddr_V_addr, i32 16)" [resnet50_2.cpp:70]   --->   Operation 75 'readreq' 'ddr_V_addr_req' <Predicate = (!icmp_ln65)> <Delay = 8.75> <Core = "m_axi">   --->   Core 9 'm_axi' <Latency = 6> <II = 1> <Delay = 1.00> <Adapter> <Opcode : 'read' 'write' 'readreq' 'writereq' 'writeresp'>

State 8 <SV = 7> <Delay = 8.75>
ST_8 : Operation 76 [2/7] (8.75ns)   --->   "%ddr_V_addr_req = call i1 @_ssdm_op_ReadReq.m_axi.i128P(i128* %ddr_V_addr, i32 16)" [resnet50_2.cpp:70]   --->   Operation 76 'readreq' 'ddr_V_addr_req' <Predicate = (!icmp_ln65)> <Delay = 8.75> <Core = "m_axi">   --->   Core 9 'm_axi' <Latency = 6> <II = 1> <Delay = 1.00> <Adapter> <Opcode : 'read' 'write' 'readreq' 'writereq' 'writeresp'>

State 9 <SV = 8> <Delay = 8.75>
ST_9 : Operation 77 [1/7] (8.75ns)   --->   "%ddr_V_addr_req = call i1 @_ssdm_op_ReadReq.m_axi.i128P(i128* %ddr_V_addr, i32 16)" [resnet50_2.cpp:70]   --->   Operation 77 'readreq' 'ddr_V_addr_req' <Predicate = (!icmp_ln65)> <Delay = 8.75> <Core = "m_axi">   --->   Core 9 'm_axi' <Latency = 6> <II = 1> <Delay = 1.00> <Adapter> <Opcode : 'read' 'write' 'readreq' 'writereq' 'writeresp'>

State 10 <SV = 9> <Delay = 8.75>
ST_10 : Operation 78 [1/1] (8.75ns)   --->   "%ddr_V_addr_read = call i128 @_ssdm_op_Read.m_axi.i128P(i128* %ddr_V_addr)" [resnet50_2.cpp:70]   --->   Operation 78 'read' 'ddr_V_addr_read' <Predicate = (!icmp_ln65)> <Delay = 8.75> <Core = "m_axi">   --->   Core 9 'm_axi' <Latency = 6> <II = 1> <Delay = 1.00> <Adapter> <Opcode : 'read' 'write' 'readreq' 'writereq' 'writeresp'>

State 11 <SV = 10> <Delay = 8.75>
ST_11 : Operation 79 [1/1] (8.75ns)   --->   "%ddr_V_addr_read_128 = call i128 @_ssdm_op_Read.m_axi.i128P(i128* %ddr_V_addr)" [resnet50_2.cpp:70]   --->   Operation 79 'read' 'ddr_V_addr_read_128' <Predicate = (!icmp_ln65)> <Delay = 8.75> <Core = "m_axi">   --->   Core 9 'm_axi' <Latency = 6> <II = 1> <Delay = 1.00> <Adapter> <Opcode : 'read' 'write' 'readreq' 'writereq' 'writeresp'>

State 12 <SV = 11> <Delay = 8.75>
ST_12 : Operation 80 [1/1] (8.75ns)   --->   "%ddr_V_addr_read_129 = call i128 @_ssdm_op_Read.m_axi.i128P(i128* %ddr_V_addr)" [resnet50_2.cpp:70]   --->   Operation 80 'read' 'ddr_V_addr_read_129' <Predicate = (!icmp_ln65)> <Delay = 8.75> <Core = "m_axi">   --->   Core 9 'm_axi' <Latency = 6> <II = 1> <Delay = 1.00> <Adapter> <Opcode : 'read' 'write' 'readreq' 'writereq' 'writeresp'>

State 13 <SV = 12> <Delay = 8.75>
ST_13 : Operation 81 [1/1] (8.75ns)   --->   "%ddr_V_addr_read_130 = call i128 @_ssdm_op_Read.m_axi.i128P(i128* %ddr_V_addr)" [resnet50_2.cpp:70]   --->   Operation 81 'read' 'ddr_V_addr_read_130' <Predicate = (!icmp_ln65)> <Delay = 8.75> <Core = "m_axi">   --->   Core 9 'm_axi' <Latency = 6> <II = 1> <Delay = 1.00> <Adapter> <Opcode : 'read' 'write' 'readreq' 'writereq' 'writeresp'>

State 14 <SV = 13> <Delay = 8.75>
ST_14 : Operation 82 [1/1] (8.75ns)   --->   "%ddr_V_addr_read_131 = call i128 @_ssdm_op_Read.m_axi.i128P(i128* %ddr_V_addr)" [resnet50_2.cpp:70]   --->   Operation 82 'read' 'ddr_V_addr_read_131' <Predicate = (!icmp_ln65)> <Delay = 8.75> <Core = "m_axi">   --->   Core 9 'm_axi' <Latency = 6> <II = 1> <Delay = 1.00> <Adapter> <Opcode : 'read' 'write' 'readreq' 'writereq' 'writeresp'>

State 15 <SV = 14> <Delay = 8.75>
ST_15 : Operation 83 [1/1] (8.75ns)   --->   "%ddr_V_addr_read_132 = call i128 @_ssdm_op_Read.m_axi.i128P(i128* %ddr_V_addr)" [resnet50_2.cpp:70]   --->   Operation 83 'read' 'ddr_V_addr_read_132' <Predicate = (!icmp_ln65)> <Delay = 8.75> <Core = "m_axi">   --->   Core 9 'm_axi' <Latency = 6> <II = 1> <Delay = 1.00> <Adapter> <Opcode : 'read' 'write' 'readreq' 'writereq' 'writeresp'>

State 16 <SV = 15> <Delay = 8.75>
ST_16 : Operation 84 [1/1] (8.75ns)   --->   "%ddr_V_addr_read_133 = call i128 @_ssdm_op_Read.m_axi.i128P(i128* %ddr_V_addr)" [resnet50_2.cpp:70]   --->   Operation 84 'read' 'ddr_V_addr_read_133' <Predicate = (!icmp_ln65)> <Delay = 8.75> <Core = "m_axi">   --->   Core 9 'm_axi' <Latency = 6> <II = 1> <Delay = 1.00> <Adapter> <Opcode : 'read' 'write' 'readreq' 'writereq' 'writeresp'>

State 17 <SV = 16> <Delay = 8.75>
ST_17 : Operation 85 [1/1] (8.75ns)   --->   "%ddr_V_addr_read_134 = call i128 @_ssdm_op_Read.m_axi.i128P(i128* %ddr_V_addr)" [resnet50_2.cpp:70]   --->   Operation 85 'read' 'ddr_V_addr_read_134' <Predicate = (!icmp_ln65)> <Delay = 8.75> <Core = "m_axi">   --->   Core 9 'm_axi' <Latency = 6> <II = 1> <Delay = 1.00> <Adapter> <Opcode : 'read' 'write' 'readreq' 'writereq' 'writeresp'>

State 18 <SV = 17> <Delay = 8.75>
ST_18 : Operation 86 [1/1] (8.75ns)   --->   "%ddr_V_addr_read_135 = call i128 @_ssdm_op_Read.m_axi.i128P(i128* %ddr_V_addr)" [resnet50_2.cpp:70]   --->   Operation 86 'read' 'ddr_V_addr_read_135' <Predicate = (!icmp_ln65)> <Delay = 8.75> <Core = "m_axi">   --->   Core 9 'm_axi' <Latency = 6> <II = 1> <Delay = 1.00> <Adapter> <Opcode : 'read' 'write' 'readreq' 'writereq' 'writeresp'>

State 19 <SV = 18> <Delay = 8.75>
ST_19 : Operation 87 [1/1] (8.75ns)   --->   "%ddr_V_addr_read_136 = call i128 @_ssdm_op_Read.m_axi.i128P(i128* %ddr_V_addr)" [resnet50_2.cpp:70]   --->   Operation 87 'read' 'ddr_V_addr_read_136' <Predicate = (!icmp_ln65)> <Delay = 8.75> <Core = "m_axi">   --->   Core 9 'm_axi' <Latency = 6> <II = 1> <Delay = 1.00> <Adapter> <Opcode : 'read' 'write' 'readreq' 'writereq' 'writeresp'>

State 20 <SV = 19> <Delay = 8.75>
ST_20 : Operation 88 [1/1] (8.75ns)   --->   "%ddr_V_addr_read_137 = call i128 @_ssdm_op_Read.m_axi.i128P(i128* %ddr_V_addr)" [resnet50_2.cpp:70]   --->   Operation 88 'read' 'ddr_V_addr_read_137' <Predicate = (!icmp_ln65)> <Delay = 8.75> <Core = "m_axi">   --->   Core 9 'm_axi' <Latency = 6> <II = 1> <Delay = 1.00> <Adapter> <Opcode : 'read' 'write' 'readreq' 'writereq' 'writeresp'>

State 21 <SV = 20> <Delay = 8.75>
ST_21 : Operation 89 [1/1] (8.75ns)   --->   "%ddr_V_addr_read_138 = call i128 @_ssdm_op_Read.m_axi.i128P(i128* %ddr_V_addr)" [resnet50_2.cpp:70]   --->   Operation 89 'read' 'ddr_V_addr_read_138' <Predicate = (!icmp_ln65)> <Delay = 8.75> <Core = "m_axi">   --->   Core 9 'm_axi' <Latency = 6> <II = 1> <Delay = 1.00> <Adapter> <Opcode : 'read' 'write' 'readreq' 'writereq' 'writeresp'>

State 22 <SV = 21> <Delay = 8.75>
ST_22 : Operation 90 [1/1] (8.75ns)   --->   "%ddr_V_addr_read_139 = call i128 @_ssdm_op_Read.m_axi.i128P(i128* %ddr_V_addr)" [resnet50_2.cpp:70]   --->   Operation 90 'read' 'ddr_V_addr_read_139' <Predicate = (!icmp_ln65)> <Delay = 8.75> <Core = "m_axi">   --->   Core 9 'm_axi' <Latency = 6> <II = 1> <Delay = 1.00> <Adapter> <Opcode : 'read' 'write' 'readreq' 'writereq' 'writeresp'>

State 23 <SV = 22> <Delay = 8.75>
ST_23 : Operation 91 [1/1] (8.75ns)   --->   "%ddr_V_addr_read_140 = call i128 @_ssdm_op_Read.m_axi.i128P(i128* %ddr_V_addr)" [resnet50_2.cpp:70]   --->   Operation 91 'read' 'ddr_V_addr_read_140' <Predicate = (!icmp_ln65)> <Delay = 8.75> <Core = "m_axi">   --->   Core 9 'm_axi' <Latency = 6> <II = 1> <Delay = 1.00> <Adapter> <Opcode : 'read' 'write' 'readreq' 'writereq' 'writeresp'>

State 24 <SV = 23> <Delay = 8.75>
ST_24 : Operation 92 [1/1] (8.75ns)   --->   "%ddr_V_addr_read_141 = call i128 @_ssdm_op_Read.m_axi.i128P(i128* %ddr_V_addr)" [resnet50_2.cpp:70]   --->   Operation 92 'read' 'ddr_V_addr_read_141' <Predicate = (!icmp_ln65)> <Delay = 8.75> <Core = "m_axi">   --->   Core 9 'm_axi' <Latency = 6> <II = 1> <Delay = 1.00> <Adapter> <Opcode : 'read' 'write' 'readreq' 'writereq' 'writeresp'>

State 25 <SV = 24> <Delay = 8.75>
ST_25 : Operation 93 [1/1] (8.75ns)   --->   "%ddr_V_addr_read_142 = call i128 @_ssdm_op_Read.m_axi.i128P(i128* %ddr_V_addr)" [resnet50_2.cpp:70]   --->   Operation 93 'read' 'ddr_V_addr_read_142' <Predicate = (!icmp_ln65)> <Delay = 8.75> <Core = "m_axi">   --->   Core 9 'm_axi' <Latency = 6> <II = 1> <Delay = 1.00> <Adapter> <Opcode : 'read' 'write' 'readreq' 'writereq' 'writeresp'>

State 26 <SV = 25> <Delay = 1.23>
ST_26 : Operation 94 [1/1] (0.00ns)   --->   "%tmp = call i32 (...)* @_ssdm_op_SpecRegionBegin([12 x i8]* @p_str1)" [resnet50_2.cpp:65]   --->   Operation 94 'specregionbegin' 'tmp' <Predicate = (!icmp_ln65)> <Delay = 0.00>
ST_26 : Operation 95 [1/1] (0.00ns)   --->   "call void (...)* @_ssdm_op_SpecPipeline(i32 -1, i32 1, i32 1, i32 0, [1 x i8]* @p_str) nounwind" [resnet50_2.cpp:66]   --->   Operation 95 'specpipeline' <Predicate = (!icmp_ln65)> <Delay = 0.00>
ST_26 : Operation 96 [1/1] (0.00ns)   --->   "%zext_ln75 = zext i6 %i_0 to i64" [resnet50_2.cpp:75]   --->   Operation 96 'zext' 'zext_ln75' <Predicate = (!icmp_ln65)> <Delay = 0.00>
ST_26 : Operation 97 [1/1] (0.00ns)   --->   "%bias_addr = getelementptr [32 x i2048]* %bias, i64 0, i64 %zext_ln75" [resnet50_2.cpp:75]   --->   Operation 97 'getelementptr' 'bias_addr' <Predicate = (!icmp_ln65)> <Delay = 0.00>
ST_26 : Operation 98 [1/1] (0.00ns)   --->   "%tmp_s = call i2048 @_ssdm_op_BitConcatenate.i2048.i128.i128.i128.i128.i128.i128.i128.i128.i128.i128.i128.i128.i128.i128.i128.i128(i128 %ddr_V_addr_read_142, i128 %ddr_V_addr_read_141, i128 %ddr_V_addr_read_140, i128 %ddr_V_addr_read_139, i128 %ddr_V_addr_read_138, i128 %ddr_V_addr_read_137, i128 %ddr_V_addr_read_136, i128 %ddr_V_addr_read_135, i128 %ddr_V_addr_read_134, i128 %ddr_V_addr_read_133, i128 %ddr_V_addr_read_132, i128 %ddr_V_addr_read_131, i128 %ddr_V_addr_read_130, i128 %ddr_V_addr_read_129, i128 %ddr_V_addr_read_128, i128 %ddr_V_addr_read)" [resnet50_2.cpp:75]   --->   Operation 98 'bitconcatenate' 'tmp_s' <Predicate = (!icmp_ln65)> <Delay = 0.00>
ST_26 : Operation 99 [1/1] (1.23ns)   --->   "store i2048 %tmp_s, i2048* %bias_addr, align 8" [resnet50_2.cpp:75]   --->   Operation 99 'store' <Predicate = (!icmp_ln65)> <Delay = 1.23> <Core = "RAM_1P_BRAM">   --->   Core 46 'RAM_1P_BRAM' <Latency = 1> <II = 1> <Delay = 1.23> <Storage> <Opcode : 'load' 'store'> <Ports = 1> <Width = 2048> <Depth = 32> <RAM>
ST_26 : Operation 100 [1/1] (0.00ns)   --->   "%empty = call i32 (...)* @_ssdm_op_SpecRegionEnd([12 x i8]* @p_str1, i32 %tmp)" [resnet50_2.cpp:78]   --->   Operation 100 'specregionend' 'empty' <Predicate = (!icmp_ln65)> <Delay = 0.00>
ST_26 : Operation 101 [1/1] (0.00ns)   --->   "br label %1" [resnet50_2.cpp:65]   --->   Operation 101 'br' <Predicate = (!icmp_ln65)> <Delay = 0.00>

State 27 <SV = 2> <Delay = 0.90>
ST_27 : Operation 102 [1/1] (0.00ns)   --->   "%shl_ln = call i10 @_ssdm_op_BitConcatenate.i10.i6.i4(i6 %TO_read, i4 0)" [resnet50_2.cpp:85]   --->   Operation 102 'bitconcatenate' 'shl_ln' <Predicate = true> <Delay = 0.00>
ST_27 : Operation 103 [1/1] (0.00ns)   --->   "%zext_ln85 = zext i10 %shl_ln to i21" [resnet50_2.cpp:85]   --->   Operation 103 'zext' 'zext_ln85' <Predicate = true> <Delay = 0.00>
ST_27 : Operation 104 [1/1] (0.90ns)   --->   "%add_ln85 = add i21 %zext_ln85, %offset_read" [resnet50_2.cpp:85]   --->   Operation 104 'add' 'add_ln85' <Predicate = true> <Delay = 0.90> <Core = "AddSub">   --->   Core 14 'AddSub' <Latency = 0> <II = 1> <Delay = 0.90> <FuncUnit> <Opcode : 'add' 'sub'> <InPorts = 2> <OutPorts = 1>
ST_27 : Operation 105 [1/1] (0.65ns)   --->   "br label %.preheader" [resnet50_2.cpp:80]   --->   Operation 105 'br' <Predicate = true> <Delay = 0.65>

State 28 <SV = 3> <Delay = 1.07>
ST_28 : Operation 106 [1/1] (0.00ns)   --->   "%i1_0 = phi i6 [ %i_2, %hls_label_3 ], [ 0, %.preheader.preheader ]"   --->   Operation 106 'phi' 'i1_0' <Predicate = true> <Delay = 0.00>
ST_28 : Operation 107 [1/1] (0.00ns)   --->   "call void (...)* @_ssdm_op_SpecLoopTripCount(i64 4, i64 32, i64 0)"   --->   Operation 107 'speclooptripcount' <Predicate = true> <Delay = 0.00>
ST_28 : Operation 108 [1/1] (0.78ns)   --->   "%icmp_ln80 = icmp eq i6 %i1_0, %TO_read" [resnet50_2.cpp:80]   --->   Operation 108 'icmp' 'icmp_ln80' <Predicate = true> <Delay = 0.78> <Core = "Cmp">   --->   Core 25 'Cmp' <Latency = 0> <II = 1> <Delay = 0.78> <FuncUnit> <Opcode : 'icmp'> <InPorts = 2> <OutPorts = 1>
ST_28 : Operation 109 [1/1] (0.78ns)   --->   "%i_2 = add i6 %i1_0, 1" [resnet50_2.cpp:80]   --->   Operation 109 'add' 'i_2' <Predicate = true> <Delay = 0.78> <Core = "AddSub">   --->   Core 14 'AddSub' <Latency = 0> <II = 1> <Delay = 0.90> <FuncUnit> <Opcode : 'add' 'sub'> <InPorts = 2> <OutPorts = 1>
ST_28 : Operation 110 [1/1] (0.00ns)   --->   "br i1 %icmp_ln80, label %2, label %hls_label_3" [resnet50_2.cpp:80]   --->   Operation 110 'br' <Predicate = true> <Delay = 0.00>
ST_28 : Operation 111 [1/1] (0.00ns)   --->   "%trunc_ln85 = trunc i6 %i1_0 to i5" [resnet50_2.cpp:85]   --->   Operation 111 'trunc' 'trunc_ln85' <Predicate = (!icmp_ln80)> <Delay = 0.00>
ST_28 : Operation 112 [1/1] (0.00ns)   --->   "%shl_ln85_1 = call i9 @_ssdm_op_BitConcatenate.i9.i5.i4(i5 %trunc_ln85, i4 0)" [resnet50_2.cpp:85]   --->   Operation 112 'bitconcatenate' 'shl_ln85_1' <Predicate = (!icmp_ln80)> <Delay = 0.00>
ST_28 : Operation 113 [1/1] (0.00ns)   --->   "%zext_ln90_1 = zext i9 %shl_ln85_1 to i21" [resnet50_2.cpp:90]   --->   Operation 113 'zext' 'zext_ln90_1' <Predicate = (!icmp_ln80)> <Delay = 0.00>
ST_28 : Operation 114 [1/1] (0.90ns)   --->   "%add_ln85_1 = add i21 %zext_ln90_1, %add_ln85" [resnet50_2.cpp:85]   --->   Operation 114 'add' 'add_ln85_1' <Predicate = (!icmp_ln80)> <Delay = 0.90> <Core = "AddSub">   --->   Core 14 'AddSub' <Latency = 0> <II = 1> <Delay = 0.90> <FuncUnit> <Opcode : 'add' 'sub'> <InPorts = 2> <OutPorts = 1>

State 29 <SV = 4> <Delay = 8.75>
ST_29 : Operation 115 [1/1] (0.00ns)   --->   "%zext_ln85_1 = zext i21 %add_ln85_1 to i64" [resnet50_2.cpp:85]   --->   Operation 115 'zext' 'zext_ln85_1' <Predicate = (!icmp_ln80)> <Delay = 0.00>
ST_29 : Operation 116 [1/1] (0.00ns)   --->   "%ddr_V_addr_1 = getelementptr i128* %ddr_V, i64 %zext_ln85_1" [resnet50_2.cpp:85]   --->   Operation 116 'getelementptr' 'ddr_V_addr_1' <Predicate = (!icmp_ln80)> <Delay = 0.00>
ST_29 : Operation 117 [7/7] (8.75ns)   --->   "%ddr_V_addr_128_req = call i1 @_ssdm_op_ReadReq.m_axi.i128P(i128* %ddr_V_addr_1, i32 16)" [resnet50_2.cpp:85]   --->   Operation 117 'readreq' 'ddr_V_addr_128_req' <Predicate = (!icmp_ln80)> <Delay = 8.75> <Core = "m_axi">   --->   Core 9 'm_axi' <Latency = 6> <II = 1> <Delay = 1.00> <Adapter> <Opcode : 'read' 'write' 'readreq' 'writereq' 'writeresp'>

State 30 <SV = 5> <Delay = 8.75>
ST_30 : Operation 118 [6/7] (8.75ns)   --->   "%ddr_V_addr_128_req = call i1 @_ssdm_op_ReadReq.m_axi.i128P(i128* %ddr_V_addr_1, i32 16)" [resnet50_2.cpp:85]   --->   Operation 118 'readreq' 'ddr_V_addr_128_req' <Predicate = (!icmp_ln80)> <Delay = 8.75> <Core = "m_axi">   --->   Core 9 'm_axi' <Latency = 6> <II = 1> <Delay = 1.00> <Adapter> <Opcode : 'read' 'write' 'readreq' 'writereq' 'writeresp'>

State 31 <SV = 6> <Delay = 8.75>
ST_31 : Operation 119 [5/7] (8.75ns)   --->   "%ddr_V_addr_128_req = call i1 @_ssdm_op_ReadReq.m_axi.i128P(i128* %ddr_V_addr_1, i32 16)" [resnet50_2.cpp:85]   --->   Operation 119 'readreq' 'ddr_V_addr_128_req' <Predicate = (!icmp_ln80)> <Delay = 8.75> <Core = "m_axi">   --->   Core 9 'm_axi' <Latency = 6> <II = 1> <Delay = 1.00> <Adapter> <Opcode : 'read' 'write' 'readreq' 'writereq' 'writeresp'>

State 32 <SV = 7> <Delay = 8.75>
ST_32 : Operation 120 [4/7] (8.75ns)   --->   "%ddr_V_addr_128_req = call i1 @_ssdm_op_ReadReq.m_axi.i128P(i128* %ddr_V_addr_1, i32 16)" [resnet50_2.cpp:85]   --->   Operation 120 'readreq' 'ddr_V_addr_128_req' <Predicate = (!icmp_ln80)> <Delay = 8.75> <Core = "m_axi">   --->   Core 9 'm_axi' <Latency = 6> <II = 1> <Delay = 1.00> <Adapter> <Opcode : 'read' 'write' 'readreq' 'writereq' 'writeresp'>

State 33 <SV = 8> <Delay = 8.75>
ST_33 : Operation 121 [3/7] (8.75ns)   --->   "%ddr_V_addr_128_req = call i1 @_ssdm_op_ReadReq.m_axi.i128P(i128* %ddr_V_addr_1, i32 16)" [resnet50_2.cpp:85]   --->   Operation 121 'readreq' 'ddr_V_addr_128_req' <Predicate = (!icmp_ln80)> <Delay = 8.75> <Core = "m_axi">   --->   Core 9 'm_axi' <Latency = 6> <II = 1> <Delay = 1.00> <Adapter> <Opcode : 'read' 'write' 'readreq' 'writereq' 'writeresp'>

State 34 <SV = 9> <Delay = 8.75>
ST_34 : Operation 122 [2/7] (8.75ns)   --->   "%ddr_V_addr_128_req = call i1 @_ssdm_op_ReadReq.m_axi.i128P(i128* %ddr_V_addr_1, i32 16)" [resnet50_2.cpp:85]   --->   Operation 122 'readreq' 'ddr_V_addr_128_req' <Predicate = (!icmp_ln80)> <Delay = 8.75> <Core = "m_axi">   --->   Core 9 'm_axi' <Latency = 6> <II = 1> <Delay = 1.00> <Adapter> <Opcode : 'read' 'write' 'readreq' 'writereq' 'writeresp'>

State 35 <SV = 10> <Delay = 8.75>
ST_35 : Operation 123 [1/7] (8.75ns)   --->   "%ddr_V_addr_128_req = call i1 @_ssdm_op_ReadReq.m_axi.i128P(i128* %ddr_V_addr_1, i32 16)" [resnet50_2.cpp:85]   --->   Operation 123 'readreq' 'ddr_V_addr_128_req' <Predicate = (!icmp_ln80)> <Delay = 8.75> <Core = "m_axi">   --->   Core 9 'm_axi' <Latency = 6> <II = 1> <Delay = 1.00> <Adapter> <Opcode : 'read' 'write' 'readreq' 'writereq' 'writeresp'>

State 36 <SV = 11> <Delay = 8.75>
ST_36 : Operation 124 [1/1] (8.75ns)   --->   "%ddr_V_addr_1_read = call i128 @_ssdm_op_Read.m_axi.i128P(i128* %ddr_V_addr_1)" [resnet50_2.cpp:85]   --->   Operation 124 'read' 'ddr_V_addr_1_read' <Predicate = (!icmp_ln80)> <Delay = 8.75> <Core = "m_axi">   --->   Core 9 'm_axi' <Latency = 6> <II = 1> <Delay = 1.00> <Adapter> <Opcode : 'read' 'write' 'readreq' 'writereq' 'writeresp'>

State 37 <SV = 12> <Delay = 8.75>
ST_37 : Operation 125 [1/1] (8.75ns)   --->   "%ddr_V_addr_1_read_1 = call i128 @_ssdm_op_Read.m_axi.i128P(i128* %ddr_V_addr_1)" [resnet50_2.cpp:85]   --->   Operation 125 'read' 'ddr_V_addr_1_read_1' <Predicate = (!icmp_ln80)> <Delay = 8.75> <Core = "m_axi">   --->   Core 9 'm_axi' <Latency = 6> <II = 1> <Delay = 1.00> <Adapter> <Opcode : 'read' 'write' 'readreq' 'writereq' 'writeresp'>

State 38 <SV = 13> <Delay = 8.75>
ST_38 : Operation 126 [1/1] (8.75ns)   --->   "%ddr_V_addr_1_read_2 = call i128 @_ssdm_op_Read.m_axi.i128P(i128* %ddr_V_addr_1)" [resnet50_2.cpp:85]   --->   Operation 126 'read' 'ddr_V_addr_1_read_2' <Predicate = (!icmp_ln80)> <Delay = 8.75> <Core = "m_axi">   --->   Core 9 'm_axi' <Latency = 6> <II = 1> <Delay = 1.00> <Adapter> <Opcode : 'read' 'write' 'readreq' 'writereq' 'writeresp'>

State 39 <SV = 14> <Delay = 8.75>
ST_39 : Operation 127 [1/1] (8.75ns)   --->   "%ddr_V_addr_1_read_3 = call i128 @_ssdm_op_Read.m_axi.i128P(i128* %ddr_V_addr_1)" [resnet50_2.cpp:85]   --->   Operation 127 'read' 'ddr_V_addr_1_read_3' <Predicate = (!icmp_ln80)> <Delay = 8.75> <Core = "m_axi">   --->   Core 9 'm_axi' <Latency = 6> <II = 1> <Delay = 1.00> <Adapter> <Opcode : 'read' 'write' 'readreq' 'writereq' 'writeresp'>

State 40 <SV = 15> <Delay = 8.75>
ST_40 : Operation 128 [1/1] (8.75ns)   --->   "%ddr_V_addr_1_read_4 = call i128 @_ssdm_op_Read.m_axi.i128P(i128* %ddr_V_addr_1)" [resnet50_2.cpp:85]   --->   Operation 128 'read' 'ddr_V_addr_1_read_4' <Predicate = (!icmp_ln80)> <Delay = 8.75> <Core = "m_axi">   --->   Core 9 'm_axi' <Latency = 6> <II = 1> <Delay = 1.00> <Adapter> <Opcode : 'read' 'write' 'readreq' 'writereq' 'writeresp'>

State 41 <SV = 16> <Delay = 8.75>
ST_41 : Operation 129 [1/1] (8.75ns)   --->   "%ddr_V_addr_1_read_5 = call i128 @_ssdm_op_Read.m_axi.i128P(i128* %ddr_V_addr_1)" [resnet50_2.cpp:85]   --->   Operation 129 'read' 'ddr_V_addr_1_read_5' <Predicate = (!icmp_ln80)> <Delay = 8.75> <Core = "m_axi">   --->   Core 9 'm_axi' <Latency = 6> <II = 1> <Delay = 1.00> <Adapter> <Opcode : 'read' 'write' 'readreq' 'writereq' 'writeresp'>

State 42 <SV = 17> <Delay = 8.75>
ST_42 : Operation 130 [1/1] (8.75ns)   --->   "%ddr_V_addr_1_read_6 = call i128 @_ssdm_op_Read.m_axi.i128P(i128* %ddr_V_addr_1)" [resnet50_2.cpp:85]   --->   Operation 130 'read' 'ddr_V_addr_1_read_6' <Predicate = (!icmp_ln80)> <Delay = 8.75> <Core = "m_axi">   --->   Core 9 'm_axi' <Latency = 6> <II = 1> <Delay = 1.00> <Adapter> <Opcode : 'read' 'write' 'readreq' 'writereq' 'writeresp'>

State 43 <SV = 18> <Delay = 8.75>
ST_43 : Operation 131 [1/1] (8.75ns)   --->   "%ddr_V_addr_1_read_7 = call i128 @_ssdm_op_Read.m_axi.i128P(i128* %ddr_V_addr_1)" [resnet50_2.cpp:85]   --->   Operation 131 'read' 'ddr_V_addr_1_read_7' <Predicate = (!icmp_ln80)> <Delay = 8.75> <Core = "m_axi">   --->   Core 9 'm_axi' <Latency = 6> <II = 1> <Delay = 1.00> <Adapter> <Opcode : 'read' 'write' 'readreq' 'writereq' 'writeresp'>

State 44 <SV = 19> <Delay = 8.75>
ST_44 : Operation 132 [1/1] (8.75ns)   --->   "%ddr_V_addr_1_read_8 = call i128 @_ssdm_op_Read.m_axi.i128P(i128* %ddr_V_addr_1)" [resnet50_2.cpp:85]   --->   Operation 132 'read' 'ddr_V_addr_1_read_8' <Predicate = (!icmp_ln80)> <Delay = 8.75> <Core = "m_axi">   --->   Core 9 'm_axi' <Latency = 6> <II = 1> <Delay = 1.00> <Adapter> <Opcode : 'read' 'write' 'readreq' 'writereq' 'writeresp'>

State 45 <SV = 20> <Delay = 8.75>
ST_45 : Operation 133 [1/1] (8.75ns)   --->   "%ddr_V_addr_1_read_9 = call i128 @_ssdm_op_Read.m_axi.i128P(i128* %ddr_V_addr_1)" [resnet50_2.cpp:85]   --->   Operation 133 'read' 'ddr_V_addr_1_read_9' <Predicate = (!icmp_ln80)> <Delay = 8.75> <Core = "m_axi">   --->   Core 9 'm_axi' <Latency = 6> <II = 1> <Delay = 1.00> <Adapter> <Opcode : 'read' 'write' 'readreq' 'writereq' 'writeresp'>

State 46 <SV = 21> <Delay = 8.75>
ST_46 : Operation 134 [1/1] (8.75ns)   --->   "%ddr_V_addr_1_read_10 = call i128 @_ssdm_op_Read.m_axi.i128P(i128* %ddr_V_addr_1)" [resnet50_2.cpp:85]   --->   Operation 134 'read' 'ddr_V_addr_1_read_10' <Predicate = (!icmp_ln80)> <Delay = 8.75> <Core = "m_axi">   --->   Core 9 'm_axi' <Latency = 6> <II = 1> <Delay = 1.00> <Adapter> <Opcode : 'read' 'write' 'readreq' 'writereq' 'writeresp'>

State 47 <SV = 22> <Delay = 8.75>
ST_47 : Operation 135 [1/1] (8.75ns)   --->   "%ddr_V_addr_1_read_11 = call i128 @_ssdm_op_Read.m_axi.i128P(i128* %ddr_V_addr_1)" [resnet50_2.cpp:85]   --->   Operation 135 'read' 'ddr_V_addr_1_read_11' <Predicate = (!icmp_ln80)> <Delay = 8.75> <Core = "m_axi">   --->   Core 9 'm_axi' <Latency = 6> <II = 1> <Delay = 1.00> <Adapter> <Opcode : 'read' 'write' 'readreq' 'writereq' 'writeresp'>

State 48 <SV = 23> <Delay = 8.75>
ST_48 : Operation 136 [1/1] (8.75ns)   --->   "%ddr_V_addr_1_read_12 = call i128 @_ssdm_op_Read.m_axi.i128P(i128* %ddr_V_addr_1)" [resnet50_2.cpp:85]   --->   Operation 136 'read' 'ddr_V_addr_1_read_12' <Predicate = (!icmp_ln80)> <Delay = 8.75> <Core = "m_axi">   --->   Core 9 'm_axi' <Latency = 6> <II = 1> <Delay = 1.00> <Adapter> <Opcode : 'read' 'write' 'readreq' 'writereq' 'writeresp'>

State 49 <SV = 24> <Delay = 8.75>
ST_49 : Operation 137 [1/1] (8.75ns)   --->   "%ddr_V_addr_1_read_13 = call i128 @_ssdm_op_Read.m_axi.i128P(i128* %ddr_V_addr_1)" [resnet50_2.cpp:85]   --->   Operation 137 'read' 'ddr_V_addr_1_read_13' <Predicate = (!icmp_ln80)> <Delay = 8.75> <Core = "m_axi">   --->   Core 9 'm_axi' <Latency = 6> <II = 1> <Delay = 1.00> <Adapter> <Opcode : 'read' 'write' 'readreq' 'writereq' 'writeresp'>

State 50 <SV = 25> <Delay = 8.75>
ST_50 : Operation 138 [1/1] (8.75ns)   --->   "%ddr_V_addr_1_read_14 = call i128 @_ssdm_op_Read.m_axi.i128P(i128* %ddr_V_addr_1)" [resnet50_2.cpp:85]   --->   Operation 138 'read' 'ddr_V_addr_1_read_14' <Predicate = (!icmp_ln80)> <Delay = 8.75> <Core = "m_axi">   --->   Core 9 'm_axi' <Latency = 6> <II = 1> <Delay = 1.00> <Adapter> <Opcode : 'read' 'write' 'readreq' 'writereq' 'writeresp'>

State 51 <SV = 26> <Delay = 8.75>
ST_51 : Operation 139 [1/1] (8.75ns)   --->   "%ddr_V_addr_1_read_15 = call i128 @_ssdm_op_Read.m_axi.i128P(i128* %ddr_V_addr_1)" [resnet50_2.cpp:85]   --->   Operation 139 'read' 'ddr_V_addr_1_read_15' <Predicate = (!icmp_ln80)> <Delay = 8.75> <Core = "m_axi">   --->   Core 9 'm_axi' <Latency = 6> <II = 1> <Delay = 1.00> <Adapter> <Opcode : 'read' 'write' 'readreq' 'writereq' 'writeresp'>

State 52 <SV = 27> <Delay = 1.23>
ST_52 : Operation 140 [1/1] (0.00ns)   --->   "%tmp_373 = call i32 (...)* @_ssdm_op_SpecRegionBegin([12 x i8]* @p_str4)" [resnet50_2.cpp:80]   --->   Operation 140 'specregionbegin' 'tmp_373' <Predicate = (!icmp_ln80)> <Delay = 0.00>
ST_52 : Operation 141 [1/1] (0.00ns)   --->   "call void (...)* @_ssdm_op_SpecPipeline(i32 -1, i32 1, i32 1, i32 0, [1 x i8]* @p_str) nounwind" [resnet50_2.cpp:81]   --->   Operation 141 'specpipeline' <Predicate = (!icmp_ln80)> <Delay = 0.00>
ST_52 : Operation 142 [1/1] (0.00ns)   --->   "%zext_ln90 = zext i6 %i1_0 to i64" [resnet50_2.cpp:90]   --->   Operation 142 'zext' 'zext_ln90' <Predicate = (!icmp_ln80)> <Delay = 0.00>
ST_52 : Operation 143 [1/1] (0.00ns)   --->   "%scale_addr = getelementptr [32 x i2048]* %scale, i64 0, i64 %zext_ln90" [resnet50_2.cpp:90]   --->   Operation 143 'getelementptr' 'scale_addr' <Predicate = (!icmp_ln80)> <Delay = 0.00>
ST_52 : Operation 144 [1/1] (0.00ns)   --->   "%tmp_374 = call i2048 @_ssdm_op_BitConcatenate.i2048.i128.i128.i128.i128.i128.i128.i128.i128.i128.i128.i128.i128.i128.i128.i128.i128(i128 %ddr_V_addr_1_read_15, i128 %ddr_V_addr_1_read_14, i128 %ddr_V_addr_1_read_13, i128 %ddr_V_addr_1_read_12, i128 %ddr_V_addr_1_read_11, i128 %ddr_V_addr_1_read_10, i128 %ddr_V_addr_1_read_9, i128 %ddr_V_addr_1_read_8, i128 %ddr_V_addr_1_read_7, i128 %ddr_V_addr_1_read_6, i128 %ddr_V_addr_1_read_5, i128 %ddr_V_addr_1_read_4, i128 %ddr_V_addr_1_read_3, i128 %ddr_V_addr_1_read_2, i128 %ddr_V_addr_1_read_1, i128 %ddr_V_addr_1_read)" [resnet50_2.cpp:90]   --->   Operation 144 'bitconcatenate' 'tmp_374' <Predicate = (!icmp_ln80)> <Delay = 0.00>
ST_52 : Operation 145 [1/1] (1.23ns)   --->   "store i2048 %tmp_374, i2048* %scale_addr, align 8" [resnet50_2.cpp:90]   --->   Operation 145 'store' <Predicate = (!icmp_ln80)> <Delay = 1.23> <Core = "RAM_1P_BRAM">   --->   Core 46 'RAM_1P_BRAM' <Latency = 1> <II = 1> <Delay = 1.23> <Storage> <Opcode : 'load' 'store'> <Ports = 1> <Width = 2048> <Depth = 32> <RAM>
ST_52 : Operation 146 [1/1] (0.00ns)   --->   "%empty_54 = call i32 (...)* @_ssdm_op_SpecRegionEnd([12 x i8]* @p_str4, i32 %tmp_373)" [resnet50_2.cpp:93]   --->   Operation 146 'specregionend' 'empty_54' <Predicate = (!icmp_ln80)> <Delay = 0.00>
ST_52 : Operation 147 [1/1] (0.00ns)   --->   "br label %.preheader" [resnet50_2.cpp:80]   --->   Operation 147 'br' <Predicate = (!icmp_ln80)> <Delay = 0.00>

State 53 <SV = 4> <Delay = 0.00>
ST_53 : Operation 148 [1/1] (0.00ns)   --->   "ret void" [resnet50_2.cpp:95]   --->   Operation 148 'ret' <Predicate = true> <Delay = 0.00>


============================================================
+ Verbose Summary: Binding
============================================================
STG Binding: 
---------------- STG Properties BEGIN ----------------
- Is combinational: 0
- Is one-state seq: 0
- Is datapath-only: 0
- Is pipelined: 0
- Is top level: 0
Port [ Return ] is wired: 1; IO mode=ap_ctrl_hs:ce=0
Port [ bias]:  wired=1; compound=1; hidden=0; nouse=0; global=0; static=0; extern=0; dir=1; type=1; pingpong=0; private_global=0; MemPort=[0]; IO mode=ap_memory:ce=0
Port [ scale]:  wired=1; compound=1; hidden=0; nouse=0; global=0; static=0; extern=0; dir=1; type=1; pingpong=0; private_global=0; MemPort=[0]; IO mode=ap_memory:ce=0
Port [ ddr_V]:  wired=1; compound=1; hidden=0; nouse=0; global=0; static=0; extern=0; dir=0; type=4; pingpong=0; private_global=0; IO mode=m_axi:ce=0
Port [ TO_r]:  wired=1; compound=0; hidden=0; nouse=0; global=0; static=0; extern=0; dir=0; type=0; pingpong=0; private_global=0; IO mode=ap_none:ce=0
Port [ offset]:  wired=1; compound=0; hidden=0; nouse=0; global=0; static=0; extern=0; dir=0; type=0; pingpong=0; private_global=0; IO mode=ap_none:ce=0
---------------- STG Properties END ------------------

---------------- Datapath Model BEGIN ----------------

<LifeTime>
<method=bitvector/>
specmemcore_ln0       (specmemcore      ) [ 000000000000000000000000000000000000000000000000000000]
specmemcore_ln0       (specmemcore      ) [ 000000000000000000000000000000000000000000000000000000]
specinterface_ln0     (specinterface    ) [ 000000000000000000000000000000000000000000000000000000]
offset_read           (read             ) [ 001111111111111111111111111100000000000000000000000000]
TO_read               (read             ) [ 001111111111111111111111111111111111111111111111111110]
br_ln65               (br               ) [ 011111111111111111111111111000000000000000000000000000]
i_0                   (phi              ) [ 001111111111111111111111111000000000000000000000000000]
speclooptripcount_ln0 (speclooptripcount) [ 000000000000000000000000000000000000000000000000000000]
icmp_ln65             (icmp             ) [ 001111111111111111111111111000000000000000000000000000]
i                     (add              ) [ 011111111111111111111111111000000000000000000000000000]
br_ln65               (br               ) [ 000000000000000000000000000000000000000000000000000000]
trunc_ln70            (trunc            ) [ 000000000000000000000000000000000000000000000000000000]
shl_ln2               (bitconcatenate   ) [ 000000000000000000000000000000000000000000000000000000]
zext_ln75_1           (zext             ) [ 000000000000000000000000000000000000000000000000000000]
add_ln70              (add              ) [ 000100000000000000000000000000000000000000000000000000]
zext_ln70             (zext             ) [ 000000000000000000000000000000000000000000000000000000]
ddr_V_addr            (getelementptr    ) [ 001111111111111111111111110000000000000000000000000000]
ddr_V_addr_req        (readreq          ) [ 000000000000000000000000000000000000000000000000000000]
ddr_V_addr_read       (read             ) [ 001111111111111111111111111000000000000000000000000000]
ddr_V_addr_read_128   (read             ) [ 001111111110111111111111111000000000000000000000000000]
ddr_V_addr_read_129   (read             ) [ 001111111110011111111111111000000000000000000000000000]
ddr_V_addr_read_130   (read             ) [ 001111111110001111111111111000000000000000000000000000]
ddr_V_addr_read_131   (read             ) [ 001111111110000111111111111000000000000000000000000000]
ddr_V_addr_read_132   (read             ) [ 001111111110000011111111111000000000000000000000000000]
ddr_V_addr_read_133   (read             ) [ 001111111110000001111111111000000000000000000000000000]
ddr_V_addr_read_134   (read             ) [ 001111111110000000111111111000000000000000000000000000]
ddr_V_addr_read_135   (read             ) [ 000111111110000000011111111000000000000000000000000000]
ddr_V_addr_read_136   (read             ) [ 000011111110000000001111111000000000000000000000000000]
ddr_V_addr_read_137   (read             ) [ 000001111110000000000111111000000000000000000000000000]
ddr_V_addr_read_138   (read             ) [ 000000111110000000000011111000000000000000000000000000]
ddr_V_addr_read_139   (read             ) [ 000000011110000000000001111000000000000000000000000000]
ddr_V_addr_read_140   (read             ) [ 000000001110000000000000111000000000000000000000000000]
ddr_V_addr_read_141   (read             ) [ 000000000110000000000000011000000000000000000000000000]
ddr_V_addr_read_142   (read             ) [ 000000000010000000000000001000000000000000000000000000]
tmp                   (specregionbegin  ) [ 000000000000000000000000000000000000000000000000000000]
specpipeline_ln66     (specpipeline     ) [ 000000000000000000000000000000000000000000000000000000]
zext_ln75             (zext             ) [ 000000000000000000000000000000000000000000000000000000]
bias_addr             (getelementptr    ) [ 000000000000000000000000000000000000000000000000000000]
tmp_s                 (bitconcatenate   ) [ 000000000000000000000000000000000000000000000000000000]
store_ln75            (store            ) [ 000000000000000000000000000000000000000000000000000000]
empty                 (specregionend    ) [ 000000000000000000000000000000000000000000000000000000]
br_ln65               (br               ) [ 011111111111111111111111111000000000000000000000000000]
shl_ln                (bitconcatenate   ) [ 000000000000000000000000000000000000000000000000000000]
zext_ln85             (zext             ) [ 000000000000000000000000000000000000000000000000000000]
add_ln85              (add              ) [ 000000000000000000000000000011111111111111111111111110]
br_ln80               (br               ) [ 000000000000000000000000000111111111111111111111111110]
i1_0                  (phi              ) [ 000000000000000000000000000011111111111111111111111110]
speclooptripcount_ln0 (speclooptripcount) [ 000000000000000000000000000000000000000000000000000000]
icmp_ln80             (icmp             ) [ 000000000000000000000000000011111111111111111111111110]
i_2                   (add              ) [ 000000000000000000000000000111111111111111111111111110]
br_ln80               (br               ) [ 000000000000000000000000000000000000000000000000000000]
trunc_ln85            (trunc            ) [ 000000000000000000000000000000000000000000000000000000]
shl_ln85_1            (bitconcatenate   ) [ 000000000000000000000000000000000000000000000000000000]
zext_ln90_1           (zext             ) [ 000000000000000000000000000000000000000000000000000000]
add_ln85_1            (add              ) [ 000000000000000000000000000001000000000000000000000000]
zext_ln85_1           (zext             ) [ 000000000000000000000000000000000000000000000000000000]
ddr_V_addr_1          (getelementptr    ) [ 000000000000000000000000000011111111111111111111111100]
ddr_V_addr_128_req    (readreq          ) [ 000000000000000000000000000000000000000000000000000000]
ddr_V_addr_1_read     (read             ) [ 000000000000000000000000000011111111111111111111111110]
ddr_V_addr_1_read_1   (read             ) [ 000000000000000000000000000011111111101111111111111110]
ddr_V_addr_1_read_2   (read             ) [ 000000000000000000000000000011111111100111111111111110]
ddr_V_addr_1_read_3   (read             ) [ 000000000000000000000000000011111111100011111111111110]
ddr_V_addr_1_read_4   (read             ) [ 000000000000000000000000000011111111100001111111111110]
ddr_V_addr_1_read_5   (read             ) [ 000000000000000000000000000011111111100000111111111110]
ddr_V_addr_1_read_6   (read             ) [ 000000000000000000000000000011111111100000011111111110]
ddr_V_addr_1_read_7   (read             ) [ 000000000000000000000000000011111111100000001111111110]
ddr_V_addr_1_read_8   (read             ) [ 000000000000000000000000000001111111100000000111111110]
ddr_V_addr_1_read_9   (read             ) [ 000000000000000000000000000000111111100000000011111110]
ddr_V_addr_1_read_10  (read             ) [ 000000000000000000000000000000011111100000000001111110]
ddr_V_addr_1_read_11  (read             ) [ 000000000000000000000000000000001111100000000000111110]
ddr_V_addr_1_read_12  (read             ) [ 000000000000000000000000000000000111100000000000011110]
ddr_V_addr_1_read_13  (read             ) [ 000000000000000000000000000000000011100000000000001110]
ddr_V_addr_1_read_14  (read             ) [ 000000000000000000000000000000000001100000000000000110]
ddr_V_addr_1_read_15  (read             ) [ 000000000000000000000000000000000000100000000000000010]
tmp_373               (specregionbegin  ) [ 000000000000000000000000000000000000000000000000000000]
specpipeline_ln81     (specpipeline     ) [ 000000000000000000000000000000000000000000000000000000]
zext_ln90             (zext             ) [ 000000000000000000000000000000000000000000000000000000]
scale_addr            (getelementptr    ) [ 000000000000000000000000000000000000000000000000000000]
tmp_374               (bitconcatenate   ) [ 000000000000000000000000000000000000000000000000000000]
store_ln90            (store            ) [ 000000000000000000000000000000000000000000000000000000]
empty_54              (specregionend    ) [ 000000000000000000000000000000000000000000000000000000]
br_ln80               (br               ) [ 000000000000000000000000000111111111111111111111111110]
ret_ln95              (ret              ) [ 000000000000000000000000000000000000000000000000000000]
</LifeTime>

<model>

<comp_list>
<comp id="0" class="1000" name="bias">
<pin_list>
<pin id="1" dir="1" index="0" bw="1" slack="0"/>
</pin_list>
<bind>
<StgValue><ssdm name="bias"/><MemPortTyVec>0 </MemPortTyVec>
</StgValue>
</bind>
</comp>

<comp id="2" class="1000" name="scale">
<pin_list>
<pin id="3" dir="1" index="0" bw="1" slack="0"/>
</pin_list>
<bind>
<StgValue><ssdm name="scale"/><MemPortTyVec>0 </MemPortTyVec>
</StgValue>
</bind>
</comp>

<comp id="4" class="1000" name="ddr_V">
<pin_list>
<pin id="5" dir="1" index="0" bw="1" slack="0"/>
</pin_list>
<bind>
<StgValue><ssdm name="ddr_V"/></StgValue>
</bind>
</comp>

<comp id="6" class="1000" name="TO_r">
<pin_list>
<pin id="7" dir="1" index="0" bw="1" slack="0"/>
</pin_list>
<bind>
<StgValue><ssdm name="TO_r"/></StgValue>
</bind>
</comp>

<comp id="8" class="1000" name="offset">
<pin_list>
<pin id="9" dir="1" index="0" bw="1" slack="0"/>
</pin_list>
<bind>
<StgValue><ssdm name="offset"/></StgValue>
</bind>
</comp>

<comp id="10" class="1001" name="const_10">
<pin_list>
<pin id="11" dir="1" index="0" bw="1" slack="2147483647"/>
</pin_list>
<bind>
<StgValue><ssdm name="_ssdm_op_SpecMemCore"/></StgValue>
</bind>
</comp>

<comp id="12" class="1001" name="const_12">
<pin_list>
<pin id="13" dir="1" index="0" bw="1" slack="2147483647"/>
</pin_list>
<bind>
<StgValue><ssdm name="p_str"/></StgValue>
</bind>
</comp>

<comp id="14" class="1001" name="const_14">
<pin_list>
<pin id="15" dir="1" index="0" bw="1" slack="2147483647"/>
</pin_list>
<bind>
<StgValue><ssdm name="p_str18"/></StgValue>
</bind>
</comp>

<comp id="16" class="1001" name="const_16">
<pin_list>
<pin id="17" dir="1" index="0" bw="1" slack="2147483647"/>
</pin_list>
<bind>
<StgValue><ssdm name=""/></StgValue>
</bind>
</comp>

<comp id="18" class="1001" name="const_18">
<pin_list>
<pin id="19" dir="1" index="0" bw="1" slack="2147483647"/>
</pin_list>
<bind>
<StgValue><ssdm name="_ssdm_op_SpecInterface"/></StgValue>
</bind>
</comp>

<comp id="20" class="1001" name="const_20">
<pin_list>
<pin id="21" dir="1" index="0" bw="1" slack="2147483647"/>
</pin_list>
<bind>
<StgValue><ssdm name="p_str26"/></StgValue>
</bind>
</comp>

<comp id="22" class="1001" name="const_22">
<pin_list>
<pin id="23" dir="1" index="0" bw="1" slack="2147483647"/>
</pin_list>
<bind>
<StgValue><ssdm name=""/></StgValue>
</bind>
</comp>

<comp id="24" class="1001" name="const_24">
<pin_list>
<pin id="25" dir="1" index="0" bw="1" slack="2147483647"/>
</pin_list>
<bind>
<StgValue><ssdm name=""/></StgValue>
</bind>
</comp>

<comp id="26" class="1001" name="const_26">
<pin_list>
<pin id="27" dir="1" index="0" bw="1" slack="0"/>
</pin_list>
<bind>
<StgValue><ssdm name=""/></StgValue>
</bind>
</comp>

<comp id="28" class="1001" name="const_28">
<pin_list>
<pin id="29" dir="1" index="0" bw="1" slack="0"/>
</pin_list>
<bind>
<StgValue><ssdm name="_ssdm_op_Read.ap_auto.i21"/></StgValue>
</bind>
</comp>

<comp id="30" class="1001" name="const_30">
<pin_list>
<pin id="31" dir="1" index="0" bw="1" slack="0"/>
</pin_list>
<bind>
<StgValue><ssdm name="_ssdm_op_Read.ap_auto.i6"/></StgValue>
</bind>
</comp>

<comp id="32" class="1001" name="const_32">
<pin_list>
<pin id="33" dir="1" index="0" bw="1" slack="1"/>
</pin_list>
<bind>
<StgValue><ssdm name=""/></StgValue>
</bind>
</comp>

<comp id="34" class="1001" name="const_34">
<pin_list>
<pin id="35" dir="1" index="0" bw="1" slack="2147483647"/>
</pin_list>
<bind>
<StgValue><ssdm name="_ssdm_op_SpecLoopTripCount"/></StgValue>
</bind>
</comp>

<comp id="36" class="1001" name="const_36">
<pin_list>
<pin id="37" dir="1" index="0" bw="1" slack="2147483647"/>
</pin_list>
<bind>
<StgValue><ssdm name=""/></StgValue>
</bind>
</comp>

<comp id="38" class="1001" name="const_38">
<pin_list>
<pin id="39" dir="1" index="0" bw="1" slack="2147483647"/>
</pin_list>
<bind>
<StgValue><ssdm name=""/></StgValue>
</bind>
</comp>

<comp id="40" class="1001" name="const_40">
<pin_list>
<pin id="41" dir="1" index="0" bw="1" slack="0"/>
</pin_list>
<bind>
<StgValue><ssdm name=""/></StgValue>
</bind>
</comp>

<comp id="42" class="1001" name="const_42">
<pin_list>
<pin id="43" dir="1" index="0" bw="1" slack="0"/>
</pin_list>
<bind>
<StgValue><ssdm name=""/></StgValue>
</bind>
</comp>

<comp id="44" class="1001" name="const_44">
<pin_list>
<pin id="45" dir="1" index="0" bw="1" slack="0"/>
</pin_list>
<bind>
<StgValue><ssdm name="_ssdm_op_BitConcatenate.i9.i5.i4"/></StgValue>
</bind>
</comp>

<comp id="46" class="1001" name="const_46">
<pin_list>
<pin id="47" dir="1" index="0" bw="1" slack="0"/>
</pin_list>
<bind>
<StgValue><ssdm name=""/></StgValue>
</bind>
</comp>

<comp id="48" class="1001" name="const_48">
<pin_list>
<pin id="49" dir="1" index="0" bw="1" slack="0"/>
</pin_list>
<bind>
<StgValue><ssdm name="_ssdm_op_ReadReq.m_axi.i128P"/></StgValue>
</bind>
</comp>

<comp id="50" class="1001" name="const_50">
<pin_list>
<pin id="51" dir="1" index="0" bw="1" slack="0"/>
</pin_list>
<bind>
<StgValue><ssdm name="_ssdm_op_Read.m_axi.i128P"/></StgValue>
</bind>
</comp>

<comp id="52" class="1001" name="const_52">
<pin_list>
<pin id="53" dir="1" index="0" bw="1" slack="2147483647"/>
</pin_list>
<bind>
<StgValue><ssdm name="_ssdm_op_SpecRegionBegin"/></StgValue>
</bind>
</comp>

<comp id="54" class="1001" name="const_54">
<pin_list>
<pin id="55" dir="1" index="0" bw="1" slack="2147483647"/>
</pin_list>
<bind>
<StgValue><ssdm name="p_str1"/></StgValue>
</bind>
</comp>

<comp id="56" class="1001" name="const_56">
<pin_list>
<pin id="57" dir="1" index="0" bw="1" slack="2147483647"/>
</pin_list>
<bind>
<StgValue><ssdm name="_ssdm_op_SpecPipeline"/></StgValue>
</bind>
</comp>

<comp id="58" class="1001" name="const_58">
<pin_list>
<pin id="59" dir="1" index="0" bw="1" slack="2147483647"/>
</pin_list>
<bind>
<StgValue><ssdm name=""/></StgValue>
</bind>
</comp>

<comp id="60" class="1001" name="const_60">
<pin_list>
<pin id="61" dir="1" index="0" bw="1" slack="0"/>
</pin_list>
<bind>
<StgValue><ssdm name="_ssdm_op_BitConcatenate.i2048.i128.i128.i128.i128.i128.i128.i128.i128.i128.i128.i128.i128.i128.i128.i128.i128"/></StgValue>
</bind>
</comp>

<comp id="62" class="1001" name="const_62">
<pin_list>
<pin id="63" dir="1" index="0" bw="1" slack="2147483647"/>
</pin_list>
<bind>
<StgValue><ssdm name="_ssdm_op_SpecRegionEnd"/></StgValue>
</bind>
</comp>

<comp id="64" class="1001" name="const_64">
<pin_list>
<pin id="65" dir="1" index="0" bw="1" slack="0"/>
</pin_list>
<bind>
<StgValue><ssdm name="_ssdm_op_BitConcatenate.i10.i6.i4"/></StgValue>
</bind>
</comp>

<comp id="66" class="1001" name="const_66">
<pin_list>
<pin id="67" dir="1" index="0" bw="1" slack="2147483647"/>
</pin_list>
<bind>
<StgValue><ssdm name="p_str4"/></StgValue>
</bind>
</comp>

<comp id="68" class="1004" name="offset_read_read_fu_68">
<pin_list>
<pin id="69" dir="0" index="0" bw="21" slack="0"/>
<pin id="70" dir="0" index="1" bw="21" slack="0"/>
<pin id="71" dir="1" index="2" bw="21" slack="1"/>
</pin_list>
<bind>
<opcode="read(1150) " fcode="read"/>
<opset="offset_read/1 "/>
</bind>
</comp>

<comp id="74" class="1004" name="TO_read_read_fu_74">
<pin_list>
<pin id="75" dir="0" index="0" bw="6" slack="0"/>
<pin id="76" dir="0" index="1" bw="6" slack="0"/>
<pin id="77" dir="1" index="2" bw="6" slack="1"/>
</pin_list>
<bind>
<opcode="read(1150) " fcode="read"/>
<opset="TO_read/1 "/>
</bind>
</comp>

<comp id="80" class="1004" name="grp_readreq_fu_80">
<pin_list>
<pin id="81" dir="0" index="0" bw="1" slack="0"/>
<pin id="82" dir="0" index="1" bw="128" slack="0"/>
<pin id="83" dir="0" index="2" bw="6" slack="0"/>
<pin id="84" dir="1" index="3" bw="1" slack="2147483647"/>
</pin_list>
<bind>
<opcode="readreq(1154) " fcode="readreq"/>
<opset="ddr_V_addr_req/3 "/>
</bind>
</comp>

<comp id="87" class="1004" name="grp_read_fu_87">
<pin_list>
<pin id="88" dir="0" index="0" bw="128" slack="0"/>
<pin id="89" dir="0" index="1" bw="128" slack="7"/>
<pin id="90" dir="1" index="2" bw="128" slack="1"/>
</pin_list>
<bind>
<opcode="read(1150) " fcode="read"/>
<opset="ddr_V_addr_read/10 ddr_V_addr_read_128/11 ddr_V_addr_read_129/12 ddr_V_addr_read_130/13 ddr_V_addr_read_131/14 ddr_V_addr_read_132/15 ddr_V_addr_read_133/16 ddr_V_addr_read_134/17 ddr_V_addr_read_135/18 ddr_V_addr_read_136/19 ddr_V_addr_read_137/20 ddr_V_addr_read_138/21 ddr_V_addr_read_139/22 ddr_V_addr_read_140/23 ddr_V_addr_read_141/24 ddr_V_addr_read_142/25 "/>
</bind>
</comp>

<comp id="92" class="1004" name="grp_readreq_fu_92">
<pin_list>
<pin id="93" dir="0" index="0" bw="1" slack="0"/>
<pin id="94" dir="0" index="1" bw="128" slack="0"/>
<pin id="95" dir="0" index="2" bw="6" slack="0"/>
<pin id="96" dir="1" index="3" bw="1" slack="2147483647"/>
</pin_list>
<bind>
<opcode="readreq(1154) " fcode="readreq"/>
<opset="ddr_V_addr_128_req/29 "/>
</bind>
</comp>

<comp id="99" class="1004" name="grp_read_fu_99">
<pin_list>
<pin id="100" dir="0" index="0" bw="128" slack="0"/>
<pin id="101" dir="0" index="1" bw="128" slack="7"/>
<pin id="102" dir="1" index="2" bw="128" slack="1"/>
</pin_list>
<bind>
<opcode="read(1150) " fcode="read"/>
<opset="ddr_V_addr_1_read/36 ddr_V_addr_1_read_1/37 ddr_V_addr_1_read_2/38 ddr_V_addr_1_read_3/39 ddr_V_addr_1_read_4/40 ddr_V_addr_1_read_5/41 ddr_V_addr_1_read_6/42 ddr_V_addr_1_read_7/43 ddr_V_addr_1_read_8/44 ddr_V_addr_1_read_9/45 ddr_V_addr_1_read_10/46 ddr_V_addr_1_read_11/47 ddr_V_addr_1_read_12/48 ddr_V_addr_1_read_13/49 ddr_V_addr_1_read_14/50 ddr_V_addr_1_read_15/51 "/>
</bind>
</comp>

<comp id="104" class="1004" name="bias_addr_gep_fu_104">
<pin_list>
<pin id="105" dir="0" index="0" bw="2048" slack="0"/>
<pin id="106" dir="0" index="1" bw="1" slack="0"/>
<pin id="107" dir="0" index="2" bw="6" slack="0"/>
<pin id="108" dir="1" index="3" bw="5" slack="0"/>
</pin_list>
<bind>
<opcode="getelementptr(29) " fcode="getelementptr"/>
<opset="bias_addr/26 "/>
</bind>
</comp>

<comp id="111" class="1004" name="store_ln75_access_fu_111">
<pin_list>
<pin id="112" dir="0" index="0" bw="5" slack="0"/>
<pin id="113" dir="0" index="1" bw="2048" slack="0"/>
<pin id="114" dir="0" index="2" bw="0" slack="2147483647"/>
<pin id="115" dir="1" index="3" bw="2048" slack="2147483647"/>
</pin_list>
<bind>
<opcode="store(28) " fcode="store"/>
<opset="store_ln75/26 "/>
</bind>
</comp>

<comp id="117" class="1004" name="scale_addr_gep_fu_117">
<pin_list>
<pin id="118" dir="0" index="0" bw="2048" slack="0"/>
<pin id="119" dir="0" index="1" bw="1" slack="0"/>
<pin id="120" dir="0" index="2" bw="6" slack="0"/>
<pin id="121" dir="1" index="3" bw="5" slack="0"/>
</pin_list>
<bind>
<opcode="getelementptr(29) " fcode="getelementptr"/>
<opset="scale_addr/52 "/>
</bind>
</comp>

<comp id="124" class="1004" name="store_ln90_access_fu_124">
<pin_list>
<pin id="125" dir="0" index="0" bw="5" slack="0"/>
<pin id="126" dir="0" index="1" bw="2048" slack="0"/>
<pin id="127" dir="0" index="2" bw="0" slack="2147483647"/>
<pin id="128" dir="1" index="3" bw="2048" slack="2147483647"/>
</pin_list>
<bind>
<opcode="store(28) " fcode="store"/>
<opset="store_ln90/52 "/>
</bind>
</comp>

<comp id="130" class="1005" name="i_0_reg_130">
<pin_list>
<pin id="131" dir="0" index="0" bw="6" slack="1"/>
<pin id="132" dir="1" index="1" bw="6" slack="1"/>
</pin_list>
<bind>
<opset="i_0 (phireg) "/>
</bind>
</comp>

<comp id="134" class="1004" name="i_0_phi_fu_134">
<pin_list>
<pin id="135" dir="0" index="0" bw="1" slack="1"/>
<pin id="136" dir="0" index="1" bw="0" slack="2147483647"/>
<pin id="137" dir="0" index="2" bw="6" slack="0"/>
<pin id="138" dir="0" index="3" bw="0" slack="2147483647"/>
<pin id="139" dir="1" index="4" bw="6" slack="0"/>
</pin_list>
<bind>
<opcode="phi(47) " fcode="phi"/>
<opset="i_0/2 "/>
</bind>
</comp>

<comp id="142" class="1005" name="i1_0_reg_142">
<pin_list>
<pin id="143" dir="0" index="0" bw="6" slack="1"/>
<pin id="144" dir="1" index="1" bw="6" slack="1"/>
</pin_list>
<bind>
<opset="i1_0 (phireg) "/>
</bind>
</comp>

<comp id="146" class="1004" name="i1_0_phi_fu_146">
<pin_list>
<pin id="147" dir="0" index="0" bw="6" slack="0"/>
<pin id="148" dir="0" index="1" bw="0" slack="2147483647"/>
<pin id="149" dir="0" index="2" bw="1" slack="1"/>
<pin id="150" dir="0" index="3" bw="0" slack="2147483647"/>
<pin id="151" dir="1" index="4" bw="6" slack="0"/>
</pin_list>
<bind>
<opcode="phi(47) " fcode="phi"/>
<opset="i1_0/28 "/>
</bind>
</comp>

<comp id="154" class="1004" name="icmp_ln65_fu_154">
<pin_list>
<pin id="155" dir="0" index="0" bw="6" slack="0"/>
<pin id="156" dir="0" index="1" bw="6" slack="1"/>
<pin id="157" dir="1" index="2" bw="1" slack="1"/>
</pin_list>
<bind>
<opcode="icmp(45) " fcode="icmp"/>
<opset="icmp_ln65/2 "/>
</bind>
</comp>

<comp id="159" class="1004" name="i_fu_159">
<pin_list>
<pin id="160" dir="0" index="0" bw="6" slack="0"/>
<pin id="161" dir="0" index="1" bw="1" slack="0"/>
<pin id="162" dir="1" index="2" bw="6" slack="0"/>
</pin_list>
<bind>
<opcode="add(8) " fcode="add"/>
<opset="i/2 "/>
</bind>
</comp>

<comp id="165" class="1004" name="trunc_ln70_fu_165">
<pin_list>
<pin id="166" dir="0" index="0" bw="6" slack="0"/>
<pin id="167" dir="1" index="1" bw="5" slack="0"/>
</pin_list>
<bind>
<opcode="trunc(33) " fcode="trunc"/>
<opset="trunc_ln70/2 "/>
</bind>
</comp>

<comp id="169" class="1004" name="shl_ln2_fu_169">
<pin_list>
<pin id="170" dir="0" index="0" bw="9" slack="0"/>
<pin id="171" dir="0" index="1" bw="5" slack="0"/>
<pin id="172" dir="0" index="2" bw="1" slack="0"/>
<pin id="173" dir="1" index="3" bw="9" slack="0"/>
</pin_list>
<bind>
<opcode="bitconcatenate(1004) " fcode="bitconcatenate"/>
<opset="shl_ln2/2 "/>
</bind>
</comp>

<comp id="177" class="1004" name="zext_ln75_1_fu_177">
<pin_list>
<pin id="178" dir="0" index="0" bw="9" slack="0"/>
<pin id="179" dir="1" index="1" bw="21" slack="0"/>
</pin_list>
<bind>
<opcode="zext(34) " fcode="zext"/>
<opset="zext_ln75_1/2 "/>
</bind>
</comp>

<comp id="181" class="1004" name="add_ln70_fu_181">
<pin_list>
<pin id="182" dir="0" index="0" bw="21" slack="1"/>
<pin id="183" dir="0" index="1" bw="9" slack="0"/>
<pin id="184" dir="1" index="2" bw="21" slack="1"/>
</pin_list>
<bind>
<opcode="add(8) " fcode="add"/>
<opset="add_ln70/2 "/>
</bind>
</comp>

<comp id="186" class="1004" name="zext_ln70_fu_186">
<pin_list>
<pin id="187" dir="0" index="0" bw="21" slack="1"/>
<pin id="188" dir="1" index="1" bw="64" slack="0"/>
</pin_list>
<bind>
<opcode="zext(34) " fcode="zext"/>
<opset="zext_ln70/3 "/>
</bind>
</comp>

<comp id="189" class="1004" name="ddr_V_addr_fu_189">
<pin_list>
<pin id="190" dir="0" index="0" bw="128" slack="0"/>
<pin id="191" dir="0" index="1" bw="21" slack="0"/>
<pin id="192" dir="1" index="2" bw="128" slack="0"/>
</pin_list>
<bind>
<opcode="getelementptr(29) " fcode="getelementptr"/>
<opset="ddr_V_addr/3 "/>
</bind>
</comp>

<comp id="196" class="1004" name="zext_ln75_fu_196">
<pin_list>
<pin id="197" dir="0" index="0" bw="6" slack="24"/>
<pin id="198" dir="1" index="1" bw="64" slack="0"/>
</pin_list>
<bind>
<opcode="zext(34) " fcode="zext"/>
<opset="zext_ln75/26 "/>
</bind>
</comp>

<comp id="201" class="1004" name="tmp_s_fu_201">
<pin_list>
<pin id="202" dir="0" index="0" bw="2048" slack="0"/>
<pin id="203" dir="0" index="1" bw="128" slack="1"/>
<pin id="204" dir="0" index="2" bw="128" slack="2"/>
<pin id="205" dir="0" index="3" bw="128" slack="3"/>
<pin id="206" dir="0" index="4" bw="128" slack="4"/>
<pin id="207" dir="0" index="5" bw="128" slack="5"/>
<pin id="208" dir="0" index="6" bw="128" slack="6"/>
<pin id="209" dir="0" index="7" bw="128" slack="7"/>
<pin id="210" dir="0" index="8" bw="128" slack="8"/>
<pin id="211" dir="0" index="9" bw="128" slack="9"/>
<pin id="212" dir="0" index="10" bw="128" slack="10"/>
<pin id="213" dir="0" index="11" bw="128" slack="11"/>
<pin id="214" dir="0" index="12" bw="128" slack="12"/>
<pin id="215" dir="0" index="13" bw="128" slack="13"/>
<pin id="216" dir="0" index="14" bw="128" slack="14"/>
<pin id="217" dir="0" index="15" bw="128" slack="15"/>
<pin id="218" dir="0" index="16" bw="128" slack="16"/>
<pin id="219" dir="1" index="17" bw="2048" slack="0"/>
</pin_list>
<bind>
<opcode="bitconcatenate(1004) " fcode="bitconcatenate"/>
<opset="tmp_s/26 "/>
</bind>
</comp>

<comp id="222" class="1004" name="shl_ln_fu_222">
<pin_list>
<pin id="223" dir="0" index="0" bw="10" slack="0"/>
<pin id="224" dir="0" index="1" bw="6" slack="2"/>
<pin id="225" dir="0" index="2" bw="1" slack="0"/>
<pin id="226" dir="1" index="3" bw="10" slack="0"/>
</pin_list>
<bind>
<opcode="bitconcatenate(1004) " fcode="bitconcatenate"/>
<opset="shl_ln/27 "/>
</bind>
</comp>

<comp id="229" class="1004" name="zext_ln85_fu_229">
<pin_list>
<pin id="230" dir="0" index="0" bw="10" slack="0"/>
<pin id="231" dir="1" index="1" bw="21" slack="0"/>
</pin_list>
<bind>
<opcode="zext(34) " fcode="zext"/>
<opset="zext_ln85/27 "/>
</bind>
</comp>

<comp id="233" class="1004" name="add_ln85_fu_233">
<pin_list>
<pin id="234" dir="0" index="0" bw="10" slack="0"/>
<pin id="235" dir="0" index="1" bw="21" slack="2"/>
<pin id="236" dir="1" index="2" bw="21" slack="1"/>
</pin_list>
<bind>
<opcode="add(8) " fcode="add"/>
<opset="add_ln85/27 "/>
</bind>
</comp>

<comp id="238" class="1004" name="icmp_ln80_fu_238">
<pin_list>
<pin id="239" dir="0" index="0" bw="6" slack="0"/>
<pin id="240" dir="0" index="1" bw="6" slack="3"/>
<pin id="241" dir="1" index="2" bw="1" slack="1"/>
</pin_list>
<bind>
<opcode="icmp(45) " fcode="icmp"/>
<opset="icmp_ln80/28 "/>
</bind>
</comp>

<comp id="243" class="1004" name="i_2_fu_243">
<pin_list>
<pin id="244" dir="0" index="0" bw="6" slack="0"/>
<pin id="245" dir="0" index="1" bw="1" slack="0"/>
<pin id="246" dir="1" index="2" bw="6" slack="0"/>
</pin_list>
<bind>
<opcode="add(8) " fcode="add"/>
<opset="i_2/28 "/>
</bind>
</comp>

<comp id="249" class="1004" name="trunc_ln85_fu_249">
<pin_list>
<pin id="250" dir="0" index="0" bw="6" slack="0"/>
<pin id="251" dir="1" index="1" bw="5" slack="0"/>
</pin_list>
<bind>
<opcode="trunc(33) " fcode="trunc"/>
<opset="trunc_ln85/28 "/>
</bind>
</comp>

<comp id="253" class="1004" name="shl_ln85_1_fu_253">
<pin_list>
<pin id="254" dir="0" index="0" bw="9" slack="0"/>
<pin id="255" dir="0" index="1" bw="5" slack="0"/>
<pin id="256" dir="0" index="2" bw="1" slack="0"/>
<pin id="257" dir="1" index="3" bw="9" slack="0"/>
</pin_list>
<bind>
<opcode="bitconcatenate(1004) " fcode="bitconcatenate"/>
<opset="shl_ln85_1/28 "/>
</bind>
</comp>

<comp id="261" class="1004" name="zext_ln90_1_fu_261">
<pin_list>
<pin id="262" dir="0" index="0" bw="9" slack="0"/>
<pin id="263" dir="1" index="1" bw="21" slack="0"/>
</pin_list>
<bind>
<opcode="zext(34) " fcode="zext"/>
<opset="zext_ln90_1/28 "/>
</bind>
</comp>

<comp id="265" class="1004" name="add_ln85_1_fu_265">
<pin_list>
<pin id="266" dir="0" index="0" bw="9" slack="0"/>
<pin id="267" dir="0" index="1" bw="21" slack="1"/>
<pin id="268" dir="1" index="2" bw="21" slack="1"/>
</pin_list>
<bind>
<opcode="add(8) " fcode="add"/>
<opset="add_ln85_1/28 "/>
</bind>
</comp>

<comp id="270" class="1004" name="zext_ln85_1_fu_270">
<pin_list>
<pin id="271" dir="0" index="0" bw="21" slack="1"/>
<pin id="272" dir="1" index="1" bw="64" slack="0"/>
</pin_list>
<bind>
<opcode="zext(34) " fcode="zext"/>
<opset="zext_ln85_1/29 "/>
</bind>
</comp>

<comp id="273" class="1004" name="ddr_V_addr_1_fu_273">
<pin_list>
<pin id="274" dir="0" index="0" bw="128" slack="0"/>
<pin id="275" dir="0" index="1" bw="21" slack="0"/>
<pin id="276" dir="1" index="2" bw="128" slack="0"/>
</pin_list>
<bind>
<opcode="getelementptr(29) " fcode="getelementptr"/>
<opset="ddr_V_addr_1/29 "/>
</bind>
</comp>

<comp id="280" class="1004" name="zext_ln90_fu_280">
<pin_list>
<pin id="281" dir="0" index="0" bw="6" slack="24"/>
<pin id="282" dir="1" index="1" bw="64" slack="0"/>
</pin_list>
<bind>
<opcode="zext(34) " fcode="zext"/>
<opset="zext_ln90/52 "/>
</bind>
</comp>

<comp id="285" class="1004" name="tmp_374_fu_285">
<pin_list>
<pin id="286" dir="0" index="0" bw="2048" slack="0"/>
<pin id="287" dir="0" index="1" bw="128" slack="1"/>
<pin id="288" dir="0" index="2" bw="128" slack="2"/>
<pin id="289" dir="0" index="3" bw="128" slack="3"/>
<pin id="290" dir="0" index="4" bw="128" slack="4"/>
<pin id="291" dir="0" index="5" bw="128" slack="5"/>
<pin id="292" dir="0" index="6" bw="128" slack="6"/>
<pin id="293" dir="0" index="7" bw="128" slack="7"/>
<pin id="294" dir="0" index="8" bw="128" slack="8"/>
<pin id="295" dir="0" index="9" bw="128" slack="9"/>
<pin id="296" dir="0" index="10" bw="128" slack="10"/>
<pin id="297" dir="0" index="11" bw="128" slack="11"/>
<pin id="298" dir="0" index="12" bw="128" slack="12"/>
<pin id="299" dir="0" index="13" bw="128" slack="13"/>
<pin id="300" dir="0" index="14" bw="128" slack="14"/>
<pin id="301" dir="0" index="15" bw="128" slack="15"/>
<pin id="302" dir="0" index="16" bw="128" slack="16"/>
<pin id="303" dir="1" index="17" bw="2048" slack="0"/>
</pin_list>
<bind>
<opcode="bitconcatenate(1004) " fcode="bitconcatenate"/>
<opset="tmp_374/52 "/>
</bind>
</comp>

<comp id="306" class="1005" name="offset_read_reg_306">
<pin_list>
<pin id="307" dir="0" index="0" bw="21" slack="1"/>
<pin id="308" dir="1" index="1" bw="21" slack="1"/>
</pin_list>
<bind>
<opset="offset_read "/>
</bind>
</comp>

<comp id="312" class="1005" name="TO_read_reg_312">
<pin_list>
<pin id="313" dir="0" index="0" bw="6" slack="1"/>
<pin id="314" dir="1" index="1" bw="6" slack="1"/>
</pin_list>
<bind>
<opset="TO_read "/>
</bind>
</comp>

<comp id="319" class="1005" name="icmp_ln65_reg_319">
<pin_list>
<pin id="320" dir="0" index="0" bw="1" slack="1"/>
<pin id="321" dir="1" index="1" bw="1" slack="2147483647"/>
</pin_list>
<bind>
<opset="icmp_ln65 "/>
</bind>
</comp>

<comp id="323" class="1005" name="i_reg_323">
<pin_list>
<pin id="324" dir="0" index="0" bw="6" slack="0"/>
<pin id="325" dir="1" index="1" bw="6" slack="0"/>
</pin_list>
<bind>
<opset="i "/>
</bind>
</comp>

<comp id="328" class="1005" name="add_ln70_reg_328">
<pin_list>
<pin id="329" dir="0" index="0" bw="21" slack="1"/>
<pin id="330" dir="1" index="1" bw="21" slack="1"/>
</pin_list>
<bind>
<opset="add_ln70 "/>
</bind>
</comp>

<comp id="333" class="1005" name="ddr_V_addr_reg_333">
<pin_list>
<pin id="334" dir="0" index="0" bw="128" slack="1"/>
<pin id="335" dir="1" index="1" bw="128" slack="1"/>
</pin_list>
<bind>
<opset="ddr_V_addr "/>
</bind>
</comp>

<comp id="339" class="1005" name="ddr_V_addr_read_reg_339">
<pin_list>
<pin id="340" dir="0" index="0" bw="128" slack="16"/>
<pin id="341" dir="1" index="1" bw="128" slack="16"/>
</pin_list>
<bind>
<opset="ddr_V_addr_read "/>
</bind>
</comp>

<comp id="344" class="1005" name="ddr_V_addr_read_128_reg_344">
<pin_list>
<pin id="345" dir="0" index="0" bw="128" slack="15"/>
<pin id="346" dir="1" index="1" bw="128" slack="15"/>
</pin_list>
<bind>
<opset="ddr_V_addr_read_128 "/>
</bind>
</comp>

<comp id="349" class="1005" name="ddr_V_addr_read_129_reg_349">
<pin_list>
<pin id="350" dir="0" index="0" bw="128" slack="14"/>
<pin id="351" dir="1" index="1" bw="128" slack="14"/>
</pin_list>
<bind>
<opset="ddr_V_addr_read_129 "/>
</bind>
</comp>

<comp id="354" class="1005" name="ddr_V_addr_read_130_reg_354">
<pin_list>
<pin id="355" dir="0" index="0" bw="128" slack="13"/>
<pin id="356" dir="1" index="1" bw="128" slack="13"/>
</pin_list>
<bind>
<opset="ddr_V_addr_read_130 "/>
</bind>
</comp>

<comp id="359" class="1005" name="ddr_V_addr_read_131_reg_359">
<pin_list>
<pin id="360" dir="0" index="0" bw="128" slack="12"/>
<pin id="361" dir="1" index="1" bw="128" slack="12"/>
</pin_list>
<bind>
<opset="ddr_V_addr_read_131 "/>
</bind>
</comp>

<comp id="364" class="1005" name="ddr_V_addr_read_132_reg_364">
<pin_list>
<pin id="365" dir="0" index="0" bw="128" slack="11"/>
<pin id="366" dir="1" index="1" bw="128" slack="11"/>
</pin_list>
<bind>
<opset="ddr_V_addr_read_132 "/>
</bind>
</comp>

<comp id="369" class="1005" name="ddr_V_addr_read_133_reg_369">
<pin_list>
<pin id="370" dir="0" index="0" bw="128" slack="10"/>
<pin id="371" dir="1" index="1" bw="128" slack="10"/>
</pin_list>
<bind>
<opset="ddr_V_addr_read_133 "/>
</bind>
</comp>

<comp id="374" class="1005" name="ddr_V_addr_read_134_reg_374">
<pin_list>
<pin id="375" dir="0" index="0" bw="128" slack="9"/>
<pin id="376" dir="1" index="1" bw="128" slack="9"/>
</pin_list>
<bind>
<opset="ddr_V_addr_read_134 "/>
</bind>
</comp>

<comp id="379" class="1005" name="ddr_V_addr_read_135_reg_379">
<pin_list>
<pin id="380" dir="0" index="0" bw="128" slack="8"/>
<pin id="381" dir="1" index="1" bw="128" slack="8"/>
</pin_list>
<bind>
<opset="ddr_V_addr_read_135 "/>
</bind>
</comp>

<comp id="384" class="1005" name="ddr_V_addr_read_136_reg_384">
<pin_list>
<pin id="385" dir="0" index="0" bw="128" slack="7"/>
<pin id="386" dir="1" index="1" bw="128" slack="7"/>
</pin_list>
<bind>
<opset="ddr_V_addr_read_136 "/>
</bind>
</comp>

<comp id="389" class="1005" name="ddr_V_addr_read_137_reg_389">
<pin_list>
<pin id="390" dir="0" index="0" bw="128" slack="6"/>
<pin id="391" dir="1" index="1" bw="128" slack="6"/>
</pin_list>
<bind>
<opset="ddr_V_addr_read_137 "/>
</bind>
</comp>

<comp id="394" class="1005" name="ddr_V_addr_read_138_reg_394">
<pin_list>
<pin id="395" dir="0" index="0" bw="128" slack="5"/>
<pin id="396" dir="1" index="1" bw="128" slack="5"/>
</pin_list>
<bind>
<opset="ddr_V_addr_read_138 "/>
</bind>
</comp>

<comp id="399" class="1005" name="ddr_V_addr_read_139_reg_399">
<pin_list>
<pin id="400" dir="0" index="0" bw="128" slack="4"/>
<pin id="401" dir="1" index="1" bw="128" slack="4"/>
</pin_list>
<bind>
<opset="ddr_V_addr_read_139 "/>
</bind>
</comp>

<comp id="404" class="1005" name="ddr_V_addr_read_140_reg_404">
<pin_list>
<pin id="405" dir="0" index="0" bw="128" slack="3"/>
<pin id="406" dir="1" index="1" bw="128" slack="3"/>
</pin_list>
<bind>
<opset="ddr_V_addr_read_140 "/>
</bind>
</comp>

<comp id="409" class="1005" name="ddr_V_addr_read_141_reg_409">
<pin_list>
<pin id="410" dir="0" index="0" bw="128" slack="2"/>
<pin id="411" dir="1" index="1" bw="128" slack="2"/>
</pin_list>
<bind>
<opset="ddr_V_addr_read_141 "/>
</bind>
</comp>

<comp id="414" class="1005" name="ddr_V_addr_read_142_reg_414">
<pin_list>
<pin id="415" dir="0" index="0" bw="128" slack="1"/>
<pin id="416" dir="1" index="1" bw="128" slack="1"/>
</pin_list>
<bind>
<opset="ddr_V_addr_read_142 "/>
</bind>
</comp>

<comp id="419" class="1005" name="add_ln85_reg_419">
<pin_list>
<pin id="420" dir="0" index="0" bw="21" slack="1"/>
<pin id="421" dir="1" index="1" bw="21" slack="1"/>
</pin_list>
<bind>
<opset="add_ln85 "/>
</bind>
</comp>

<comp id="424" class="1005" name="icmp_ln80_reg_424">
<pin_list>
<pin id="425" dir="0" index="0" bw="1" slack="1"/>
<pin id="426" dir="1" index="1" bw="1" slack="2147483647"/>
</pin_list>
<bind>
<opset="icmp_ln80 "/>
</bind>
</comp>

<comp id="428" class="1005" name="i_2_reg_428">
<pin_list>
<pin id="429" dir="0" index="0" bw="6" slack="0"/>
<pin id="430" dir="1" index="1" bw="6" slack="0"/>
</pin_list>
<bind>
<opset="i_2 "/>
</bind>
</comp>

<comp id="433" class="1005" name="add_ln85_1_reg_433">
<pin_list>
<pin id="434" dir="0" index="0" bw="21" slack="1"/>
<pin id="435" dir="1" index="1" bw="21" slack="1"/>
</pin_list>
<bind>
<opset="add_ln85_1 "/>
</bind>
</comp>

<comp id="438" class="1005" name="ddr_V_addr_1_reg_438">
<pin_list>
<pin id="439" dir="0" index="0" bw="128" slack="1"/>
<pin id="440" dir="1" index="1" bw="128" slack="1"/>
</pin_list>
<bind>
<opset="ddr_V_addr_1 "/>
</bind>
</comp>

<comp id="444" class="1005" name="ddr_V_addr_1_read_reg_444">
<pin_list>
<pin id="445" dir="0" index="0" bw="128" slack="16"/>
<pin id="446" dir="1" index="1" bw="128" slack="16"/>
</pin_list>
<bind>
<opset="ddr_V_addr_1_read "/>
</bind>
</comp>

<comp id="449" class="1005" name="ddr_V_addr_1_read_1_reg_449">
<pin_list>
<pin id="450" dir="0" index="0" bw="128" slack="15"/>
<pin id="451" dir="1" index="1" bw="128" slack="15"/>
</pin_list>
<bind>
<opset="ddr_V_addr_1_read_1 "/>
</bind>
</comp>

<comp id="454" class="1005" name="ddr_V_addr_1_read_2_reg_454">
<pin_list>
<pin id="455" dir="0" index="0" bw="128" slack="14"/>
<pin id="456" dir="1" index="1" bw="128" slack="14"/>
</pin_list>
<bind>
<opset="ddr_V_addr_1_read_2 "/>
</bind>
</comp>

<comp id="459" class="1005" name="ddr_V_addr_1_read_3_reg_459">
<pin_list>
<pin id="460" dir="0" index="0" bw="128" slack="13"/>
<pin id="461" dir="1" index="1" bw="128" slack="13"/>
</pin_list>
<bind>
<opset="ddr_V_addr_1_read_3 "/>
</bind>
</comp>

<comp id="464" class="1005" name="ddr_V_addr_1_read_4_reg_464">
<pin_list>
<pin id="465" dir="0" index="0" bw="128" slack="12"/>
<pin id="466" dir="1" index="1" bw="128" slack="12"/>
</pin_list>
<bind>
<opset="ddr_V_addr_1_read_4 "/>
</bind>
</comp>

<comp id="469" class="1005" name="ddr_V_addr_1_read_5_reg_469">
<pin_list>
<pin id="470" dir="0" index="0" bw="128" slack="11"/>
<pin id="471" dir="1" index="1" bw="128" slack="11"/>
</pin_list>
<bind>
<opset="ddr_V_addr_1_read_5 "/>
</bind>
</comp>

<comp id="474" class="1005" name="ddr_V_addr_1_read_6_reg_474">
<pin_list>
<pin id="475" dir="0" index="0" bw="128" slack="10"/>
<pin id="476" dir="1" index="1" bw="128" slack="10"/>
</pin_list>
<bind>
<opset="ddr_V_addr_1_read_6 "/>
</bind>
</comp>

<comp id="479" class="1005" name="ddr_V_addr_1_read_7_reg_479">
<pin_list>
<pin id="480" dir="0" index="0" bw="128" slack="9"/>
<pin id="481" dir="1" index="1" bw="128" slack="9"/>
</pin_list>
<bind>
<opset="ddr_V_addr_1_read_7 "/>
</bind>
</comp>

<comp id="484" class="1005" name="ddr_V_addr_1_read_8_reg_484">
<pin_list>
<pin id="485" dir="0" index="0" bw="128" slack="8"/>
<pin id="486" dir="1" index="1" bw="128" slack="8"/>
</pin_list>
<bind>
<opset="ddr_V_addr_1_read_8 "/>
</bind>
</comp>

<comp id="489" class="1005" name="ddr_V_addr_1_read_9_reg_489">
<pin_list>
<pin id="490" dir="0" index="0" bw="128" slack="7"/>
<pin id="491" dir="1" index="1" bw="128" slack="7"/>
</pin_list>
<bind>
<opset="ddr_V_addr_1_read_9 "/>
</bind>
</comp>

<comp id="494" class="1005" name="ddr_V_addr_1_read_10_reg_494">
<pin_list>
<pin id="495" dir="0" index="0" bw="128" slack="6"/>
<pin id="496" dir="1" index="1" bw="128" slack="6"/>
</pin_list>
<bind>
<opset="ddr_V_addr_1_read_10 "/>
</bind>
</comp>

<comp id="499" class="1005" name="ddr_V_addr_1_read_11_reg_499">
<pin_list>
<pin id="500" dir="0" index="0" bw="128" slack="5"/>
<pin id="501" dir="1" index="1" bw="128" slack="5"/>
</pin_list>
<bind>
<opset="ddr_V_addr_1_read_11 "/>
</bind>
</comp>

<comp id="504" class="1005" name="ddr_V_addr_1_read_12_reg_504">
<pin_list>
<pin id="505" dir="0" index="0" bw="128" slack="4"/>
<pin id="506" dir="1" index="1" bw="128" slack="4"/>
</pin_list>
<bind>
<opset="ddr_V_addr_1_read_12 "/>
</bind>
</comp>

<comp id="509" class="1005" name="ddr_V_addr_1_read_13_reg_509">
<pin_list>
<pin id="510" dir="0" index="0" bw="128" slack="3"/>
<pin id="511" dir="1" index="1" bw="128" slack="3"/>
</pin_list>
<bind>
<opset="ddr_V_addr_1_read_13 "/>
</bind>
</comp>

<comp id="514" class="1005" name="ddr_V_addr_1_read_14_reg_514">
<pin_list>
<pin id="515" dir="0" index="0" bw="128" slack="2"/>
<pin id="516" dir="1" index="1" bw="128" slack="2"/>
</pin_list>
<bind>
<opset="ddr_V_addr_1_read_14 "/>
</bind>
</comp>

<comp id="519" class="1005" name="ddr_V_addr_1_read_15_reg_519">
<pin_list>
<pin id="520" dir="0" index="0" bw="128" slack="1"/>
<pin id="521" dir="1" index="1" bw="128" slack="1"/>
</pin_list>
<bind>
<opset="ddr_V_addr_1_read_15 "/>
</bind>
</comp>

</comp_list>

<net_list>
<net id="72"><net_src comp="28" pin="0"/><net_sink comp="68" pin=0"/></net>

<net id="73"><net_src comp="8" pin="0"/><net_sink comp="68" pin=1"/></net>

<net id="78"><net_src comp="30" pin="0"/><net_sink comp="74" pin=0"/></net>

<net id="79"><net_src comp="6" pin="0"/><net_sink comp="74" pin=1"/></net>

<net id="85"><net_src comp="48" pin="0"/><net_sink comp="80" pin=0"/></net>

<net id="86"><net_src comp="26" pin="0"/><net_sink comp="80" pin=2"/></net>

<net id="91"><net_src comp="50" pin="0"/><net_sink comp="87" pin=0"/></net>

<net id="97"><net_src comp="48" pin="0"/><net_sink comp="92" pin=0"/></net>

<net id="98"><net_src comp="26" pin="0"/><net_sink comp="92" pin=2"/></net>

<net id="103"><net_src comp="50" pin="0"/><net_sink comp="99" pin=0"/></net>

<net id="109"><net_src comp="0" pin="0"/><net_sink comp="104" pin=0"/></net>

<net id="110"><net_src comp="40" pin="0"/><net_sink comp="104" pin=1"/></net>

<net id="116"><net_src comp="104" pin="3"/><net_sink comp="111" pin=0"/></net>

<net id="122"><net_src comp="2" pin="0"/><net_sink comp="117" pin=0"/></net>

<net id="123"><net_src comp="40" pin="0"/><net_sink comp="117" pin=1"/></net>

<net id="129"><net_src comp="117" pin="3"/><net_sink comp="124" pin=0"/></net>

<net id="133"><net_src comp="32" pin="0"/><net_sink comp="130" pin=0"/></net>

<net id="140"><net_src comp="130" pin="1"/><net_sink comp="134" pin=0"/></net>

<net id="141"><net_src comp="134" pin="4"/><net_sink comp="130" pin=0"/></net>

<net id="145"><net_src comp="32" pin="0"/><net_sink comp="142" pin=0"/></net>

<net id="152"><net_src comp="142" pin="1"/><net_sink comp="146" pin=2"/></net>

<net id="153"><net_src comp="146" pin="4"/><net_sink comp="142" pin=0"/></net>

<net id="158"><net_src comp="134" pin="4"/><net_sink comp="154" pin=0"/></net>

<net id="163"><net_src comp="134" pin="4"/><net_sink comp="159" pin=0"/></net>

<net id="164"><net_src comp="42" pin="0"/><net_sink comp="159" pin=1"/></net>

<net id="168"><net_src comp="134" pin="4"/><net_sink comp="165" pin=0"/></net>

<net id="174"><net_src comp="44" pin="0"/><net_sink comp="169" pin=0"/></net>

<net id="175"><net_src comp="165" pin="1"/><net_sink comp="169" pin=1"/></net>

<net id="176"><net_src comp="46" pin="0"/><net_sink comp="169" pin=2"/></net>

<net id="180"><net_src comp="169" pin="3"/><net_sink comp="177" pin=0"/></net>

<net id="185"><net_src comp="177" pin="1"/><net_sink comp="181" pin=1"/></net>

<net id="193"><net_src comp="4" pin="0"/><net_sink comp="189" pin=0"/></net>

<net id="194"><net_src comp="186" pin="1"/><net_sink comp="189" pin=1"/></net>

<net id="195"><net_src comp="189" pin="2"/><net_sink comp="80" pin=1"/></net>

<net id="199"><net_src comp="130" pin="1"/><net_sink comp="196" pin=0"/></net>

<net id="200"><net_src comp="196" pin="1"/><net_sink comp="104" pin=2"/></net>

<net id="220"><net_src comp="60" pin="0"/><net_sink comp="201" pin=0"/></net>

<net id="221"><net_src comp="201" pin="17"/><net_sink comp="111" pin=1"/></net>

<net id="227"><net_src comp="64" pin="0"/><net_sink comp="222" pin=0"/></net>

<net id="228"><net_src comp="46" pin="0"/><net_sink comp="222" pin=2"/></net>

<net id="232"><net_src comp="222" pin="3"/><net_sink comp="229" pin=0"/></net>

<net id="237"><net_src comp="229" pin="1"/><net_sink comp="233" pin=0"/></net>

<net id="242"><net_src comp="146" pin="4"/><net_sink comp="238" pin=0"/></net>

<net id="247"><net_src comp="146" pin="4"/><net_sink comp="243" pin=0"/></net>

<net id="248"><net_src comp="42" pin="0"/><net_sink comp="243" pin=1"/></net>

<net id="252"><net_src comp="146" pin="4"/><net_sink comp="249" pin=0"/></net>

<net id="258"><net_src comp="44" pin="0"/><net_sink comp="253" pin=0"/></net>

<net id="259"><net_src comp="249" pin="1"/><net_sink comp="253" pin=1"/></net>

<net id="260"><net_src comp="46" pin="0"/><net_sink comp="253" pin=2"/></net>

<net id="264"><net_src comp="253" pin="3"/><net_sink comp="261" pin=0"/></net>

<net id="269"><net_src comp="261" pin="1"/><net_sink comp="265" pin=0"/></net>

<net id="277"><net_src comp="4" pin="0"/><net_sink comp="273" pin=0"/></net>

<net id="278"><net_src comp="270" pin="1"/><net_sink comp="273" pin=1"/></net>

<net id="279"><net_src comp="273" pin="2"/><net_sink comp="92" pin=1"/></net>

<net id="283"><net_src comp="142" pin="1"/><net_sink comp="280" pin=0"/></net>

<net id="284"><net_src comp="280" pin="1"/><net_sink comp="117" pin=2"/></net>

<net id="304"><net_src comp="60" pin="0"/><net_sink comp="285" pin=0"/></net>

<net id="305"><net_src comp="285" pin="17"/><net_sink comp="124" pin=1"/></net>

<net id="309"><net_src comp="68" pin="2"/><net_sink comp="306" pin=0"/></net>

<net id="310"><net_src comp="306" pin="1"/><net_sink comp="181" pin=0"/></net>

<net id="311"><net_src comp="306" pin="1"/><net_sink comp="233" pin=1"/></net>

<net id="315"><net_src comp="74" pin="2"/><net_sink comp="312" pin=0"/></net>

<net id="316"><net_src comp="312" pin="1"/><net_sink comp="154" pin=1"/></net>

<net id="317"><net_src comp="312" pin="1"/><net_sink comp="222" pin=1"/></net>

<net id="318"><net_src comp="312" pin="1"/><net_sink comp="238" pin=1"/></net>

<net id="322"><net_src comp="154" pin="2"/><net_sink comp="319" pin=0"/></net>

<net id="326"><net_src comp="159" pin="2"/><net_sink comp="323" pin=0"/></net>

<net id="327"><net_src comp="323" pin="1"/><net_sink comp="134" pin=2"/></net>

<net id="331"><net_src comp="181" pin="2"/><net_sink comp="328" pin=0"/></net>

<net id="332"><net_src comp="328" pin="1"/><net_sink comp="186" pin=0"/></net>

<net id="336"><net_src comp="189" pin="2"/><net_sink comp="333" pin=0"/></net>

<net id="337"><net_src comp="333" pin="1"/><net_sink comp="80" pin=1"/></net>

<net id="338"><net_src comp="333" pin="1"/><net_sink comp="87" pin=1"/></net>

<net id="342"><net_src comp="87" pin="2"/><net_sink comp="339" pin=0"/></net>

<net id="343"><net_src comp="339" pin="1"/><net_sink comp="201" pin=16"/></net>

<net id="347"><net_src comp="87" pin="2"/><net_sink comp="344" pin=0"/></net>

<net id="348"><net_src comp="344" pin="1"/><net_sink comp="201" pin=15"/></net>

<net id="352"><net_src comp="87" pin="2"/><net_sink comp="349" pin=0"/></net>

<net id="353"><net_src comp="349" pin="1"/><net_sink comp="201" pin=14"/></net>

<net id="357"><net_src comp="87" pin="2"/><net_sink comp="354" pin=0"/></net>

<net id="358"><net_src comp="354" pin="1"/><net_sink comp="201" pin=13"/></net>

<net id="362"><net_src comp="87" pin="2"/><net_sink comp="359" pin=0"/></net>

<net id="363"><net_src comp="359" pin="1"/><net_sink comp="201" pin=12"/></net>

<net id="367"><net_src comp="87" pin="2"/><net_sink comp="364" pin=0"/></net>

<net id="368"><net_src comp="364" pin="1"/><net_sink comp="201" pin=11"/></net>

<net id="372"><net_src comp="87" pin="2"/><net_sink comp="369" pin=0"/></net>

<net id="373"><net_src comp="369" pin="1"/><net_sink comp="201" pin=10"/></net>

<net id="377"><net_src comp="87" pin="2"/><net_sink comp="374" pin=0"/></net>

<net id="378"><net_src comp="374" pin="1"/><net_sink comp="201" pin=9"/></net>

<net id="382"><net_src comp="87" pin="2"/><net_sink comp="379" pin=0"/></net>

<net id="383"><net_src comp="379" pin="1"/><net_sink comp="201" pin=8"/></net>

<net id="387"><net_src comp="87" pin="2"/><net_sink comp="384" pin=0"/></net>

<net id="388"><net_src comp="384" pin="1"/><net_sink comp="201" pin=7"/></net>

<net id="392"><net_src comp="87" pin="2"/><net_sink comp="389" pin=0"/></net>

<net id="393"><net_src comp="389" pin="1"/><net_sink comp="201" pin=6"/></net>

<net id="397"><net_src comp="87" pin="2"/><net_sink comp="394" pin=0"/></net>

<net id="398"><net_src comp="394" pin="1"/><net_sink comp="201" pin=5"/></net>

<net id="402"><net_src comp="87" pin="2"/><net_sink comp="399" pin=0"/></net>

<net id="403"><net_src comp="399" pin="1"/><net_sink comp="201" pin=4"/></net>

<net id="407"><net_src comp="87" pin="2"/><net_sink comp="404" pin=0"/></net>

<net id="408"><net_src comp="404" pin="1"/><net_sink comp="201" pin=3"/></net>

<net id="412"><net_src comp="87" pin="2"/><net_sink comp="409" pin=0"/></net>

<net id="413"><net_src comp="409" pin="1"/><net_sink comp="201" pin=2"/></net>

<net id="417"><net_src comp="87" pin="2"/><net_sink comp="414" pin=0"/></net>

<net id="418"><net_src comp="414" pin="1"/><net_sink comp="201" pin=1"/></net>

<net id="422"><net_src comp="233" pin="2"/><net_sink comp="419" pin=0"/></net>

<net id="423"><net_src comp="419" pin="1"/><net_sink comp="265" pin=1"/></net>

<net id="427"><net_src comp="238" pin="2"/><net_sink comp="424" pin=0"/></net>

<net id="431"><net_src comp="243" pin="2"/><net_sink comp="428" pin=0"/></net>

<net id="432"><net_src comp="428" pin="1"/><net_sink comp="146" pin=0"/></net>

<net id="436"><net_src comp="265" pin="2"/><net_sink comp="433" pin=0"/></net>

<net id="437"><net_src comp="433" pin="1"/><net_sink comp="270" pin=0"/></net>

<net id="441"><net_src comp="273" pin="2"/><net_sink comp="438" pin=0"/></net>

<net id="442"><net_src comp="438" pin="1"/><net_sink comp="92" pin=1"/></net>

<net id="443"><net_src comp="438" pin="1"/><net_sink comp="99" pin=1"/></net>

<net id="447"><net_src comp="99" pin="2"/><net_sink comp="444" pin=0"/></net>

<net id="448"><net_src comp="444" pin="1"/><net_sink comp="285" pin=16"/></net>

<net id="452"><net_src comp="99" pin="2"/><net_sink comp="449" pin=0"/></net>

<net id="453"><net_src comp="449" pin="1"/><net_sink comp="285" pin=15"/></net>

<net id="457"><net_src comp="99" pin="2"/><net_sink comp="454" pin=0"/></net>

<net id="458"><net_src comp="454" pin="1"/><net_sink comp="285" pin=14"/></net>

<net id="462"><net_src comp="99" pin="2"/><net_sink comp="459" pin=0"/></net>

<net id="463"><net_src comp="459" pin="1"/><net_sink comp="285" pin=13"/></net>

<net id="467"><net_src comp="99" pin="2"/><net_sink comp="464" pin=0"/></net>

<net id="468"><net_src comp="464" pin="1"/><net_sink comp="285" pin=12"/></net>

<net id="472"><net_src comp="99" pin="2"/><net_sink comp="469" pin=0"/></net>

<net id="473"><net_src comp="469" pin="1"/><net_sink comp="285" pin=11"/></net>

<net id="477"><net_src comp="99" pin="2"/><net_sink comp="474" pin=0"/></net>

<net id="478"><net_src comp="474" pin="1"/><net_sink comp="285" pin=10"/></net>

<net id="482"><net_src comp="99" pin="2"/><net_sink comp="479" pin=0"/></net>

<net id="483"><net_src comp="479" pin="1"/><net_sink comp="285" pin=9"/></net>

<net id="487"><net_src comp="99" pin="2"/><net_sink comp="484" pin=0"/></net>

<net id="488"><net_src comp="484" pin="1"/><net_sink comp="285" pin=8"/></net>

<net id="492"><net_src comp="99" pin="2"/><net_sink comp="489" pin=0"/></net>

<net id="493"><net_src comp="489" pin="1"/><net_sink comp="285" pin=7"/></net>

<net id="497"><net_src comp="99" pin="2"/><net_sink comp="494" pin=0"/></net>

<net id="498"><net_src comp="494" pin="1"/><net_sink comp="285" pin=6"/></net>

<net id="502"><net_src comp="99" pin="2"/><net_sink comp="499" pin=0"/></net>

<net id="503"><net_src comp="499" pin="1"/><net_sink comp="285" pin=5"/></net>

<net id="507"><net_src comp="99" pin="2"/><net_sink comp="504" pin=0"/></net>

<net id="508"><net_src comp="504" pin="1"/><net_sink comp="285" pin=4"/></net>

<net id="512"><net_src comp="99" pin="2"/><net_sink comp="509" pin=0"/></net>

<net id="513"><net_src comp="509" pin="1"/><net_sink comp="285" pin=3"/></net>

<net id="517"><net_src comp="99" pin="2"/><net_sink comp="514" pin=0"/></net>

<net id="518"><net_src comp="514" pin="1"/><net_sink comp="285" pin=2"/></net>

<net id="522"><net_src comp="99" pin="2"/><net_sink comp="519" pin=0"/></net>

<net id="523"><net_src comp="519" pin="1"/><net_sink comp="285" pin=1"/></net>

</net_list>

</model> 
---------------- Datapath Model END ------------------

* FSMD analyzer results:
  - Output states:
	Port: bias | {26 }
	Port: scale | {52 }
 - Input state : 
	Port: load_bias_scale : ddr_V | {3 4 5 6 7 8 9 10 11 12 13 14 15 16 17 18 19 20 21 22 23 24 25 29 30 31 32 33 34 35 36 37 38 39 40 41 42 43 44 45 46 47 48 49 50 51 }
	Port: load_bias_scale : TO_r | {1 }
	Port: load_bias_scale : offset | {1 }
  - Chain level:
	State 1
	State 2
		icmp_ln65 : 1
		i : 1
		br_ln65 : 2
		trunc_ln70 : 1
		shl_ln2 : 2
		zext_ln75_1 : 3
		add_ln70 : 4
	State 3
		ddr_V_addr : 1
		ddr_V_addr_req : 2
	State 4
	State 5
	State 6
	State 7
	State 8
	State 9
	State 10
	State 11
	State 12
	State 13
	State 14
	State 15
	State 16
	State 17
	State 18
	State 19
	State 20
	State 21
	State 22
	State 23
	State 24
	State 25
	State 26
		bias_addr : 1
		store_ln75 : 2
		empty : 1
	State 27
		zext_ln85 : 1
		add_ln85 : 2
	State 28
		icmp_ln80 : 1
		i_2 : 1
		br_ln80 : 2
		trunc_ln85 : 1
		shl_ln85_1 : 2
		zext_ln90_1 : 3
		add_ln85_1 : 4
	State 29
		ddr_V_addr_1 : 1
		ddr_V_addr_128_req : 2
	State 30
	State 31
	State 32
	State 33
	State 34
	State 35
	State 36
	State 37
	State 38
	State 39
	State 40
	State 41
	State 42
	State 43
	State 44
	State 45
	State 46
	State 47
	State 48
	State 49
	State 50
	State 51
	State 52
		scale_addr : 1
		store_ln90 : 2
		empty_54 : 1
	State 53


============================================================
+ Verbose Summary: Datapath Resource usage 
============================================================

* Functional unit list:
|----------|------------------------|---------|---------|
| Operation|     Functional Unit    |    FF   |   LUT   |
|----------|------------------------|---------|---------|
|          |        i_fu_159        |    0    |    15   |
|          |     add_ln70_fu_181    |    0    |    28   |
|    add   |     add_ln85_fu_233    |    0    |    28   |
|          |       i_2_fu_243       |    0    |    15   |
|          |    add_ln85_1_fu_265   |    0    |    28   |
|----------|------------------------|---------|---------|
|   icmp   |    icmp_ln65_fu_154    |    0    |    11   |
|          |    icmp_ln80_fu_238    |    0    |    11   |
|----------|------------------------|---------|---------|
|          | offset_read_read_fu_68 |    0    |    0    |
|   read   |   TO_read_read_fu_74   |    0    |    0    |
|          |     grp_read_fu_87     |    0    |    0    |
|          |     grp_read_fu_99     |    0    |    0    |
|----------|------------------------|---------|---------|
|  readreq |    grp_readreq_fu_80   |    0    |    0    |
|          |    grp_readreq_fu_92   |    0    |    0    |
|----------|------------------------|---------|---------|
|   trunc  |    trunc_ln70_fu_165   |    0    |    0    |
|          |    trunc_ln85_fu_249   |    0    |    0    |
|----------|------------------------|---------|---------|
|          |     shl_ln2_fu_169     |    0    |    0    |
|          |      tmp_s_fu_201      |    0    |    0    |
|bitconcatenate|      shl_ln_fu_222     |    0    |    0    |
|          |    shl_ln85_1_fu_253   |    0    |    0    |
|          |     tmp_374_fu_285     |    0    |    0    |
|----------|------------------------|---------|---------|
|          |   zext_ln75_1_fu_177   |    0    |    0    |
|          |    zext_ln70_fu_186    |    0    |    0    |
|          |    zext_ln75_fu_196    |    0    |    0    |
|   zext   |    zext_ln85_fu_229    |    0    |    0    |
|          |   zext_ln90_1_fu_261   |    0    |    0    |
|          |   zext_ln85_1_fu_270   |    0    |    0    |
|          |    zext_ln90_fu_280    |    0    |    0    |
|----------|------------------------|---------|---------|
|   Total  |                        |    0    |   136   |
|----------|------------------------|---------|---------|

Memories:
N/A

* Register list:
+----------------------------+--------+
|                            |   FF   |
+----------------------------+--------+
|       TO_read_reg_312      |    6   |
|      add_ln70_reg_328      |   21   |
|     add_ln85_1_reg_433     |   21   |
|      add_ln85_reg_419      |   21   |
|ddr_V_addr_1_read_10_reg_494|   128  |
|ddr_V_addr_1_read_11_reg_499|   128  |
|ddr_V_addr_1_read_12_reg_504|   128  |
|ddr_V_addr_1_read_13_reg_509|   128  |
|ddr_V_addr_1_read_14_reg_514|   128  |
|ddr_V_addr_1_read_15_reg_519|   128  |
| ddr_V_addr_1_read_1_reg_449|   128  |
| ddr_V_addr_1_read_2_reg_454|   128  |
| ddr_V_addr_1_read_3_reg_459|   128  |
| ddr_V_addr_1_read_4_reg_464|   128  |
| ddr_V_addr_1_read_5_reg_469|   128  |
| ddr_V_addr_1_read_6_reg_474|   128  |
| ddr_V_addr_1_read_7_reg_479|   128  |
| ddr_V_addr_1_read_8_reg_484|   128  |
| ddr_V_addr_1_read_9_reg_489|   128  |
|  ddr_V_addr_1_read_reg_444 |   128  |
|    ddr_V_addr_1_reg_438    |   128  |
| ddr_V_addr_read_128_reg_344|   128  |
| ddr_V_addr_read_129_reg_349|   128  |
| ddr_V_addr_read_130_reg_354|   128  |
| ddr_V_addr_read_131_reg_359|   128  |
| ddr_V_addr_read_132_reg_364|   128  |
| ddr_V_addr_read_133_reg_369|   128  |
| ddr_V_addr_read_134_reg_374|   128  |
| ddr_V_addr_read_135_reg_379|   128  |
| ddr_V_addr_read_136_reg_384|   128  |
| ddr_V_addr_read_137_reg_389|   128  |
| ddr_V_addr_read_138_reg_394|   128  |
| ddr_V_addr_read_139_reg_399|   128  |
| ddr_V_addr_read_140_reg_404|   128  |
| ddr_V_addr_read_141_reg_409|   128  |
| ddr_V_addr_read_142_reg_414|   128  |
|   ddr_V_addr_read_reg_339  |   128  |
|     ddr_V_addr_reg_333     |   128  |
|        i1_0_reg_142        |    6   |
|         i_0_reg_130        |    6   |
|         i_2_reg_428        |    6   |
|          i_reg_323         |    6   |
|      icmp_ln65_reg_319     |    1   |
|      icmp_ln80_reg_424     |    1   |
|     offset_read_reg_306    |   21   |
+----------------------------+--------+
|            Total           |  4468  |
+----------------------------+--------+

* Multiplexer (MUX) list: 
|-------------------|------|------|------|--------||---------||---------|
|        Comp       |  Pin | Size |  BW  | S x BW ||  Delay  ||   LUT   |
|-------------------|------|------|------|--------||---------||---------|
| grp_readreq_fu_80 |  p1  |   2  |  128 |   256  ||    9    |
| grp_readreq_fu_92 |  p1  |   2  |  128 |   256  ||    9    |
|    i_0_reg_130    |  p0  |   2  |   6  |   12   ||    9    |
|    i1_0_reg_142   |  p0  |   2  |   6  |   12   ||    9    |
|-------------------|------|------|------|--------||---------||---------|
|       Total       |      |      |      |   536  ||  2.624  ||    36   |
|-------------------|------|------|------|--------||---------||---------|



* Summary:
+-----------+--------+--------+--------+
|           |  Delay |   FF   |   LUT  |
+-----------+--------+--------+--------+
|  Function |    -   |    0   |   136  |
|   Memory  |    -   |    -   |    -   |
|Multiplexer|    2   |    -   |   36   |
|  Register |    -   |  4468  |    -   |
+-----------+--------+--------+--------+
|   Total   |    2   |  4468  |   172  |
+-----------+--------+--------+--------+
