

================================================================
== Vivado HLS Report for 'fc_load_weight'
================================================================
* Date:           Sun Jun  6 15:19:08 2021

* Version:        2019.1.3 (Build 2642998 on Wed Sep 04 10:25:22 MDT 2019)
* Project:        resnet50_3
* Solution:       solution1
* Product family: zynquplus
* Target device:  xczu19eg-ffvc1760-2-i


================================================================
== Performance Estimates
================================================================
+ Timing (ns): 
    * Summary: 
    +--------+-------+----------+------------+
    |  Clock | Target| Estimated| Uncertainty|
    +--------+-------+----------+------------+
    |ap_clk  |  10.00|     8.750|        1.25|
    +--------+-------+----------+------------+

+ Latency (clock cycles): 
    * Summary: 
    +-----+-----+-----+-----+---------+
    |  Latency  |  Interval | Pipeline|
    | min | max | min | max |   Type  |
    +-----+-----+-----+-----+---------+
    |  136|  136|  136|  136|   none  |
    +-----+-----+-----+-----+---------+

    + Detail: 
        * Instance: 
        N/A

        * Loop: 
        N/A



================================================================
== Utilization Estimates
================================================================
* Summary: 
+-----------------+---------+-------+---------+--------+-----+
|       Name      | BRAM_18K| DSP48E|    FF   |   LUT  | URAM|
+-----------------+---------+-------+---------+--------+-----+
|DSP              |        -|      -|        -|       -|    -|
|Expression       |        -|      -|        0|      33|    -|
|FIFO             |        -|      -|        -|       -|    -|
|Instance         |        -|      -|        -|       -|    -|
|Memory           |        -|      -|        -|       -|    -|
|Multiplexer      |        -|      -|        -|     823|    -|
|Register         |        -|      -|     1175|       -|    -|
+-----------------+---------+-------+---------+--------+-----+
|Total            |        0|      0|     1175|     856|    0|
+-----------------+---------+-------+---------+--------+-----+
|Available        |     1968|   1968|  1045440|  522720|  128|
+-----------------+---------+-------+---------+--------+-----+
|Utilization (%)  |        0|      0|    ~0   |   ~0   |    0|
+-----------------+---------+-------+---------+--------+-----+

+ Detail: 
    * Instance: 
    N/A

    * DSP48E: 
    N/A

    * Memory: 
    N/A

    * FIFO: 
    N/A

    * Expression: 
    +---------------------+----------+-------+---+----+------------+------------+
    |    Variable Name    | Operation| DSP48E| FF| LUT| Bitwidth P0| Bitwidth P1|
    +---------------------+----------+-------+---+----+------------+------------+
    |add_ln340_fu_301_p2  |     +    |      0|  0|  31|          24|          24|
    |ap_block_state1      |    or    |      0|  0|   2|           1|           1|
    +---------------------+----------+-------+---+----+------------+------------+
    |Total                |          |      0|  0|  33|          25|          25|
    +---------------------+----------+-------+---+----+------------+------------+

    * Multiplexer: 
    +-------------------+-----+-----------+------+-----------+
    |        Name       | LUT | Input Size| Bits | Total Bits|
    +-------------------+-----+-----------+------+-----------+
    |ap_NS_fsm          |  617|        138|     1|        138|
    |ap_done            |    9|          2|     1|          2|
    |ddr_V_blk_n_AR     |    9|          2|     1|          2|
    |ddr_V_blk_n_R      |    9|          2|     1|          2|
    |och_0_out_blk_n    |    9|          2|     1|          2|
    |weight_V_address0  |   85|         17|     4|         68|
    |weight_V_d0        |   85|         17|  1024|      17408|
    +-------------------+-----+-----------+------+-----------+
    |Total              |  823|        180|  1033|      17622|
    +-------------------+-----+-----------+------+-----------+

    * Register: 
    +-----------------+-----+----+-----+-----------+
    |       Name      |  FF | LUT| Bits| Const Bits|
    +-----------------+-----+----+-----+-----------+
    |ap_CS_fsm        |  137|   0|  137|          0|
    |ap_done_reg      |    1|   0|    1|          0|
    |lshr_ln_reg_663  |   13|   0|   20|          7|
    |reg_257          |  128|   0|  128|          0|
    |reg_261          |  128|   0|  128|          0|
    |reg_265          |  128|   0|  128|          0|
    |reg_269          |  128|   0|  128|          0|
    |reg_273          |  128|   0|  128|          0|
    |reg_277          |  128|   0|  128|          0|
    |reg_281          |  128|   0|  128|          0|
    |reg_285          |  128|   0|  128|          0|
    +-----------------+-----+----+-----+-----------+
    |Total            | 1175|   0| 1182|          7|
    +-----------------+-----+----+-----+-----------+



================================================================
== Interface
================================================================
* Summary: 
+----------------------+-----+------+------------+----------------+--------------+
|       RTL Ports      | Dir | Bits |  Protocol  |  Source Object |    C Type    |
+----------------------+-----+------+------------+----------------+--------------+
|ap_clk                |  in |     1| ap_ctrl_hs | fc_load_weight | return value |
|ap_rst                |  in |     1| ap_ctrl_hs | fc_load_weight | return value |
|ap_start              |  in |     1| ap_ctrl_hs | fc_load_weight | return value |
|ap_done               | out |     1| ap_ctrl_hs | fc_load_weight | return value |
|ap_continue           |  in |     1| ap_ctrl_hs | fc_load_weight | return value |
|ap_idle               | out |     1| ap_ctrl_hs | fc_load_weight | return value |
|ap_ready              | out |     1| ap_ctrl_hs | fc_load_weight | return value |
|weight_V_address0     | out |     4|  ap_memory |    weight_V    |     array    |
|weight_V_ce0          | out |     1|  ap_memory |    weight_V    |     array    |
|weight_V_we0          | out |     1|  ap_memory |    weight_V    |     array    |
|weight_V_d0           | out |  1024|  ap_memory |    weight_V    |     array    |
|m_axi_ddr_V_AWVALID   | out |     1|    m_axi   |      ddr_V     |    pointer   |
|m_axi_ddr_V_AWREADY   |  in |     1|    m_axi   |      ddr_V     |    pointer   |
|m_axi_ddr_V_AWADDR    | out |    32|    m_axi   |      ddr_V     |    pointer   |
|m_axi_ddr_V_AWID      | out |     1|    m_axi   |      ddr_V     |    pointer   |
|m_axi_ddr_V_AWLEN     | out |    32|    m_axi   |      ddr_V     |    pointer   |
|m_axi_ddr_V_AWSIZE    | out |     3|    m_axi   |      ddr_V     |    pointer   |
|m_axi_ddr_V_AWBURST   | out |     2|    m_axi   |      ddr_V     |    pointer   |
|m_axi_ddr_V_AWLOCK    | out |     2|    m_axi   |      ddr_V     |    pointer   |
|m_axi_ddr_V_AWCACHE   | out |     4|    m_axi   |      ddr_V     |    pointer   |
|m_axi_ddr_V_AWPROT    | out |     3|    m_axi   |      ddr_V     |    pointer   |
|m_axi_ddr_V_AWQOS     | out |     4|    m_axi   |      ddr_V     |    pointer   |
|m_axi_ddr_V_AWREGION  | out |     4|    m_axi   |      ddr_V     |    pointer   |
|m_axi_ddr_V_AWUSER    | out |     1|    m_axi   |      ddr_V     |    pointer   |
|m_axi_ddr_V_WVALID    | out |     1|    m_axi   |      ddr_V     |    pointer   |
|m_axi_ddr_V_WREADY    |  in |     1|    m_axi   |      ddr_V     |    pointer   |
|m_axi_ddr_V_WDATA     | out |   128|    m_axi   |      ddr_V     |    pointer   |
|m_axi_ddr_V_WSTRB     | out |    16|    m_axi   |      ddr_V     |    pointer   |
|m_axi_ddr_V_WLAST     | out |     1|    m_axi   |      ddr_V     |    pointer   |
|m_axi_ddr_V_WID       | out |     1|    m_axi   |      ddr_V     |    pointer   |
|m_axi_ddr_V_WUSER     | out |     1|    m_axi   |      ddr_V     |    pointer   |
|m_axi_ddr_V_ARVALID   | out |     1|    m_axi   |      ddr_V     |    pointer   |
|m_axi_ddr_V_ARREADY   |  in |     1|    m_axi   |      ddr_V     |    pointer   |
|m_axi_ddr_V_ARADDR    | out |    32|    m_axi   |      ddr_V     |    pointer   |
|m_axi_ddr_V_ARID      | out |     1|    m_axi   |      ddr_V     |    pointer   |
|m_axi_ddr_V_ARLEN     | out |    32|    m_axi   |      ddr_V     |    pointer   |
|m_axi_ddr_V_ARSIZE    | out |     3|    m_axi   |      ddr_V     |    pointer   |
|m_axi_ddr_V_ARBURST   | out |     2|    m_axi   |      ddr_V     |    pointer   |
|m_axi_ddr_V_ARLOCK    | out |     2|    m_axi   |      ddr_V     |    pointer   |
|m_axi_ddr_V_ARCACHE   | out |     4|    m_axi   |      ddr_V     |    pointer   |
|m_axi_ddr_V_ARPROT    | out |     3|    m_axi   |      ddr_V     |    pointer   |
|m_axi_ddr_V_ARQOS     | out |     4|    m_axi   |      ddr_V     |    pointer   |
|m_axi_ddr_V_ARREGION  | out |     4|    m_axi   |      ddr_V     |    pointer   |
|m_axi_ddr_V_ARUSER    | out |     1|    m_axi   |      ddr_V     |    pointer   |
|m_axi_ddr_V_RVALID    |  in |     1|    m_axi   |      ddr_V     |    pointer   |
|m_axi_ddr_V_RREADY    | out |     1|    m_axi   |      ddr_V     |    pointer   |
|m_axi_ddr_V_RDATA     |  in |   128|    m_axi   |      ddr_V     |    pointer   |
|m_axi_ddr_V_RLAST     |  in |     1|    m_axi   |      ddr_V     |    pointer   |
|m_axi_ddr_V_RID       |  in |     1|    m_axi   |      ddr_V     |    pointer   |
|m_axi_ddr_V_RUSER     |  in |     1|    m_axi   |      ddr_V     |    pointer   |
|m_axi_ddr_V_RRESP     |  in |     2|    m_axi   |      ddr_V     |    pointer   |
|m_axi_ddr_V_BVALID    |  in |     1|    m_axi   |      ddr_V     |    pointer   |
|m_axi_ddr_V_BREADY    | out |     1|    m_axi   |      ddr_V     |    pointer   |
|m_axi_ddr_V_BRESP     |  in |     2|    m_axi   |      ddr_V     |    pointer   |
|m_axi_ddr_V_BID       |  in |     1|    m_axi   |      ddr_V     |    pointer   |
|m_axi_ddr_V_BUSER     |  in |     1|    m_axi   |      ddr_V     |    pointer   |
|och_0                 |  in |    10|   ap_none  |      och_0     |    scalar    |
|och_0_out_din         | out |    10|   ap_fifo  |    och_0_out   |    pointer   |
|och_0_out_full_n      |  in |     1|   ap_fifo  |    och_0_out   |    pointer   |
|och_0_out_write       | out |     1|   ap_fifo  |    och_0_out   |    pointer   |
+----------------------+-----+------+------------+----------------+--------------+

